<?xml version="1.0" encoding="UTF-8"?>
<testsuite name="dominio.integracion.BibliotecarioCalificadorTest" tests="5" skipped="0" failures="0" errors="0" timestamp="2017-09-28T18:26:12" hostname="ANDRES-CARRASQUILLA" time="2.652">
  <properties/>
  <testcase name="prestarLibroNoDisponibleTest" classname="dominio.integracion.BibliotecarioCalificadorTest" time="2.299"/>
  <testcase name="prestarLibroConUsuarioTest" classname="dominio.integracion.BibliotecarioCalificadorTest" time="0.068"/>
  <testcase name="prestarLibroTest" classname="dominio.integracion.BibliotecarioCalificadorTest" time="0.1"/>
  <testcase name="prestarLibroConFechaEntregaTest" classname="dominio.integracion.BibliotecarioCalificadorTest" time="0.085"/>
  <testcase name="prestarLibroPalindromoTest" classname="dominio.integracion.BibliotecarioCalificadorTest" time="0.1"/>
  <system-out><![CDATA[Hibernate: drop table Libro if exists
Hibernate: drop table Prestamo if exists
Hibernate: drop sequence if exists hibernate_sequence
Hibernate: create sequence hibernate_sequence start with 1 increment by 1
Hibernate: create table Libro (id bigint not null, anio integer not null, isbn varchar(255) not null, titulo varchar(255) not null, primary key (id))
Hibernate: create table Prestamo (id bigint not null, fechaEntregaMaxima timestamp, fechaSolicitud timestamp, nombreUsuario varchar(255), ID_LIBRO bigint, primary key (id))
Hibernate: alter table Prestamo add constraint FKebssys3uu8dj3dxjok5epcvi0 foreign key (ID_LIBRO) references Libro
Hibernate: call next value for hibernate_sequence
Hibernate: insert into Libro (anio, isbn, titulo, id) values (?, ?, ?, ?)
Hibernate: select libroentit0_.id as id1_0_, libroentit0_.anio as anio2_0_, libroentit0_.isbn as isbn3_0_, libroentit0_.titulo as titulo4_0_ from Libro libroentit0_ where libroentit0_.isbn=?
Hibernate: select prestamoen0_.id as id1_1_, prestamoen0_.fechaEntregaMaxima as fechaEnt2_1_, prestamoen0_.fechaSolicitud as fechaSol3_1_, prestamoen0_.ID_LIBRO as ID_LIBRO5_1_, prestamoen0_.nombreUsuario as nombreUs4_1_ from Prestamo prestamoen0_ cross join Libro libroentit1_ where prestamoen0_.ID_LIBRO=libroentit1_.id and libroentit1_.isbn=?
Hibernate: select prestamoen0_.id as id1_1_, prestamoen0_.fechaEntregaMaxima as fechaEnt2_1_, prestamoen0_.fechaSolicitud as fechaSol3_1_, prestamoen0_.ID_LIBRO as ID_LIBRO5_1_, prestamoen0_.nombreUsuario as nombreUs4_1_ from Prestamo prestamoen0_ cross join Libro libroentit1_ where prestamoen0_.ID_LIBRO=libroentit1_.id and libroentit1_.isbn=?
Hibernate: select libroentit0_.id as id1_0_, libroentit0_.anio as anio2_0_, libroentit0_.isbn as isbn3_0_, libroentit0_.titulo as titulo4_0_ from Libro libroentit0_ where libroentit0_.isbn=?
Hibernate: call next value for hibernate_sequence
Hibernate: select libroentit0_.id as id1_0_, libroentit0_.anio as anio2_0_, libroentit0_.isbn as isbn3_0_, libroentit0_.titulo as titulo4_0_ from Libro libroentit0_ where libroentit0_.isbn=?
Hibernate: insert into Prestamo (fechaEntregaMaxima, fechaSolicitud, ID_LIBRO, nombreUsuario, id) values (?, ?, ?, ?, ?)
Hibernate: select prestamoen0_.id as id1_1_, prestamoen0_.fechaEntregaMaxima as fechaEnt2_1_, prestamoen0_.fechaSolicitud as fechaSol3_1_, prestamoen0_.ID_LIBRO as ID_LIBRO5_1_, prestamoen0_.nombreUsuario as nombreUs4_1_ from Prestamo prestamoen0_ cross join Libro libroentit1_ where prestamoen0_.ID_LIBRO=libroentit1_.id and libroentit1_.isbn=?
Hibernate: drop table Libro if exists
Hibernate: drop table Prestamo if exists
Hibernate: drop sequence if exists hibernate_sequence
Hibernate: create sequence hibernate_sequence start with 1 increment by 1
Hibernate: create table Libro (id bigint not null, anio integer not null, isbn varchar(255) not null, titulo varchar(255) not null, primary key (id))
Hibernate: create table Prestamo (id bigint not null, fechaEntregaMaxima timestamp, fechaSolicitud timestamp, nombreUsuario varchar(255), ID_LIBRO bigint, primary key (id))
Hibernate: alter table Prestamo add constraint FKebssys3uu8dj3dxjok5epcvi0 foreign key (ID_LIBRO) references Libro
Hibernate: call next value for hibernate_sequence
Hibernate: insert into Libro (anio, isbn, titulo, id) values (?, ?, ?, ?)
Hibernate: select libroentit0_.id as id1_0_, libroentit0_.anio as anio2_0_, libroentit0_.isbn as isbn3_0_, libroentit0_.titulo as titulo4_0_ from Libro libroentit0_ where libroentit0_.isbn=?
Hibernate: select prestamoen0_.id as id1_1_, prestamoen0_.fechaEntregaMaxima as fechaEnt2_1_, prestamoen0_.fechaSolicitud as fechaSol3_1_, prestamoen0_.ID_LIBRO as ID_LIBRO5_1_, prestamoen0_.nombreUsuario as nombreUs4_1_ from Prestamo prestamoen0_ cross join Libro libroentit1_ where prestamoen0_.ID_LIBRO=libroentit1_.id and libroentit1_.isbn=?
Hibernate: select prestamoen0_.id as id1_1_, prestamoen0_.fechaEntregaMaxima as fechaEnt2_1_, prestamoen0_.fechaSolicitud as fechaSol3_1_, prestamoen0_.ID_LIBRO as ID_LIBRO5_1_, prestamoen0_.nombreUsuario as nombreUs4_1_ from Prestamo prestamoen0_ cross join Libro libroentit1_ where prestamoen0_.ID_LIBRO=libroentit1_.id and libroentit1_.isbn=?
Hibernate: select libroentit0_.id as id1_0_, libroentit0_.anio as anio2_0_, libroentit0_.isbn as isbn3_0_, libroentit0_.titulo as titulo4_0_ from Libro libroentit0_ where libroentit0_.isbn=?
Hibernate: call next value for hibernate_sequence
Hibernate: insert into Prestamo (fechaEntregaMaxima, fechaSolicitud, ID_LIBRO, nombreUsuario, id) values (?, ?, ?, ?, ?)
Hibernate: select prestamoen0_.id as id1_1_, prestamoen0_.fechaEntregaMaxima as fechaEnt2_1_, prestamoen0_.fechaSolicitud as fechaSol3_1_, prestamoen0_.ID_LIBRO as ID_LIBRO5_1_, prestamoen0_.nombreUsuario as nombreUs4_1_ from Prestamo prestamoen0_ cross join Libro libroentit1_ where prestamoen0_.ID_LIBRO=libroentit1_.id and libroentit1_.isbn=?
Hibernate: select prestamoen0_.id as id1_1_, prestamoen0_.fechaEntregaMaxima as fechaEnt2_1_, prestamoen0_.fechaSolicitud as fechaSol3_1_, prestamoen0_.ID_LIBRO as ID_LIBRO5_1_, prestamoen0_.nombreUsuario as nombreUs4_1_ from Prestamo prestamoen0_ cross join Libro libroentit1_ where prestamoen0_.ID_LIBRO=libroentit1_.id and libroentit1_.isbn=?
Hibernate: select prestamoen0_.id as id1_1_, prestamoen0_.fechaEntregaMaxima as fechaEnt2_1_, prestamoen0_.fechaSolicitud as fechaSol3_1_, prestamoen0_.ID_LIBRO as ID_LIBRO5_1_, prestamoen0_.nombreUsuario as nombreUs4_1_ from Prestamo prestamoen0_ cross join Libro libroentit1_ where prestamoen0_.ID_LIBRO=libroentit1_.id and libroentit1_.isbn=?
Hibernate: drop table Libro if exists
Hibernate: drop table Prestamo if exists
Hibernate: drop sequence if exists hibernate_sequence
Hibernate: create sequence hibernate_sequence start with 1 increment by 1
Hibernate: create table Libro (id bigint not null, anio integer not null, isbn varchar(255) not null, titulo varchar(255) not null, primary key (id))
Hibernate: create table Prestamo (id bigint not null, fechaEntregaMaxima timestamp, fechaSolicitud timestamp, nombreUsuario varchar(255), ID_LIBRO bigint, primary key (id))
Hibernate: alter table Prestamo add constraint FKebssys3uu8dj3dxjok5epcvi0 foreign key (ID_LIBRO) references Libro
Hibernate: call next value for hibernate_sequence
Hibernate: insert into Libro (anio, isbn, titulo, id) values (?, ?, ?, ?)
Hibernate: select libroentit0_.id as id1_0_, libroentit0_.anio as anio2_0_, libroentit0_.isbn as isbn3_0_, libroentit0_.titulo as titulo4_0_ from Libro libroentit0_ where libroentit0_.isbn=?
Hibernate: select prestamoen0_.id as id1_1_, prestamoen0_.fechaEntregaMaxima as fechaEnt2_1_, prestamoen0_.fechaSolicitud as fechaSol3_1_, prestamoen0_.ID_LIBRO as ID_LIBRO5_1_, prestamoen0_.nombreUsuario as nombreUs4_1_ from Prestamo prestamoen0_ cross join Libro libroentit1_ where prestamoen0_.ID_LIBRO=libroentit1_.id and libroentit1_.isbn=?
Hibernate: select prestamoen0_.id as id1_1_, prestamoen0_.fechaEntregaMaxima as fechaEnt2_1_, prestamoen0_.fechaSolicitud as fechaSol3_1_, prestamoen0_.ID_LIBRO as ID_LIBRO5_1_, prestamoen0_.nombreUsuario as nombreUs4_1_ from Prestamo prestamoen0_ cross join Libro libroentit1_ where prestamoen0_.ID_LIBRO=libroentit1_.id and libroentit1_.isbn=?
Hibernate: select libroentit0_.id as id1_0_, libroentit0_.anio as anio2_0_, libroentit0_.isbn as isbn3_0_, libroentit0_.titulo as titulo4_0_ from Libro libroentit0_ where libroentit0_.isbn=?
Hibernate: call next value for hibernate_sequence
Hibernate: insert into Prestamo (fechaEntregaMaxima, fechaSolicitud, ID_LIBRO, nombreUsuario, id) values (?, ?, ?, ?, ?)
Hibernate: select prestamoen0_.id as id1_1_, prestamoen0_.fechaEntregaMaxima as fechaEnt2_1_, prestamoen0_.fechaSolicitud as fechaSol3_1_, prestamoen0_.ID_LIBRO as ID_LIBRO5_1_, prestamoen0_.nombreUsuario as nombreUs4_1_ from Prestamo prestamoen0_ cross join Libro libroentit1_ where prestamoen0_.ID_LIBRO=libroentit1_.id and libroentit1_.isbn=?
Hibernate: select prestamoen0_.id as id1_1_, prestamoen0_.fechaEntregaMaxima as fechaEnt2_1_, prestamoen0_.fechaSolicitud as fechaSol3_1_, prestamoen0_.ID_LIBRO as ID_LIBRO5_1_, prestamoen0_.nombreUsuario as nombreUs4_1_ from Prestamo prestamoen0_ cross join Libro libroentit1_ where prestamoen0_.ID_LIBRO=libroentit1_.id and libroentit1_.isbn=?
Hibernate: drop table Libro if exists
Hibernate: drop table Prestamo if exists
Hibernate: drop sequence if exists hibernate_sequence
Hibernate: create sequence hibernate_sequence start with 1 increment by 1
Hibernate: create table Libro (id bigint not null, anio integer not null, isbn varchar(255) not null, titulo varchar(255) not null, primary key (id))
Hibernate: create table Prestamo (id bigint not null, fechaEntregaMaxima timestamp, fechaSolicitud timestamp, nombreUsuario varchar(255), ID_LIBRO bigint, primary key (id))
Hibernate: alter table Prestamo add constraint FKebssys3uu8dj3dxjok5epcvi0 foreign key (ID_LIBRO) references Libro
Hibernate: call next value for hibernate_sequence
Hibernate: insert into Libro (anio, isbn, titulo, id) values (?, ?, ?, ?)
Hibernate: select libroentit0_.id as id1_0_, libroentit0_.anio as anio2_0_, libroentit0_.isbn as isbn3_0_, libroentit0_.titulo as titulo4_0_ from Libro libroentit0_ where libroentit0_.isbn=?
Hibernate: select prestamoen0_.id as id1_1_, prestamoen0_.fechaEntregaMaxima as fechaEnt2_1_, prestamoen0_.fechaSolicitud as fechaSol3_1_, prestamoen0_.ID_LIBRO as ID_LIBRO5_1_, prestamoen0_.nombreUsuario as nombreUs4_1_ from Prestamo prestamoen0_ cross join Libro libroentit1_ where prestamoen0_.ID_LIBRO=libroentit1_.id and libroentit1_.isbn=?
Hibernate: select prestamoen0_.id as id1_1_, prestamoen0_.fechaEntregaMaxima as fechaEnt2_1_, prestamoen0_.fechaSolicitud as fechaSol3_1_, prestamoen0_.ID_LIBRO as ID_LIBRO5_1_, prestamoen0_.nombreUsuario as nombreUs4_1_ from Prestamo prestamoen0_ cross join Libro libroentit1_ where prestamoen0_.ID_LIBRO=libroentit1_.id and libroentit1_.isbn=?
2483 [Test worker] INFO   Aplicacion Biblioteca, Mensaje -------------------------------------------------------  - La fecha limite de entrega es: Sat Oct 14 13:26:14 COT 2017
2483 [Test worker] INFO   Aplicacion Biblioteca, Mensaje -------------------------------------------------------  - La fecha limite de entrega es: Sat Oct 14 13:26:14 COT 2017
2483 [Test worker] INFO   Aplicacion Biblioteca, Mensaje -------------------------------------------------------  - La fecha limite de entrega es: Sat Oct 14 13:26:14 COT 2017
2483 [Test worker] DEBUG org.hibernate.event.internal.AbstractFlushingEventListener  - Processing flush-time cascades
2483 [Test worker] DEBUG org.hibernate.event.internal.AbstractFlushingEventListener  - Processing flush-time cascades
2483 [Test worker] DEBUG org.hibernate.event.internal.AbstractFlushingEventListener  - Dirty checking collections
2483 [Test worker] DEBUG org.hibernate.event.internal.AbstractFlushingEventListener  - Dirty checking collections
2483 [Test worker] DEBUG org.hibernate.event.internal.AbstractFlushingEventListener  - Flushed: 0 insertions, 0 updates, 0 deletions to 1 objects
2483 [Test worker] DEBUG org.hibernate.event.internal.AbstractFlushingEventListener  - Flushed: 0 insertions, 0 updates, 0 deletions to 1 objects
2483 [Test worker] DEBUG org.hibernate.event.internal.AbstractFlushingEventListener  - Flushed: 0 (re)creations, 0 updates, 0 removals to 0 collections
2483 [Test worker] DEBUG org.hibernate.event.internal.AbstractFlushingEventListener  - Flushed: 0 (re)creations, 0 updates, 0 removals to 0 collections
2483 [Test worker] DEBUG org.hibernate.internal.util.EntityPrinter  - Listing entities:
2483 [Test worker] DEBUG org.hibernate.internal.util.EntityPrinter  - Listing entities:
2483 [Test worker] DEBUG org.hibernate.internal.util.EntityPrinter  - persistencia.entitad.LibroEntity{isbn=58749841647, titulo=Cronica de una muerta anunciada, id=1, anio=2010}
2483 [Test worker] DEBUG org.hibernate.internal.util.EntityPrinter  - persistencia.entitad.LibroEntity{isbn=58749841647, titulo=Cronica de una muerta anunciada, id=1, anio=2010}
2483 [Test worker] DEBUG org.hibernate.SQL  - select libroentit0_.id as id1_0_, libroentit0_.anio as anio2_0_, libroentit0_.isbn as isbn3_0_, libroentit0_.titulo as titulo4_0_ from Libro libroentit0_ where libroentit0_.isbn=?
2483 [Test worker] DEBUG org.hibernate.SQL  - select libroentit0_.id as id1_0_, libroentit0_.anio as anio2_0_, libroentit0_.isbn as isbn3_0_, libroentit0_.titulo as titulo4_0_ from Libro libroentit0_ where libroentit0_.isbn=?
Hibernate: select libroentit0_.id as id1_0_, libroentit0_.anio as anio2_0_, libroentit0_.isbn as isbn3_0_, libroentit0_.titulo as titulo4_0_ from Libro libroentit0_ where libroentit0_.isbn=?
2483 [Test worker] DEBUG org.hibernate.loader.Loader  - Result set row: 0
2483 [Test worker] DEBUG org.hibernate.loader.Loader  - Result set row: 0
2483 [Test worker] DEBUG org.hibernate.loader.Loader  - Result row: EntityKey[persistencia.entitad.LibroEntity#1]
2483 [Test worker] DEBUG org.hibernate.loader.Loader  - Result row: EntityKey[persistencia.entitad.LibroEntity#1]
2483 [Test worker] DEBUG org.hibernate.SQL  - call next value for hibernate_sequence
2483 [Test worker] DEBUG org.hibernate.SQL  - call next value for hibernate_sequence
Hibernate: call next value for hibernate_sequence
2483 [Test worker] DEBUG org.hibernate.id.enhanced.SequenceStructure  - Sequence value obtained: 2
2483 [Test worker] DEBUG org.hibernate.id.enhanced.SequenceStructure  - Sequence value obtained: 2
2483 [Test worker] DEBUG org.hibernate.resource.jdbc.internal.ResourceRegistryStandardImpl  - HHH000387: ResultSet's statement was not registered
2483 [Test worker] DEBUG org.hibernate.resource.jdbc.internal.ResourceRegistryStandardImpl  - HHH000387: ResultSet's statement was not registered
2483 [Test worker] DEBUG org.hibernate.event.internal.AbstractSaveEventListener  - Generated identifier: 2, using strategy: org.hibernate.id.enhanced.SequenceStyleGenerator
2483 [Test worker] DEBUG org.hibernate.event.internal.AbstractSaveEventListener  - Generated identifier: 2, using strategy: org.hibernate.id.enhanced.SequenceStyleGenerator
2483 [Test worker] DEBUG org.hibernate.event.internal.AbstractFlushingEventListener  - Processing flush-time cascades
2483 [Test worker] DEBUG org.hibernate.event.internal.AbstractFlushingEventListener  - Processing flush-time cascades
2483 [Test worker] DEBUG org.hibernate.event.internal.AbstractFlushingEventListener  - Dirty checking collections
2483 [Test worker] DEBUG org.hibernate.event.internal.AbstractFlushingEventListener  - Dirty checking collections
2483 [Test worker] DEBUG org.hibernate.event.internal.AbstractFlushingEventListener  - Flushed: 1 insertions, 0 updates, 0 deletions to 2 objects
2483 [Test worker] DEBUG org.hibernate.event.internal.AbstractFlushingEventListener  - Flushed: 1 insertions, 0 updates, 0 deletions to 2 objects
2483 [Test worker] DEBUG org.hibernate.event.internal.AbstractFlushingEventListener  - Flushed: 0 (re)creations, 0 updates, 0 removals to 0 collections
2483 [Test worker] DEBUG org.hibernate.event.internal.AbstractFlushingEventListener  - Flushed: 0 (re)creations, 0 updates, 0 removals to 0 collections
2483 [Test worker] DEBUG org.hibernate.internal.util.EntityPrinter  - Listing entities:
2483 [Test worker] DEBUG org.hibernate.internal.util.EntityPrinter  - Listing entities:
2483 [Test worker] DEBUG org.hibernate.internal.util.EntityPrinter  - persistencia.entitad.LibroEntity{isbn=58749841647, titulo=Cronica de una muerta anunciada, id=1, anio=2010}
2483 [Test worker] DEBUG org.hibernate.internal.util.EntityPrinter  - persistencia.entitad.LibroEntity{isbn=58749841647, titulo=Cronica de una muerta anunciada, id=1, anio=2010}
2483 [Test worker] DEBUG org.hibernate.internal.util.EntityPrinter  - persistencia.entitad.PrestamoEntity{libro=persistencia.entitad.LibroEntity#1, fechaSolicitud=Thu Sep 28 13:26:14 COT 2017, fechaEntregaMaxima=Sat Oct 14 13:26:14 COT 2017, id=2, nombreUsuario=Juan}
2483 [Test worker] DEBUG org.hibernate.internal.util.EntityPrinter  - persistencia.entitad.PrestamoEntity{libro=persistencia.entitad.LibroEntity#1, fechaSolicitud=Thu Sep 28 13:26:14 COT 2017, fechaEntregaMaxima=Sat Oct 14 13:26:14 COT 2017, id=2, nombreUsuario=Juan}
2483 [Test worker] DEBUG org.hibernate.engine.spi.ActionQueue  - Changes must be flushed to space: Prestamo
2483 [Test worker] DEBUG org.hibernate.engine.spi.ActionQueue  - Changes must be flushed to space: Prestamo
2483 [Test worker] DEBUG org.hibernate.SQL  - insert into Prestamo (fechaEntregaMaxima, fechaSolicitud, ID_LIBRO, nombreUsuario, id) values (?, ?, ?, ?, ?)
2483 [Test worker] DEBUG org.hibernate.SQL  - insert into Prestamo (fechaEntregaMaxima, fechaSolicitud, ID_LIBRO, nombreUsuario, id) values (?, ?, ?, ?, ?)
Hibernate: insert into Prestamo (fechaEntregaMaxima, fechaSolicitud, ID_LIBRO, nombreUsuario, id) values (?, ?, ?, ?, ?)
2483 [Test worker] DEBUG org.hibernate.SQL  - select prestamoen0_.id as id1_1_, prestamoen0_.fechaEntregaMaxima as fechaEnt2_1_, prestamoen0_.fechaSolicitud as fechaSol3_1_, prestamoen0_.ID_LIBRO as ID_LIBRO5_1_, prestamoen0_.nombreUsuario as nombreUs4_1_ from Prestamo prestamoen0_ cross join Libro libroentit1_ where prestamoen0_.ID_LIBRO=libroentit1_.id and libroentit1_.isbn=?
2483 [Test worker] DEBUG org.hibernate.SQL  - select prestamoen0_.id as id1_1_, prestamoen0_.fechaEntregaMaxima as fechaEnt2_1_, prestamoen0_.fechaSolicitud as fechaSol3_1_, prestamoen0_.ID_LIBRO as ID_LIBRO5_1_, prestamoen0_.nombreUsuario as nombreUs4_1_ from Prestamo prestamoen0_ cross join Libro libroentit1_ where prestamoen0_.ID_LIBRO=libroentit1_.id and libroentit1_.isbn=?
Hibernate: select prestamoen0_.id as id1_1_, prestamoen0_.fechaEntregaMaxima as fechaEnt2_1_, prestamoen0_.fechaSolicitud as fechaSol3_1_, prestamoen0_.ID_LIBRO as ID_LIBRO5_1_, prestamoen0_.nombreUsuario as nombreUs4_1_ from Prestamo prestamoen0_ cross join Libro libroentit1_ where prestamoen0_.ID_LIBRO=libroentit1_.id and libroentit1_.isbn=?
2483 [Test worker] DEBUG org.hibernate.loader.Loader  - Result set row: 0
2483 [Test worker] DEBUG org.hibernate.loader.Loader  - Result set row: 0
2483 [Test worker] DEBUG org.hibernate.loader.Loader  - Result row: EntityKey[persistencia.entitad.PrestamoEntity#2]
2483 [Test worker] DEBUG org.hibernate.loader.Loader  - Result row: EntityKey[persistencia.entitad.PrestamoEntity#2]
2483 [Test worker] DEBUG org.hibernate.event.internal.AbstractFlushingEventListener  - Processing flush-time cascades
2483 [Test worker] DEBUG org.hibernate.event.internal.AbstractFlushingEventListener  - Processing flush-time cascades
2483 [Test worker] DEBUG org.hibernate.event.internal.AbstractFlushingEventListener  - Dirty checking collections
2483 [Test worker] DEBUG org.hibernate.event.internal.AbstractFlushingEventListener  - Dirty checking collections
2483 [Test worker] DEBUG org.hibernate.event.internal.AbstractFlushingEventListener  - Flushed: 0 insertions, 0 updates, 0 deletions to 2 objects
2483 [Test worker] DEBUG org.hibernate.event.internal.AbstractFlushingEventListener  - Flushed: 0 insertions, 0 updates, 0 deletions to 2 objects
2483 [Test worker] DEBUG org.hibernate.event.internal.AbstractFlushingEventListener  - Flushed: 0 (re)creations, 0 updates, 0 removals to 0 collections
2483 [Test worker] DEBUG org.hibernate.event.internal.AbstractFlushingEventListener  - Flushed: 0 (re)creations, 0 updates, 0 removals to 0 collections
2483 [Test worker] DEBUG org.hibernate.internal.util.EntityPrinter  - Listing entities:
2483 [Test worker] DEBUG org.hibernate.internal.util.EntityPrinter  - Listing entities:
2483 [Test worker] DEBUG org.hibernate.internal.util.EntityPrinter  - persistencia.entitad.LibroEntity{isbn=58749841647, titulo=Cronica de una muerta anunciada, id=1, anio=2010}
2483 [Test worker] DEBUG org.hibernate.internal.util.EntityPrinter  - persistencia.entitad.LibroEntity{isbn=58749841647, titulo=Cronica de una muerta anunciada, id=1, anio=2010}
2483 [Test worker] DEBUG org.hibernate.internal.util.EntityPrinter  - persistencia.entitad.PrestamoEntity{libro=persistencia.entitad.LibroEntity#1, fechaSolicitud=Thu Sep 28 13:26:14 COT 2017, fechaEntregaMaxima=Sat Oct 14 13:26:14 COT 2017, id=2, nombreUsuario=Juan}
2483 [Test worker] DEBUG org.hibernate.internal.util.EntityPrinter  - persistencia.entitad.PrestamoEntity{libro=persistencia.entitad.LibroEntity#1, fechaSolicitud=Thu Sep 28 13:26:14 COT 2017, fechaEntregaMaxima=Sat Oct 14 13:26:14 COT 2017, id=2, nombreUsuario=Juan}
2483 [Test worker] DEBUG org.hibernate.SQL  - select prestamoen0_.id as id1_1_, prestamoen0_.fechaEntregaMaxima as fechaEnt2_1_, prestamoen0_.fechaSolicitud as fechaSol3_1_, prestamoen0_.ID_LIBRO as ID_LIBRO5_1_, prestamoen0_.nombreUsuario as nombreUs4_1_ from Prestamo prestamoen0_ cross join Libro libroentit1_ where prestamoen0_.ID_LIBRO=libroentit1_.id and libroentit1_.isbn=?
2483 [Test worker] DEBUG org.hibernate.SQL  - select prestamoen0_.id as id1_1_, prestamoen0_.fechaEntregaMaxima as fechaEnt2_1_, prestamoen0_.fechaSolicitud as fechaSol3_1_, prestamoen0_.ID_LIBRO as ID_LIBRO5_1_, prestamoen0_.nombreUsuario as nombreUs4_1_ from Prestamo prestamoen0_ cross join Libro libroentit1_ where prestamoen0_.ID_LIBRO=libroentit1_.id and libroentit1_.isbn=?
Hibernate: select prestamoen0_.id as id1_1_, prestamoen0_.fechaEntregaMaxima as fechaEnt2_1_, prestamoen0_.fechaSolicitud as fechaSol3_1_, prestamoen0_.ID_LIBRO as ID_LIBRO5_1_, prestamoen0_.nombreUsuario as nombreUs4_1_ from Prestamo prestamoen0_ cross join Libro libroentit1_ where prestamoen0_.ID_LIBRO=libroentit1_.id and libroentit1_.isbn=?
2483 [Test worker] DEBUG org.hibernate.loader.Loader  - Result set row: 0
2483 [Test worker] DEBUG org.hibernate.loader.Loader  - Result set row: 0
2483 [Test worker] DEBUG org.hibernate.loader.Loader  - Result row: EntityKey[persistencia.entitad.PrestamoEntity#2]
2483 [Test worker] DEBUG org.hibernate.loader.Loader  - Result row: EntityKey[persistencia.entitad.PrestamoEntity#2]
2483 [Test worker] DEBUG org.hibernate.engine.transaction.internal.TransactionImpl  - committing
2483 [Test worker] DEBUG org.hibernate.engine.transaction.internal.TransactionImpl  - committing
2483 [Test worker] DEBUG org.hibernate.event.internal.AbstractFlushingEventListener  - Processing flush-time cascades
2483 [Test worker] DEBUG org.hibernate.event.internal.AbstractFlushingEventListener  - Processing flush-time cascades
2483 [Test worker] DEBUG org.hibernate.event.internal.AbstractFlushingEventListener  - Dirty checking collections
2483 [Test worker] DEBUG org.hibernate.event.internal.AbstractFlushingEventListener  - Dirty checking collections
2483 [Test worker] DEBUG org.hibernate.event.internal.AbstractFlushingEventListener  - Flushed: 0 insertions, 0 updates, 0 deletions to 2 objects
2483 [Test worker] DEBUG org.hibernate.event.internal.AbstractFlushingEventListener  - Flushed: 0 insertions, 0 updates, 0 deletions to 2 objects
2483 [Test worker] DEBUG org.hibernate.event.internal.AbstractFlushingEventListener  - Flushed: 0 (re)creations, 0 updates, 0 removals to 0 collections
2483 [Test worker] DEBUG org.hibernate.event.internal.AbstractFlushingEventListener  - Flushed: 0 (re)creations, 0 updates, 0 removals to 0 collections
2483 [Test worker] DEBUG org.hibernate.internal.util.EntityPrinter  - Listing entities:
2483 [Test worker] DEBUG org.hibernate.internal.util.EntityPrinter  - Listing entities:
2483 [Test worker] DEBUG org.hibernate.internal.util.EntityPrinter  - persistencia.entitad.LibroEntity{isbn=58749841647, titulo=Cronica de una muerta anunciada, id=1, anio=2010}
2483 [Test worker] DEBUG org.hibernate.internal.util.EntityPrinter  - persistencia.entitad.LibroEntity{isbn=58749841647, titulo=Cronica de una muerta anunciada, id=1, anio=2010}
2483 [Test worker] DEBUG org.hibernate.internal.util.EntityPrinter  - persistencia.entitad.PrestamoEntity{libro=persistencia.entitad.LibroEntity#1, fechaSolicitud=Thu Sep 28 13:26:14 COT 2017, fechaEntregaMaxima=Sat Oct 14 13:26:14 COT 2017, id=2, nombreUsuario=Juan}
2483 [Test worker] DEBUG org.hibernate.internal.util.EntityPrinter  - persistencia.entitad.PrestamoEntity{libro=persistencia.entitad.LibroEntity#1, fechaSolicitud=Thu Sep 28 13:26:14 COT 2017, fechaEntregaMaxima=Sat Oct 14 13:26:14 COT 2017, id=2, nombreUsuario=Juan}
2483 [Test worker] DEBUG org.hibernate.resource.jdbc.internal.LogicalConnectionManagedImpl  - Initiating JDBC connection release from afterTransaction
2483 [Test worker] DEBUG org.hibernate.resource.jdbc.internal.LogicalConnectionManagedImpl  - Initiating JDBC connection release from afterTransaction
2483 [Test worker] DEBUG org.hibernate.resource.jdbc.internal.LogicalConnectionManagedImpl  - Initiating JDBC connection release from afterTransaction
2483 [Test worker] DEBUG org.hibernate.resource.jdbc.internal.LogicalConnectionManagedImpl  - Initiating JDBC connection release from afterTransaction
2499 [Test worker] DEBUG org.hibernate.jpa.HibernatePersistenceProvider  - Located and parsed 1 persistence units; checking each
2499 [Test worker] DEBUG org.hibernate.jpa.HibernatePersistenceProvider  - Located and parsed 1 persistence units; checking each
2499 [Test worker] DEBUG org.hibernate.jpa.HibernatePersistenceProvider  - Checking persistence-unit [name=biblioteca-pu-test, explicit-provider=null] against incoming persistence unit name [biblioteca-pu-test]
2499 [Test worker] DEBUG org.hibernate.jpa.HibernatePersistenceProvider  - Checking persistence-unit [name=biblioteca-pu-test, explicit-provider=null] against incoming persistence unit name [biblioteca-pu-test]
2499 [Test worker] DEBUG org.hibernate.jpa.boot.spi.ProviderChecker  - No PersistenceProvider explicitly requested, assuming Hibernate
2499 [Test worker] DEBUG org.hibernate.jpa.boot.spi.ProviderChecker  - No PersistenceProvider explicitly requested, assuming Hibernate
2499 [Test worker] DEBUG org.hibernate.jpa.internal.util.LogHelper  - PersistenceUnitInfo [
	name: biblioteca-pu-test
	persistence provider classname: null
	classloader: null
	excludeUnlistedClasses: false
	JTA datasource: null
	Non JTA datasource: null
	Transaction type: RESOURCE_LOCAL
	PU root URL: file:/D:/workspaces/examen-ingreso/biblioteca/build/resources/main/
	Shared Cache Mode: null
	Validation Mode: null
	Jar files URLs []
	Managed classes names [
		persistencia.entitad.LibroEntity
		persistencia.entitad.PrestamoEntity]
	Mapping files names []
	Properties [
		javax.persistence.jdbc.driver: org.h2.Driver
		javax.persistence.jdbc.url: jdbc:h2:mem:test
		hibernate.dialect: org.hibernate.dialect.H2Dialect
		hibernate.show_sql: true
		hibernate.hbm2ddl.auto: create]
2499 [Test worker] DEBUG org.hibernate.jpa.internal.util.LogHelper  - PersistenceUnitInfo [
	name: biblioteca-pu-test
	persistence provider classname: null
	classloader: null
	excludeUnlistedClasses: false
	JTA datasource: null
	Non JTA datasource: null
	Transaction type: RESOURCE_LOCAL
	PU root URL: file:/D:/workspaces/examen-ingreso/biblioteca/build/resources/main/
	Shared Cache Mode: null
	Validation Mode: null
	Jar files URLs []
	Managed classes names [
		persistencia.entitad.LibroEntity
		persistencia.entitad.PrestamoEntity]
	Mapping files names []
	Properties [
		javax.persistence.jdbc.driver: org.h2.Driver
		javax.persistence.jdbc.url: jdbc:h2:mem:test
		hibernate.dialect: org.hibernate.dialect.H2Dialect
		hibernate.show_sql: true
		hibernate.hbm2ddl.auto: create]
2499 [Test worker] DEBUG org.hibernate.integrator.internal.IntegratorServiceImpl  - Adding Integrator [org.hibernate.cfg.beanvalidation.BeanValidationIntegrator].
2499 [Test worker] DEBUG org.hibernate.integrator.internal.IntegratorServiceImpl  - Adding Integrator [org.hibernate.cfg.beanvalidation.BeanValidationIntegrator].
2499 [Test worker] DEBUG org.hibernate.integrator.internal.IntegratorServiceImpl  - Adding Integrator [org.hibernate.secure.spi.JaccIntegrator].
2499 [Test worker] DEBUG org.hibernate.integrator.internal.IntegratorServiceImpl  - Adding Integrator [org.hibernate.secure.spi.JaccIntegrator].
2499 [Test worker] DEBUG org.hibernate.integrator.internal.IntegratorServiceImpl  - Adding Integrator [org.hibernate.cache.internal.CollectionCacheInvalidator].
2499 [Test worker] DEBUG org.hibernate.integrator.internal.IntegratorServiceImpl  - Adding Integrator [org.hibernate.cache.internal.CollectionCacheInvalidator].
2499 [Test worker] DEBUG org.hibernate.integrator.internal.IntegratorServiceImpl  - Adding Integrator [org.hibernate.jpa.event.spi.JpaIntegrator].
2499 [Test worker] DEBUG org.hibernate.integrator.internal.IntegratorServiceImpl  - Adding Integrator [org.hibernate.jpa.event.spi.JpaIntegrator].
2499 [Test worker] DEBUG org.hibernate.service.spi.ServiceBinding  - Overriding existing service binding [org.hibernate.secure.spi.JaccService]
2499 [Test worker] DEBUG org.hibernate.service.spi.ServiceBinding  - Overriding existing service binding [org.hibernate.secure.spi.JaccService]
2499 [Test worker] DEBUG org.hibernate.cache.internal.RegionFactoryInitiator  - Cache region factory : org.hibernate.cache.internal.NoCachingRegionFactory
2499 [Test worker] DEBUG org.hibernate.cache.internal.RegionFactoryInitiator  - Cache region factory : org.hibernate.cache.internal.NoCachingRegionFactory
2499 [Test worker] DEBUG org.hibernate.type.BasicTypeRegistry  - Adding type registration boolean -> org.hibernate.type.BooleanType@456aeb76
2499 [Test worker] DEBUG org.hibernate.type.BasicTypeRegistry  - Adding type registration boolean -> org.hibernate.type.BooleanType@456aeb76
2499 [Test worker] DEBUG org.hibernate.type.BasicTypeRegistry  - Adding type registration boolean -> org.hibernate.type.BooleanType@456aeb76
2499 [Test worker] DEBUG org.hibernate.type.BasicTypeRegistry  - Adding type registration boolean -> org.hibernate.type.BooleanType@456aeb76
2499 [Test worker] DEBUG org.hibernate.type.BasicTypeRegistry  - Adding type registration java.lang.Boolean -> org.hibernate.type.BooleanType@456aeb76
2499 [Test worker] DEBUG org.hibernate.type.BasicTypeRegistry  - Adding type registration java.lang.Boolean -> org.hibernate.type.BooleanType@456aeb76
2499 [Test worker] DEBUG org.hibernate.type.BasicTypeRegistry  - Adding type registration numeric_boolean -> org.hibernate.type.NumericBooleanType@76c720bc
2499 [Test worker] DEBUG org.hibernate.type.BasicTypeRegistry  - Adding type registration numeric_boolean -> org.hibernate.type.NumericBooleanType@76c720bc
2499 [Test worker] DEBUG org.hibernate.type.BasicTypeRegistry  - Adding type registration true_false -> org.hibernate.type.TrueFalseType@6fa76fb6
2499 [Test worker] DEBUG org.hibernate.type.BasicTypeRegistry  - Adding type registration true_false -> org.hibernate.type.TrueFalseType@6fa76fb6
2499 [Test worker] DEBUG org.hibernate.type.BasicTypeRegistry  - Adding type registration yes_no -> org.hibernate.type.YesNoType@9643d0b
2499 [Test worker] DEBUG org.hibernate.type.BasicTypeRegistry  - Adding type registration yes_no -> org.hibernate.type.YesNoType@9643d0b
2499 [Test worker] DEBUG org.hibernate.type.BasicTypeRegistry  - Adding type registration byte -> org.hibernate.type.ByteType@3e554396
2499 [Test worker] DEBUG org.hibernate.type.BasicTypeRegistry  - Adding type registration byte -> org.hibernate.type.ByteType@3e554396
2499 [Test worker] DEBUG org.hibernate.type.BasicTypeRegistry  - Adding type registration byte -> org.hibernate.type.ByteType@3e554396
2499 [Test worker] DEBUG org.hibernate.type.BasicTypeRegistry  - Adding type registration byte -> org.hibernate.type.ByteType@3e554396
2499 [Test worker] DEBUG org.hibernate.type.BasicTypeRegistry  - Adding type registration java.lang.Byte -> org.hibernate.type.ByteType@3e554396
2499 [Test worker] DEBUG org.hibernate.type.BasicTypeRegistry  - Adding type registration java.lang.Byte -> org.hibernate.type.ByteType@3e554396
2499 [Test worker] DEBUG org.hibernate.type.BasicTypeRegistry  - Adding type registration character -> org.hibernate.type.CharacterType@4dfad284
2499 [Test worker] DEBUG org.hibernate.type.BasicTypeRegistry  - Adding type registration character -> org.hibernate.type.CharacterType@4dfad284
2499 [Test worker] DEBUG org.hibernate.type.BasicTypeRegistry  - Adding type registration char -> org.hibernate.type.CharacterType@4dfad284
2499 [Test worker] DEBUG org.hibernate.type.BasicTypeRegistry  - Adding type registration char -> org.hibernate.type.CharacterType@4dfad284
2499 [Test worker] DEBUG org.hibernate.type.BasicTypeRegistry  - Adding type registration java.lang.Character -> org.hibernate.type.CharacterType@4dfad284
2499 [Test worker] DEBUG org.hibernate.type.BasicTypeRegistry  - Adding type registration java.lang.Character -> org.hibernate.type.CharacterType@4dfad284
2499 [Test worker] DEBUG org.hibernate.type.BasicTypeRegistry  - Adding type registration short -> org.hibernate.type.ShortType@3af584ea
2499 [Test worker] DEBUG org.hibernate.type.BasicTypeRegistry  - Adding type registration short -> org.hibernate.type.ShortType@3af584ea
2499 [Test worker] DEBUG org.hibernate.type.BasicTypeRegistry  - Adding type registration short -> org.hibernate.type.ShortType@3af584ea
2499 [Test worker] DEBUG org.hibernate.type.BasicTypeRegistry  - Adding type registration short -> org.hibernate.type.ShortType@3af584ea
2499 [Test worker] DEBUG org.hibernate.type.BasicTypeRegistry  - Adding type registration java.lang.Short -> org.hibernate.type.ShortType@3af584ea
2499 [Test worker] DEBUG org.hibernate.type.BasicTypeRegistry  - Adding type registration java.lang.Short -> org.hibernate.type.ShortType@3af584ea
2499 [Test worker] DEBUG org.hibernate.type.BasicTypeRegistry  - Adding type registration integer -> org.hibernate.type.IntegerType@67078018
2499 [Test worker] DEBUG org.hibernate.type.BasicTypeRegistry  - Adding type registration integer -> org.hibernate.type.IntegerType@67078018
2499 [Test worker] DEBUG org.hibernate.type.BasicTypeRegistry  - Adding type registration int -> org.hibernate.type.IntegerType@67078018
2499 [Test worker] DEBUG org.hibernate.type.BasicTypeRegistry  - Adding type registration int -> org.hibernate.type.IntegerType@67078018
2499 [Test worker] DEBUG org.hibernate.type.BasicTypeRegistry  - Adding type registration java.lang.Integer -> org.hibernate.type.IntegerType@67078018
2499 [Test worker] DEBUG org.hibernate.type.BasicTypeRegistry  - Adding type registration java.lang.Integer -> org.hibernate.type.IntegerType@67078018
2499 [Test worker] DEBUG org.hibernate.type.BasicTypeRegistry  - Adding type registration long -> org.hibernate.type.LongType@7f6f9fb7
2499 [Test worker] DEBUG org.hibernate.type.BasicTypeRegistry  - Adding type registration long -> org.hibernate.type.LongType@7f6f9fb7
2499 [Test worker] DEBUG org.hibernate.type.BasicTypeRegistry  - Adding type registration long -> org.hibernate.type.LongType@7f6f9fb7
2499 [Test worker] DEBUG org.hibernate.type.BasicTypeRegistry  - Adding type registration long -> org.hibernate.type.LongType@7f6f9fb7
2499 [Test worker] DEBUG org.hibernate.type.BasicTypeRegistry  - Adding type registration java.lang.Long -> org.hibernate.type.LongType@7f6f9fb7
2499 [Test worker] DEBUG org.hibernate.type.BasicTypeRegistry  - Adding type registration java.lang.Long -> org.hibernate.type.LongType@7f6f9fb7
2499 [Test worker] DEBUG org.hibernate.type.BasicTypeRegistry  - Adding type registration float -> org.hibernate.type.FloatType@3b62dafd
2499 [Test worker] DEBUG org.hibernate.type.BasicTypeRegistry  - Adding type registration float -> org.hibernate.type.FloatType@3b62dafd
2499 [Test worker] DEBUG org.hibernate.type.BasicTypeRegistry  - Adding type registration float -> org.hibernate.type.FloatType@3b62dafd
2499 [Test worker] DEBUG org.hibernate.type.BasicTypeRegistry  - Adding type registration float -> org.hibernate.type.FloatType@3b62dafd
2499 [Test worker] DEBUG org.hibernate.type.BasicTypeRegistry  - Adding type registration java.lang.Float -> org.hibernate.type.FloatType@3b62dafd
2499 [Test worker] DEBUG org.hibernate.type.BasicTypeRegistry  - Adding type registration java.lang.Float -> org.hibernate.type.FloatType@3b62dafd
2499 [Test worker] DEBUG org.hibernate.type.BasicTypeRegistry  - Adding type registration double -> org.hibernate.type.DoubleType@1618558b
2499 [Test worker] DEBUG org.hibernate.type.BasicTypeRegistry  - Adding type registration double -> org.hibernate.type.DoubleType@1618558b
2499 [Test worker] DEBUG org.hibernate.type.BasicTypeRegistry  - Adding type registration double -> org.hibernate.type.DoubleType@1618558b
2499 [Test worker] DEBUG org.hibernate.type.BasicTypeRegistry  - Adding type registration double -> org.hibernate.type.DoubleType@1618558b
2499 [Test worker] DEBUG org.hibernate.type.BasicTypeRegistry  - Adding type registration java.lang.Double -> org.hibernate.type.DoubleType@1618558b
2499 [Test worker] DEBUG org.hibernate.type.BasicTypeRegistry  - Adding type registration java.lang.Double -> org.hibernate.type.DoubleType@1618558b
2499 [Test worker] DEBUG org.hibernate.type.BasicTypeRegistry  - Adding type registration big_decimal -> org.hibernate.type.BigDecimalType@433f50e5
2499 [Test worker] DEBUG org.hibernate.type.BasicTypeRegistry  - Adding type registration big_decimal -> org.hibernate.type.BigDecimalType@433f50e5
2499 [Test worker] DEBUG org.hibernate.type.BasicTypeRegistry  - Adding type registration java.math.BigDecimal -> org.hibernate.type.BigDecimalType@433f50e5
2499 [Test worker] DEBUG org.hibernate.type.BasicTypeRegistry  - Adding type registration java.math.BigDecimal -> org.hibernate.type.BigDecimalType@433f50e5
2499 [Test worker] DEBUG org.hibernate.type.BasicTypeRegistry  - Adding type registration big_integer -> org.hibernate.type.BigIntegerType@5830a479
2499 [Test worker] DEBUG org.hibernate.type.BasicTypeRegistry  - Adding type registration big_integer -> org.hibernate.type.BigIntegerType@5830a479
2499 [Test worker] DEBUG org.hibernate.type.BasicTypeRegistry  - Adding type registration java.math.BigInteger -> org.hibernate.type.BigIntegerType@5830a479
2499 [Test worker] DEBUG org.hibernate.type.BasicTypeRegistry  - Adding type registration java.math.BigInteger -> org.hibernate.type.BigIntegerType@5830a479
2499 [Test worker] DEBUG org.hibernate.type.BasicTypeRegistry  - Adding type registration string -> org.hibernate.type.StringType@2add3982
2499 [Test worker] DEBUG org.hibernate.type.BasicTypeRegistry  - Adding type registration string -> org.hibernate.type.StringType@2add3982
2499 [Test worker] DEBUG org.hibernate.type.BasicTypeRegistry  - Adding type registration java.lang.String -> org.hibernate.type.StringType@2add3982
2499 [Test worker] DEBUG org.hibernate.type.BasicTypeRegistry  - Adding type registration java.lang.String -> org.hibernate.type.StringType@2add3982
2499 [Test worker] DEBUG org.hibernate.type.BasicTypeRegistry  - Adding type registration nstring -> org.hibernate.type.StringNVarcharType@12d6b75e
2499 [Test worker] DEBUG org.hibernate.type.BasicTypeRegistry  - Adding type registration nstring -> org.hibernate.type.StringNVarcharType@12d6b75e
2499 [Test worker] DEBUG org.hibernate.type.BasicTypeRegistry  - Adding type registration ncharacter -> org.hibernate.type.CharacterNCharType@2e8d5530
2499 [Test worker] DEBUG org.hibernate.type.BasicTypeRegistry  - Adding type registration ncharacter -> org.hibernate.type.CharacterNCharType@2e8d5530
2499 [Test worker] DEBUG org.hibernate.type.BasicTypeRegistry  - Adding type registration url -> org.hibernate.type.UrlType@7ad7ed94
2499 [Test worker] DEBUG org.hibernate.type.BasicTypeRegistry  - Adding type registration url -> org.hibernate.type.UrlType@7ad7ed94
2499 [Test worker] DEBUG org.hibernate.type.BasicTypeRegistry  - Adding type registration java.net.URL -> org.hibernate.type.UrlType@7ad7ed94
2499 [Test worker] DEBUG org.hibernate.type.BasicTypeRegistry  - Adding type registration java.net.URL -> org.hibernate.type.UrlType@7ad7ed94
2499 [Test worker] DEBUG org.hibernate.type.BasicTypeRegistry  - Adding type registration Duration -> org.hibernate.type.DurationType@27cf5d61
2499 [Test worker] DEBUG org.hibernate.type.BasicTypeRegistry  - Adding type registration Duration -> org.hibernate.type.DurationType@27cf5d61
2499 [Test worker] DEBUG org.hibernate.type.BasicTypeRegistry  - Adding type registration java.time.Duration -> org.hibernate.type.DurationType@27cf5d61
2499 [Test worker] DEBUG org.hibernate.type.BasicTypeRegistry  - Adding type registration java.time.Duration -> org.hibernate.type.DurationType@27cf5d61
2499 [Test worker] DEBUG org.hibernate.type.BasicTypeRegistry  - Adding type registration Instant -> org.hibernate.type.InstantType@30b40760
2499 [Test worker] DEBUG org.hibernate.type.BasicTypeRegistry  - Adding type registration Instant -> org.hibernate.type.InstantType@30b40760
2499 [Test worker] DEBUG org.hibernate.type.BasicTypeRegistry  - Adding type registration java.time.Instant -> org.hibernate.type.InstantType@30b40760
2499 [Test worker] DEBUG org.hibernate.type.BasicTypeRegistry  - Adding type registration java.time.Instant -> org.hibernate.type.InstantType@30b40760
2499 [Test worker] DEBUG org.hibernate.type.BasicTypeRegistry  - Adding type registration LocalDateTime -> org.hibernate.type.LocalDateTimeType@4d604d76
2499 [Test worker] DEBUG org.hibernate.type.BasicTypeRegistry  - Adding type registration LocalDateTime -> org.hibernate.type.LocalDateTimeType@4d604d76
2499 [Test worker] DEBUG org.hibernate.type.BasicTypeRegistry  - Adding type registration java.time.LocalDateTime -> org.hibernate.type.LocalDateTimeType@4d604d76
2499 [Test worker] DEBUG org.hibernate.type.BasicTypeRegistry  - Adding type registration java.time.LocalDateTime -> org.hibernate.type.LocalDateTimeType@4d604d76
2499 [Test worker] DEBUG org.hibernate.type.BasicTypeRegistry  - Adding type registration LocalDate -> org.hibernate.type.LocalDateType@794c6e77
2499 [Test worker] DEBUG org.hibernate.type.BasicTypeRegistry  - Adding type registration LocalDate -> org.hibernate.type.LocalDateType@794c6e77
2499 [Test worker] DEBUG org.hibernate.type.BasicTypeRegistry  - Adding type registration java.time.LocalDate -> org.hibernate.type.LocalDateType@794c6e77
2499 [Test worker] DEBUG org.hibernate.type.BasicTypeRegistry  - Adding type registration java.time.LocalDate -> org.hibernate.type.LocalDateType@794c6e77
2499 [Test worker] DEBUG org.hibernate.type.BasicTypeRegistry  - Adding type registration LocalTime -> org.hibernate.type.LocalTimeType@7416303
2499 [Test worker] DEBUG org.hibernate.type.BasicTypeRegistry  - Adding type registration LocalTime -> org.hibernate.type.LocalTimeType@7416303
2499 [Test worker] DEBUG org.hibernate.type.BasicTypeRegistry  - Adding type registration java.time.LocalTime -> org.hibernate.type.LocalTimeType@7416303
2499 [Test worker] DEBUG org.hibernate.type.BasicTypeRegistry  - Adding type registration java.time.LocalTime -> org.hibernate.type.LocalTimeType@7416303
2499 [Test worker] DEBUG org.hibernate.type.BasicTypeRegistry  - Adding type registration OffsetDateTime -> org.hibernate.type.OffsetDateTimeType@27a9c647
2499 [Test worker] DEBUG org.hibernate.type.BasicTypeRegistry  - Adding type registration OffsetDateTime -> org.hibernate.type.OffsetDateTimeType@27a9c647
2499 [Test worker] DEBUG org.hibernate.type.BasicTypeRegistry  - Adding type registration java.time.OffsetDateTime -> org.hibernate.type.OffsetDateTimeType@27a9c647
2499 [Test worker] DEBUG org.hibernate.type.BasicTypeRegistry  - Adding type registration java.time.OffsetDateTime -> org.hibernate.type.OffsetDateTimeType@27a9c647
2499 [Test worker] DEBUG org.hibernate.type.BasicTypeRegistry  - Adding type registration OffsetTime -> org.hibernate.type.OffsetTimeType@5fe95745
2499 [Test worker] DEBUG org.hibernate.type.BasicTypeRegistry  - Adding type registration OffsetTime -> org.hibernate.type.OffsetTimeType@5fe95745
2499 [Test worker] DEBUG org.hibernate.type.BasicTypeRegistry  - Adding type registration java.time.OffsetTime -> org.hibernate.type.OffsetTimeType@5fe95745
2499 [Test worker] DEBUG org.hibernate.type.BasicTypeRegistry  - Adding type registration java.time.OffsetTime -> org.hibernate.type.OffsetTimeType@5fe95745
2499 [Test worker] DEBUG org.hibernate.type.BasicTypeRegistry  - Adding type registration ZonedDateTime -> org.hibernate.type.ZonedDateTimeType@13409a17
2499 [Test worker] DEBUG org.hibernate.type.BasicTypeRegistry  - Adding type registration ZonedDateTime -> org.hibernate.type.ZonedDateTimeType@13409a17
2499 [Test worker] DEBUG org.hibernate.type.BasicTypeRegistry  - Adding type registration java.time.ZonedDateTime -> org.hibernate.type.ZonedDateTimeType@13409a17
2499 [Test worker] DEBUG org.hibernate.type.BasicTypeRegistry  - Adding type registration java.time.ZonedDateTime -> org.hibernate.type.ZonedDateTimeType@13409a17
2499 [Test worker] DEBUG org.hibernate.type.BasicTypeRegistry  - Adding type registration date -> org.hibernate.type.DateType@23ba4378
2499 [Test worker] DEBUG org.hibernate.type.BasicTypeRegistry  - Adding type registration date -> org.hibernate.type.DateType@23ba4378
2499 [Test worker] DEBUG org.hibernate.type.BasicTypeRegistry  - Adding type registration java.sql.Date -> org.hibernate.type.DateType@23ba4378
2499 [Test worker] DEBUG org.hibernate.type.BasicTypeRegistry  - Adding type registration java.sql.Date -> org.hibernate.type.DateType@23ba4378
2499 [Test worker] DEBUG org.hibernate.type.BasicTypeRegistry  - Adding type registration time -> org.hibernate.type.TimeType@7ff583e5
2499 [Test worker] DEBUG org.hibernate.type.BasicTypeRegistry  - Adding type registration time -> org.hibernate.type.TimeType@7ff583e5
2499 [Test worker] DEBUG org.hibernate.type.BasicTypeRegistry  - Adding type registration java.sql.Time -> org.hibernate.type.TimeType@7ff583e5
2499 [Test worker] DEBUG org.hibernate.type.BasicTypeRegistry  - Adding type registration java.sql.Time -> org.hibernate.type.TimeType@7ff583e5
2499 [Test worker] DEBUG org.hibernate.type.BasicTypeRegistry  - Adding type registration timestamp -> org.hibernate.type.TimestampType@6404b08b
2499 [Test worker] DEBUG org.hibernate.type.BasicTypeRegistry  - Adding type registration timestamp -> org.hibernate.type.TimestampType@6404b08b
2499 [Test worker] DEBUG org.hibernate.type.BasicTypeRegistry  - Adding type registration java.sql.Timestamp -> org.hibernate.type.TimestampType@6404b08b
2499 [Test worker] DEBUG org.hibernate.type.BasicTypeRegistry  - Adding type registration java.sql.Timestamp -> org.hibernate.type.TimestampType@6404b08b
2499 [Test worker] DEBUG org.hibernate.type.BasicTypeRegistry  - Adding type registration java.util.Date -> org.hibernate.type.TimestampType@6404b08b
2499 [Test worker] DEBUG org.hibernate.type.BasicTypeRegistry  - Adding type registration java.util.Date -> org.hibernate.type.TimestampType@6404b08b
2499 [Test worker] DEBUG org.hibernate.type.BasicTypeRegistry  - Adding type registration dbtimestamp -> org.hibernate.type.DbTimestampType@75bf61e3
2499 [Test worker] DEBUG org.hibernate.type.BasicTypeRegistry  - Adding type registration dbtimestamp -> org.hibernate.type.DbTimestampType@75bf61e3
2499 [Test worker] DEBUG org.hibernate.type.BasicTypeRegistry  - Adding type registration calendar -> org.hibernate.type.CalendarType@17b6a775
2499 [Test worker] DEBUG org.hibernate.type.BasicTypeRegistry  - Adding type registration calendar -> org.hibernate.type.CalendarType@17b6a775
2499 [Test worker] DEBUG org.hibernate.type.BasicTypeRegistry  - Adding type registration java.util.Calendar -> org.hibernate.type.CalendarType@17b6a775
2499 [Test worker] DEBUG org.hibernate.type.BasicTypeRegistry  - Adding type registration java.util.Calendar -> org.hibernate.type.CalendarType@17b6a775
2499 [Test worker] DEBUG org.hibernate.type.BasicTypeRegistry  - Adding type registration java.util.GregorianCalendar -> org.hibernate.type.CalendarType@17b6a775
2499 [Test worker] DEBUG org.hibernate.type.BasicTypeRegistry  - Adding type registration java.util.GregorianCalendar -> org.hibernate.type.CalendarType@17b6a775
2499 [Test worker] DEBUG org.hibernate.type.BasicTypeRegistry  - Adding type registration calendar_date -> org.hibernate.type.CalendarDateType@3afaa9c5
2499 [Test worker] DEBUG org.hibernate.type.BasicTypeRegistry  - Adding type registration calendar_date -> org.hibernate.type.CalendarDateType@3afaa9c5
2499 [Test worker] DEBUG org.hibernate.type.BasicTypeRegistry  - Adding type registration locale -> org.hibernate.type.LocaleType@3a37ef04
2499 [Test worker] DEBUG org.hibernate.type.BasicTypeRegistry  - Adding type registration locale -> org.hibernate.type.LocaleType@3a37ef04
2499 [Test worker] DEBUG org.hibernate.type.BasicTypeRegistry  - Adding type registration java.util.Locale -> org.hibernate.type.LocaleType@3a37ef04
2499 [Test worker] DEBUG org.hibernate.type.BasicTypeRegistry  - Adding type registration java.util.Locale -> org.hibernate.type.LocaleType@3a37ef04
2499 [Test worker] DEBUG org.hibernate.type.BasicTypeRegistry  - Adding type registration currency -> org.hibernate.type.CurrencyType@7743d16f
2499 [Test worker] DEBUG org.hibernate.type.BasicTypeRegistry  - Adding type registration currency -> org.hibernate.type.CurrencyType@7743d16f
2499 [Test worker] DEBUG org.hibernate.type.BasicTypeRegistry  - Adding type registration java.util.Currency -> org.hibernate.type.CurrencyType@7743d16f
2499 [Test worker] DEBUG org.hibernate.type.BasicTypeRegistry  - Adding type registration java.util.Currency -> org.hibernate.type.CurrencyType@7743d16f
2499 [Test worker] DEBUG org.hibernate.type.BasicTypeRegistry  - Adding type registration timezone -> org.hibernate.type.TimeZoneType@3fe82c10
2499 [Test worker] DEBUG org.hibernate.type.BasicTypeRegistry  - Adding type registration timezone -> org.hibernate.type.TimeZoneType@3fe82c10
2499 [Test worker] DEBUG org.hibernate.type.BasicTypeRegistry  - Adding type registration java.util.TimeZone -> org.hibernate.type.TimeZoneType@3fe82c10
2499 [Test worker] DEBUG org.hibernate.type.BasicTypeRegistry  - Adding type registration java.util.TimeZone -> org.hibernate.type.TimeZoneType@3fe82c10
2499 [Test worker] DEBUG org.hibernate.type.BasicTypeRegistry  - Adding type registration class -> org.hibernate.type.ClassType@1ae4bbd7
2499 [Test worker] DEBUG org.hibernate.type.BasicTypeRegistry  - Adding type registration class -> org.hibernate.type.ClassType@1ae4bbd7
2499 [Test worker] DEBUG org.hibernate.type.BasicTypeRegistry  - Adding type registration java.lang.Class -> org.hibernate.type.ClassType@1ae4bbd7
2499 [Test worker] DEBUG org.hibernate.type.BasicTypeRegistry  - Adding type registration java.lang.Class -> org.hibernate.type.ClassType@1ae4bbd7
2499 [Test worker] DEBUG org.hibernate.type.BasicTypeRegistry  - Adding type registration uuid-binary -> org.hibernate.type.UUIDBinaryType@7271e27
2499 [Test worker] DEBUG org.hibernate.type.BasicTypeRegistry  - Adding type registration uuid-binary -> org.hibernate.type.UUIDBinaryType@7271e27
2499 [Test worker] DEBUG org.hibernate.type.BasicTypeRegistry  - Adding type registration java.util.UUID -> org.hibernate.type.UUIDBinaryType@7271e27
2499 [Test worker] DEBUG org.hibernate.type.BasicTypeRegistry  - Adding type registration java.util.UUID -> org.hibernate.type.UUIDBinaryType@7271e27
2499 [Test worker] DEBUG org.hibernate.type.BasicTypeRegistry  - Adding type registration uuid-char -> org.hibernate.type.UUIDCharType@4a72b8a3
2499 [Test worker] DEBUG org.hibernate.type.BasicTypeRegistry  - Adding type registration uuid-char -> org.hibernate.type.UUIDCharType@4a72b8a3
2499 [Test worker] DEBUG org.hibernate.type.BasicTypeRegistry  - Adding type registration binary -> org.hibernate.type.BinaryType@14172b98
2499 [Test worker] DEBUG org.hibernate.type.BasicTypeRegistry  - Adding type registration binary -> org.hibernate.type.BinaryType@14172b98
2499 [Test worker] DEBUG org.hibernate.type.BasicTypeRegistry  - Adding type registration byte[] -> org.hibernate.type.BinaryType@14172b98
2499 [Test worker] DEBUG org.hibernate.type.BasicTypeRegistry  - Adding type registration byte[] -> org.hibernate.type.BinaryType@14172b98
2499 [Test worker] DEBUG org.hibernate.type.BasicTypeRegistry  - Adding type registration [B -> org.hibernate.type.BinaryType@14172b98
2499 [Test worker] DEBUG org.hibernate.type.BasicTypeRegistry  - Adding type registration [B -> org.hibernate.type.BinaryType@14172b98
2499 [Test worker] DEBUG org.hibernate.type.BasicTypeRegistry  - Adding type registration wrapper-binary -> org.hibernate.type.WrapperBinaryType@792dbec8
2499 [Test worker] DEBUG org.hibernate.type.BasicTypeRegistry  - Adding type registration wrapper-binary -> org.hibernate.type.WrapperBinaryType@792dbec8
2499 [Test worker] DEBUG org.hibernate.type.BasicTypeRegistry  - Adding type registration Byte[] -> org.hibernate.type.WrapperBinaryType@792dbec8
2499 [Test worker] DEBUG org.hibernate.type.BasicTypeRegistry  - Adding type registration Byte[] -> org.hibernate.type.WrapperBinaryType@792dbec8
2499 [Test worker] DEBUG org.hibernate.type.BasicTypeRegistry  - Adding type registration [Ljava.lang.Byte; -> org.hibernate.type.WrapperBinaryType@792dbec8
2499 [Test worker] DEBUG org.hibernate.type.BasicTypeRegistry  - Adding type registration [Ljava.lang.Byte; -> org.hibernate.type.WrapperBinaryType@792dbec8
2499 [Test worker] DEBUG org.hibernate.type.BasicTypeRegistry  - Adding type registration row_version -> org.hibernate.type.RowVersionType@7232ae76
2499 [Test worker] DEBUG org.hibernate.type.BasicTypeRegistry  - Adding type registration row_version -> org.hibernate.type.RowVersionType@7232ae76
2499 [Test worker] DEBUG org.hibernate.type.BasicTypeRegistry  - Adding type registration image -> org.hibernate.type.ImageType@5e0d13be
2499 [Test worker] DEBUG org.hibernate.type.BasicTypeRegistry  - Adding type registration image -> org.hibernate.type.ImageType@5e0d13be
2499 [Test worker] DEBUG org.hibernate.type.BasicTypeRegistry  - Adding type registration characters -> org.hibernate.type.CharArrayType@41ddcd9f
2499 [Test worker] DEBUG org.hibernate.type.BasicTypeRegistry  - Adding type registration characters -> org.hibernate.type.CharArrayType@41ddcd9f
2499 [Test worker] DEBUG org.hibernate.type.BasicTypeRegistry  - Adding type registration char[] -> org.hibernate.type.CharArrayType@41ddcd9f
2499 [Test worker] DEBUG org.hibernate.type.BasicTypeRegistry  - Adding type registration char[] -> org.hibernate.type.CharArrayType@41ddcd9f
2499 [Test worker] DEBUG org.hibernate.type.BasicTypeRegistry  - Adding type registration [C -> org.hibernate.type.CharArrayType@41ddcd9f
2499 [Test worker] DEBUG org.hibernate.type.BasicTypeRegistry  - Adding type registration [C -> org.hibernate.type.CharArrayType@41ddcd9f
2499 [Test worker] DEBUG org.hibernate.type.BasicTypeRegistry  - Adding type registration wrapper-characters -> org.hibernate.type.CharacterArrayType@52160843
2499 [Test worker] DEBUG org.hibernate.type.BasicTypeRegistry  - Adding type registration wrapper-characters -> org.hibernate.type.CharacterArrayType@52160843
2499 [Test worker] DEBUG org.hibernate.type.BasicTypeRegistry  - Adding type registration [Ljava.lang.Character; -> org.hibernate.type.CharacterArrayType@52160843
2499 [Test worker] DEBUG org.hibernate.type.BasicTypeRegistry  - Adding type registration [Ljava.lang.Character; -> org.hibernate.type.CharacterArrayType@52160843
2514 [Test worker] DEBUG org.hibernate.type.BasicTypeRegistry  - Adding type registration Character[] -> org.hibernate.type.CharacterArrayType@52160843
2514 [Test worker] DEBUG org.hibernate.type.BasicTypeRegistry  - Adding type registration Character[] -> org.hibernate.type.CharacterArrayType@52160843
2514 [Test worker] DEBUG org.hibernate.type.BasicTypeRegistry  - Adding type registration text -> org.hibernate.type.TextType@4ee03967
2514 [Test worker] DEBUG org.hibernate.type.BasicTypeRegistry  - Adding type registration text -> org.hibernate.type.TextType@4ee03967
2514 [Test worker] DEBUG org.hibernate.type.BasicTypeRegistry  - Adding type registration ntext -> org.hibernate.type.NTextType@238a5b4c
2514 [Test worker] DEBUG org.hibernate.type.BasicTypeRegistry  - Adding type registration ntext -> org.hibernate.type.NTextType@238a5b4c
2514 [Test worker] DEBUG org.hibernate.type.BasicTypeRegistry  - Adding type registration blob -> org.hibernate.type.BlobType@1a97f884
2514 [Test worker] DEBUG org.hibernate.type.BasicTypeRegistry  - Adding type registration blob -> org.hibernate.type.BlobType@1a97f884
2514 [Test worker] DEBUG org.hibernate.type.BasicTypeRegistry  - Adding type registration java.sql.Blob -> org.hibernate.type.BlobType@1a97f884
2514 [Test worker] DEBUG org.hibernate.type.BasicTypeRegistry  - Adding type registration java.sql.Blob -> org.hibernate.type.BlobType@1a97f884
2514 [Test worker] DEBUG org.hibernate.type.BasicTypeRegistry  - Adding type registration materialized_blob -> org.hibernate.type.MaterializedBlobType@2123be33
2514 [Test worker] DEBUG org.hibernate.type.BasicTypeRegistry  - Adding type registration materialized_blob -> org.hibernate.type.MaterializedBlobType@2123be33
2514 [Test worker] DEBUG org.hibernate.type.BasicTypeRegistry  - Adding type registration clob -> org.hibernate.type.ClobType@3fee5153
2514 [Test worker] DEBUG org.hibernate.type.BasicTypeRegistry  - Adding type registration clob -> org.hibernate.type.ClobType@3fee5153
2514 [Test worker] DEBUG org.hibernate.type.BasicTypeRegistry  - Adding type registration java.sql.Clob -> org.hibernate.type.ClobType@3fee5153
2514 [Test worker] DEBUG org.hibernate.type.BasicTypeRegistry  - Adding type registration java.sql.Clob -> org.hibernate.type.ClobType@3fee5153
2514 [Test worker] DEBUG org.hibernate.type.BasicTypeRegistry  - Adding type registration nclob -> org.hibernate.type.NClobType@79004d31
2514 [Test worker] DEBUG org.hibernate.type.BasicTypeRegistry  - Adding type registration nclob -> org.hibernate.type.NClobType@79004d31
2514 [Test worker] DEBUG org.hibernate.type.BasicTypeRegistry  - Adding type registration java.sql.NClob -> org.hibernate.type.NClobType@79004d31
2514 [Test worker] DEBUG org.hibernate.type.BasicTypeRegistry  - Adding type registration java.sql.NClob -> org.hibernate.type.NClobType@79004d31
2514 [Test worker] DEBUG org.hibernate.type.BasicTypeRegistry  - Adding type registration materialized_clob -> org.hibernate.type.MaterializedClobType@bf14179
2514 [Test worker] DEBUG org.hibernate.type.BasicTypeRegistry  - Adding type registration materialized_clob -> org.hibernate.type.MaterializedClobType@bf14179
2514 [Test worker] DEBUG org.hibernate.type.BasicTypeRegistry  - Adding type registration materialized_nclob -> org.hibernate.type.MaterializedNClobType@10f180f
2514 [Test worker] DEBUG org.hibernate.type.BasicTypeRegistry  - Adding type registration materialized_nclob -> org.hibernate.type.MaterializedNClobType@10f180f
2514 [Test worker] DEBUG org.hibernate.type.BasicTypeRegistry  - Adding type registration serializable -> org.hibernate.type.SerializableType@e928185
2514 [Test worker] DEBUG org.hibernate.type.BasicTypeRegistry  - Adding type registration serializable -> org.hibernate.type.SerializableType@e928185
2514 [Test worker] DEBUG org.hibernate.type.BasicTypeRegistry  - Adding type registration object -> org.hibernate.type.ObjectType@c36c951
2514 [Test worker] DEBUG org.hibernate.type.BasicTypeRegistry  - Adding type registration object -> org.hibernate.type.ObjectType@c36c951
2514 [Test worker] DEBUG org.hibernate.type.BasicTypeRegistry  - Adding type registration java.lang.Object -> org.hibernate.type.ObjectType@c36c951
2514 [Test worker] DEBUG org.hibernate.type.BasicTypeRegistry  - Adding type registration java.lang.Object -> org.hibernate.type.ObjectType@c36c951
2514 [Test worker] DEBUG org.hibernate.type.BasicTypeRegistry  - Adding type registration imm_date -> org.hibernate.type.AdaptedImmutableType@5cb63704
2514 [Test worker] DEBUG org.hibernate.type.BasicTypeRegistry  - Adding type registration imm_date -> org.hibernate.type.AdaptedImmutableType@5cb63704
2514 [Test worker] DEBUG org.hibernate.type.BasicTypeRegistry  - Adding type registration imm_time -> org.hibernate.type.AdaptedImmutableType@d148803
2514 [Test worker] DEBUG org.hibernate.type.BasicTypeRegistry  - Adding type registration imm_time -> org.hibernate.type.AdaptedImmutableType@d148803
2514 [Test worker] DEBUG org.hibernate.type.BasicTypeRegistry  - Adding type registration imm_timestamp -> org.hibernate.type.AdaptedImmutableType@6b4b8060
2514 [Test worker] DEBUG org.hibernate.type.BasicTypeRegistry  - Adding type registration imm_timestamp -> org.hibernate.type.AdaptedImmutableType@6b4b8060
2514 [Test worker] DEBUG org.hibernate.type.BasicTypeRegistry  - Adding type registration imm_dbtimestamp -> org.hibernate.type.AdaptedImmutableType@249dc56f
2514 [Test worker] DEBUG org.hibernate.type.BasicTypeRegistry  - Adding type registration imm_dbtimestamp -> org.hibernate.type.AdaptedImmutableType@249dc56f
2514 [Test worker] DEBUG org.hibernate.type.BasicTypeRegistry  - Adding type registration imm_calendar -> org.hibernate.type.AdaptedImmutableType@497ed8ef
2514 [Test worker] DEBUG org.hibernate.type.BasicTypeRegistry  - Adding type registration imm_calendar -> org.hibernate.type.AdaptedImmutableType@497ed8ef
2514 [Test worker] DEBUG org.hibernate.type.BasicTypeRegistry  - Adding type registration imm_calendar_date -> org.hibernate.type.AdaptedImmutableType@60830553
2514 [Test worker] DEBUG org.hibernate.type.BasicTypeRegistry  - Adding type registration imm_calendar_date -> org.hibernate.type.AdaptedImmutableType@60830553
2514 [Test worker] DEBUG org.hibernate.type.BasicTypeRegistry  - Adding type registration imm_binary -> org.hibernate.type.AdaptedImmutableType@57fcc1a3
2514 [Test worker] DEBUG org.hibernate.type.BasicTypeRegistry  - Adding type registration imm_binary -> org.hibernate.type.AdaptedImmutableType@57fcc1a3
2514 [Test worker] DEBUG org.hibernate.type.BasicTypeRegistry  - Adding type registration imm_serializable -> org.hibernate.type.AdaptedImmutableType@1d80c08e
2514 [Test worker] DEBUG org.hibernate.type.BasicTypeRegistry  - Adding type registration imm_serializable -> org.hibernate.type.AdaptedImmutableType@1d80c08e
2514 [Test worker] WARN org.hibernate.orm.connections.pooling  - HHH10001002: Using Hibernate built-in connection pool (not for production use!)
2514 [Test worker] WARN org.hibernate.orm.connections.pooling  - HHH10001002: Using Hibernate built-in connection pool (not for production use!)
2514 [Test worker] INFO org.hibernate.orm.connections.pooling  - HHH10001005: using driver [org.h2.Driver] at URL [jdbc:h2:mem:test]
2514 [Test worker] INFO org.hibernate.orm.connections.pooling  - HHH10001005: using driver [org.h2.Driver] at URL [jdbc:h2:mem:test]
2514 [Test worker] INFO org.hibernate.orm.connections.pooling  - HHH10001001: Connection properties: {}
2514 [Test worker] INFO org.hibernate.orm.connections.pooling  - HHH10001001: Connection properties: {}
2514 [Test worker] INFO org.hibernate.orm.connections.pooling  - HHH10001003: Autocommit mode: false
2514 [Test worker] INFO org.hibernate.orm.connections.pooling  - HHH10001003: Autocommit mode: false
2514 [Test worker] DEBUG org.hibernate.engine.jdbc.connections.internal.DriverManagerConnectionProviderImpl  - Initializing Connection pool with 1 Connections
2514 [Test worker] DEBUG org.hibernate.engine.jdbc.connections.internal.DriverManagerConnectionProviderImpl  - Initializing Connection pool with 1 Connections
2514 [Test worker] INFO org.hibernate.engine.jdbc.connections.internal.DriverManagerConnectionProviderImpl  - HHH000115: Hibernate connection pool size: 20 (min=1)
2514 [Test worker] INFO org.hibernate.engine.jdbc.connections.internal.DriverManagerConnectionProviderImpl  - HHH000115: Hibernate connection pool size: 20 (min=1)
2514 [Test worker] DEBUG org.hibernate.engine.jdbc.env.internal.JdbcEnvironmentInitiator  - Database ->
       name : H2
    version : 1.4.194 (2017-03-10)
      major : 1
      minor : 4
2514 [Test worker] DEBUG org.hibernate.engine.jdbc.env.internal.JdbcEnvironmentInitiator  - Database ->
       name : H2
    version : 1.4.194 (2017-03-10)
      major : 1
      minor : 4
2514 [Test worker] DEBUG org.hibernate.engine.jdbc.env.internal.JdbcEnvironmentInitiator  - Driver ->
       name : H2 JDBC Driver
    version : 1.4.194 (2017-03-10)
      major : 1
      minor : 4
2514 [Test worker] DEBUG org.hibernate.engine.jdbc.env.internal.JdbcEnvironmentInitiator  - Driver ->
       name : H2 JDBC Driver
    version : 1.4.194 (2017-03-10)
      major : 1
      minor : 4
2514 [Test worker] DEBUG org.hibernate.engine.jdbc.env.internal.JdbcEnvironmentInitiator  - JDBC version : 4.0
2514 [Test worker] DEBUG org.hibernate.engine.jdbc.env.internal.JdbcEnvironmentInitiator  - JDBC version : 4.0
2514 [Test worker] INFO org.hibernate.dialect.Dialect  - HHH000400: Using dialect: org.hibernate.dialect.H2Dialect
2514 [Test worker] INFO org.hibernate.dialect.Dialect  - HHH000400: Using dialect: org.hibernate.dialect.H2Dialect
2514 [Test worker] DEBUG org.hibernate.id.factory.internal.DefaultIdentifierGeneratorFactory  - Registering IdentifierGenerator strategy [uuid2] -> [org.hibernate.id.UUIDGenerator]
2514 [Test worker] DEBUG org.hibernate.id.factory.internal.DefaultIdentifierGeneratorFactory  - Registering IdentifierGenerator strategy [uuid2] -> [org.hibernate.id.UUIDGenerator]
2514 [Test worker] DEBUG org.hibernate.id.factory.internal.DefaultIdentifierGeneratorFactory  - Registering IdentifierGenerator strategy [guid] -> [org.hibernate.id.GUIDGenerator]
2514 [Test worker] DEBUG org.hibernate.id.factory.internal.DefaultIdentifierGeneratorFactory  - Registering IdentifierGenerator strategy [guid] -> [org.hibernate.id.GUIDGenerator]
2514 [Test worker] DEBUG org.hibernate.id.factory.internal.DefaultIdentifierGeneratorFactory  - Registering IdentifierGenerator strategy [uuid] -> [org.hibernate.id.UUIDHexGenerator]
2514 [Test worker] DEBUG org.hibernate.id.factory.internal.DefaultIdentifierGeneratorFactory  - Registering IdentifierGenerator strategy [uuid] -> [org.hibernate.id.UUIDHexGenerator]
2514 [Test worker] DEBUG org.hibernate.id.factory.internal.DefaultIdentifierGeneratorFactory  - Registering IdentifierGenerator strategy [uuid.hex] -> [org.hibernate.id.UUIDHexGenerator]
2514 [Test worker] DEBUG org.hibernate.id.factory.internal.DefaultIdentifierGeneratorFactory  - Registering IdentifierGenerator strategy [uuid.hex] -> [org.hibernate.id.UUIDHexGenerator]
2514 [Test worker] DEBUG org.hibernate.id.factory.internal.DefaultIdentifierGeneratorFactory  - Registering IdentifierGenerator strategy [assigned] -> [org.hibernate.id.Assigned]
2514 [Test worker] DEBUG org.hibernate.id.factory.internal.DefaultIdentifierGeneratorFactory  - Registering IdentifierGenerator strategy [assigned] -> [org.hibernate.id.Assigned]
2514 [Test worker] DEBUG org.hibernate.id.factory.internal.DefaultIdentifierGeneratorFactory  - Registering IdentifierGenerator strategy [identity] -> [org.hibernate.id.IdentityGenerator]
2514 [Test worker] DEBUG org.hibernate.id.factory.internal.DefaultIdentifierGeneratorFactory  - Registering IdentifierGenerator strategy [identity] -> [org.hibernate.id.IdentityGenerator]
2514 [Test worker] DEBUG org.hibernate.id.factory.internal.DefaultIdentifierGeneratorFactory  - Registering IdentifierGenerator strategy [select] -> [org.hibernate.id.SelectGenerator]
2514 [Test worker] DEBUG org.hibernate.id.factory.internal.DefaultIdentifierGeneratorFactory  - Registering IdentifierGenerator strategy [select] -> [org.hibernate.id.SelectGenerator]
2514 [Test worker] DEBUG org.hibernate.id.factory.internal.DefaultIdentifierGeneratorFactory  - Registering IdentifierGenerator strategy [sequence] -> [org.hibernate.id.enhanced.SequenceStyleGenerator]
2514 [Test worker] DEBUG org.hibernate.id.factory.internal.DefaultIdentifierGeneratorFactory  - Registering IdentifierGenerator strategy [sequence] -> [org.hibernate.id.enhanced.SequenceStyleGenerator]
2514 [Test worker] DEBUG org.hibernate.id.factory.internal.DefaultIdentifierGeneratorFactory  - Registering IdentifierGenerator strategy [seqhilo] -> [org.hibernate.id.SequenceHiLoGenerator]
2514 [Test worker] DEBUG org.hibernate.id.factory.internal.DefaultIdentifierGeneratorFactory  - Registering IdentifierGenerator strategy [seqhilo] -> [org.hibernate.id.SequenceHiLoGenerator]
2514 [Test worker] DEBUG org.hibernate.id.factory.internal.DefaultIdentifierGeneratorFactory  - Registering IdentifierGenerator strategy [increment] -> [org.hibernate.id.IncrementGenerator]
2514 [Test worker] DEBUG org.hibernate.id.factory.internal.DefaultIdentifierGeneratorFactory  - Registering IdentifierGenerator strategy [increment] -> [org.hibernate.id.IncrementGenerator]
2514 [Test worker] DEBUG org.hibernate.id.factory.internal.DefaultIdentifierGeneratorFactory  - Registering IdentifierGenerator strategy [foreign] -> [org.hibernate.id.ForeignGenerator]
2514 [Test worker] DEBUG org.hibernate.id.factory.internal.DefaultIdentifierGeneratorFactory  - Registering IdentifierGenerator strategy [foreign] -> [org.hibernate.id.ForeignGenerator]
2514 [Test worker] DEBUG org.hibernate.id.factory.internal.DefaultIdentifierGeneratorFactory  - Registering IdentifierGenerator strategy [sequence-identity] -> [org.hibernate.id.SequenceIdentityGenerator]
2514 [Test worker] DEBUG org.hibernate.id.factory.internal.DefaultIdentifierGeneratorFactory  - Registering IdentifierGenerator strategy [sequence-identity] -> [org.hibernate.id.SequenceIdentityGenerator]
2514 [Test worker] DEBUG org.hibernate.id.factory.internal.DefaultIdentifierGeneratorFactory  - Registering IdentifierGenerator strategy [enhanced-sequence] -> [org.hibernate.id.enhanced.SequenceStyleGenerator]
2514 [Test worker] DEBUG org.hibernate.id.factory.internal.DefaultIdentifierGeneratorFactory  - Registering IdentifierGenerator strategy [enhanced-sequence] -> [org.hibernate.id.enhanced.SequenceStyleGenerator]
2514 [Test worker] DEBUG org.hibernate.id.factory.internal.DefaultIdentifierGeneratorFactory  - Registering IdentifierGenerator strategy [enhanced-table] -> [org.hibernate.id.enhanced.TableGenerator]
2514 [Test worker] DEBUG org.hibernate.id.factory.internal.DefaultIdentifierGeneratorFactory  - Registering IdentifierGenerator strategy [enhanced-table] -> [org.hibernate.id.enhanced.TableGenerator]
2514 [Test worker] DEBUG org.hibernate.boot.model.relational.Namespace  - Created database namespace [logicalName=Name{catalog=null, schema=null}, physicalName=Name{catalog=null, schema=null}]
2514 [Test worker] DEBUG org.hibernate.boot.model.relational.Namespace  - Created database namespace [logicalName=Name{catalog=null, schema=null}, physicalName=Name{catalog=null, schema=null}]
2514 [Test worker] DEBUG org.hibernate.cfg.AnnotationBinder  - Binding entity from annotated class: persistencia.entitad.LibroEntity
2514 [Test worker] DEBUG org.hibernate.cfg.AnnotationBinder  - Binding entity from annotated class: persistencia.entitad.LibroEntity
2514 [Test worker] DEBUG org.hibernate.cfg.annotations.QueryBinder  - Binding named query: Libro.findByIsbn => SELECT libro FROM Libro libro WHERE libro.isbn = :isbn
2514 [Test worker] DEBUG org.hibernate.cfg.annotations.QueryBinder  - Binding named query: Libro.findByIsbn => SELECT libro FROM Libro libro WHERE libro.isbn = :isbn
2514 [Test worker] DEBUG org.hibernate.cfg.annotations.QueryBinder  - Binding named query: Libro.findAll => SELECT libro FROM Libro libro
2514 [Test worker] DEBUG org.hibernate.cfg.annotations.QueryBinder  - Binding named query: Libro.findAll => SELECT libro FROM Libro libro
2514 [Test worker] DEBUG org.hibernate.cfg.Ejb3Column  - Binding column: Ejb3DiscriminatorColumn{logicalColumnName'DTYPE', discriminatorTypeName='string'}
2514 [Test worker] DEBUG org.hibernate.cfg.Ejb3Column  - Binding column: Ejb3DiscriminatorColumn{logicalColumnName'DTYPE', discriminatorTypeName='string'}
2514 [Test worker] DEBUG org.hibernate.cfg.annotations.EntityBinder  - Import with entity name Libro
2514 [Test worker] DEBUG org.hibernate.cfg.annotations.EntityBinder  - Import with entity name Libro
2514 [Test worker] DEBUG org.hibernate.cfg.annotations.EntityBinder  - Bind entity persistencia.entitad.LibroEntity on table Libro
2514 [Test worker] DEBUG org.hibernate.cfg.annotations.EntityBinder  - Bind entity persistencia.entitad.LibroEntity on table Libro
2514 [Test worker] DEBUG org.hibernate.cfg.Ejb3Column  - Binding column: Ejb3Column{table=org.hibernate.mapping.Table(Libro), mappingColumn=id, insertable=true, updatable=true, unique=false}
2514 [Test worker] DEBUG org.hibernate.cfg.Ejb3Column  - Binding column: Ejb3Column{table=org.hibernate.mapping.Table(Libro), mappingColumn=id, insertable=true, updatable=true, unique=false}
2514 [Test worker] DEBUG org.hibernate.cfg.annotations.PropertyBinder  - MetadataSourceProcessor property id with lazy=false
2514 [Test worker] DEBUG org.hibernate.cfg.annotations.PropertyBinder  - MetadataSourceProcessor property id with lazy=false
2514 [Test worker] DEBUG org.hibernate.cfg.AbstractPropertyHolder  - Attempting to locate auto-apply AttributeConverter for property [persistencia.entitad.LibroEntity:id]
2514 [Test worker] DEBUG org.hibernate.cfg.AbstractPropertyHolder  - Attempting to locate auto-apply AttributeConverter for property [persistencia.entitad.LibroEntity:id]
2514 [Test worker] DEBUG org.hibernate.cfg.annotations.SimpleValueBinder  - building SimpleValue for id
2514 [Test worker] DEBUG org.hibernate.cfg.annotations.SimpleValueBinder  - building SimpleValue for id
2514 [Test worker] DEBUG org.hibernate.cfg.annotations.PropertyBinder  - Building property id
2514 [Test worker] DEBUG org.hibernate.cfg.annotations.PropertyBinder  - Building property id
2514 [Test worker] DEBUG org.hibernate.cfg.Ejb3Column  - Binding column: Ejb3Column{table=org.hibernate.mapping.Table(Libro), mappingColumn=anio, insertable=true, updatable=true, unique=false}
2514 [Test worker] DEBUG org.hibernate.cfg.Ejb3Column  - Binding column: Ejb3Column{table=org.hibernate.mapping.Table(Libro), mappingColumn=anio, insertable=true, updatable=true, unique=false}
2514 [Test worker] DEBUG org.hibernate.cfg.annotations.PropertyBinder  - MetadataSourceProcessor property anio with lazy=false
2514 [Test worker] DEBUG org.hibernate.cfg.annotations.PropertyBinder  - MetadataSourceProcessor property anio with lazy=false
2514 [Test worker] DEBUG org.hibernate.cfg.AbstractPropertyHolder  - Attempting to locate auto-apply AttributeConverter for property [persistencia.entitad.LibroEntity:anio]
2514 [Test worker] DEBUG org.hibernate.cfg.AbstractPropertyHolder  - Attempting to locate auto-apply AttributeConverter for property [persistencia.entitad.LibroEntity:anio]
2514 [Test worker] DEBUG org.hibernate.cfg.annotations.SimpleValueBinder  - building SimpleValue for anio
2514 [Test worker] DEBUG org.hibernate.cfg.annotations.SimpleValueBinder  - building SimpleValue for anio
2514 [Test worker] DEBUG org.hibernate.cfg.annotations.PropertyBinder  - Building property anio
2514 [Test worker] DEBUG org.hibernate.cfg.annotations.PropertyBinder  - Building property anio
2514 [Test worker] DEBUG org.hibernate.cfg.Ejb3Column  - Binding column: Ejb3Column{table=org.hibernate.mapping.Table(Libro), mappingColumn=isbn, insertable=true, updatable=true, unique=false}
2514 [Test worker] DEBUG org.hibernate.cfg.Ejb3Column  - Binding column: Ejb3Column{table=org.hibernate.mapping.Table(Libro), mappingColumn=isbn, insertable=true, updatable=true, unique=false}
2514 [Test worker] DEBUG org.hibernate.cfg.annotations.PropertyBinder  - MetadataSourceProcessor property isbn with lazy=false
2514 [Test worker] DEBUG org.hibernate.cfg.annotations.PropertyBinder  - MetadataSourceProcessor property isbn with lazy=false
2514 [Test worker] DEBUG org.hibernate.cfg.AbstractPropertyHolder  - Attempting to locate auto-apply AttributeConverter for property [persistencia.entitad.LibroEntity:isbn]
2514 [Test worker] DEBUG org.hibernate.cfg.AbstractPropertyHolder  - Attempting to locate auto-apply AttributeConverter for property [persistencia.entitad.LibroEntity:isbn]
2514 [Test worker] DEBUG org.hibernate.cfg.annotations.SimpleValueBinder  - building SimpleValue for isbn
2514 [Test worker] DEBUG org.hibernate.cfg.annotations.SimpleValueBinder  - building SimpleValue for isbn
2514 [Test worker] DEBUG org.hibernate.cfg.annotations.PropertyBinder  - Building property isbn
2514 [Test worker] DEBUG org.hibernate.cfg.annotations.PropertyBinder  - Building property isbn
2514 [Test worker] DEBUG org.hibernate.cfg.Ejb3Column  - Binding column: Ejb3Column{table=org.hibernate.mapping.Table(Libro), mappingColumn=titulo, insertable=true, updatable=true, unique=false}
2514 [Test worker] DEBUG org.hibernate.cfg.Ejb3Column  - Binding column: Ejb3Column{table=org.hibernate.mapping.Table(Libro), mappingColumn=titulo, insertable=true, updatable=true, unique=false}
2514 [Test worker] DEBUG org.hibernate.cfg.annotations.PropertyBinder  - MetadataSourceProcessor property titulo with lazy=false
2514 [Test worker] DEBUG org.hibernate.cfg.annotations.PropertyBinder  - MetadataSourceProcessor property titulo with lazy=false
2514 [Test worker] DEBUG org.hibernate.cfg.AbstractPropertyHolder  - Attempting to locate auto-apply AttributeConverter for property [persistencia.entitad.LibroEntity:titulo]
2514 [Test worker] DEBUG org.hibernate.cfg.AbstractPropertyHolder  - Attempting to locate auto-apply AttributeConverter for property [persistencia.entitad.LibroEntity:titulo]
2514 [Test worker] DEBUG org.hibernate.cfg.annotations.SimpleValueBinder  - building SimpleValue for titulo
2514 [Test worker] DEBUG org.hibernate.cfg.annotations.SimpleValueBinder  - building SimpleValue for titulo
2514 [Test worker] DEBUG org.hibernate.cfg.annotations.PropertyBinder  - Building property titulo
2514 [Test worker] DEBUG org.hibernate.cfg.annotations.PropertyBinder  - Building property titulo
2514 [Test worker] DEBUG org.hibernate.cfg.AnnotationBinder  - Binding entity from annotated class: persistencia.entitad.PrestamoEntity
2514 [Test worker] DEBUG org.hibernate.cfg.AnnotationBinder  - Binding entity from annotated class: persistencia.entitad.PrestamoEntity
2514 [Test worker] DEBUG org.hibernate.cfg.annotations.QueryBinder  - Binding named query: Prestamo.findByIsbn => SELECT prestamo from Prestamo prestamo where prestamo.libro.isbn = :isbn
2514 [Test worker] DEBUG org.hibernate.cfg.annotations.QueryBinder  - Binding named query: Prestamo.findByIsbn => SELECT prestamo from Prestamo prestamo where prestamo.libro.isbn = :isbn
2514 [Test worker] DEBUG org.hibernate.cfg.annotations.QueryBinder  - Binding named query: Prestamo.findAll => SELECT prestamo from Prestamo prestamo
2514 [Test worker] DEBUG org.hibernate.cfg.annotations.QueryBinder  - Binding named query: Prestamo.findAll => SELECT prestamo from Prestamo prestamo
2514 [Test worker] DEBUG org.hibernate.cfg.Ejb3Column  - Binding column: Ejb3DiscriminatorColumn{logicalColumnName'DTYPE', discriminatorTypeName='string'}
2514 [Test worker] DEBUG org.hibernate.cfg.Ejb3Column  - Binding column: Ejb3DiscriminatorColumn{logicalColumnName'DTYPE', discriminatorTypeName='string'}
2514 [Test worker] DEBUG org.hibernate.cfg.annotations.EntityBinder  - Import with entity name Prestamo
2514 [Test worker] DEBUG org.hibernate.cfg.annotations.EntityBinder  - Import with entity name Prestamo
2514 [Test worker] DEBUG org.hibernate.cfg.annotations.EntityBinder  - Bind entity persistencia.entitad.PrestamoEntity on table Prestamo
2514 [Test worker] DEBUG org.hibernate.cfg.annotations.EntityBinder  - Bind entity persistencia.entitad.PrestamoEntity on table Prestamo
2514 [Test worker] DEBUG org.hibernate.cfg.Ejb3Column  - Binding column: Ejb3Column{table=org.hibernate.mapping.Table(Prestamo), mappingColumn=id, insertable=true, updatable=true, unique=false}
2514 [Test worker] DEBUG org.hibernate.cfg.Ejb3Column  - Binding column: Ejb3Column{table=org.hibernate.mapping.Table(Prestamo), mappingColumn=id, insertable=true, updatable=true, unique=false}
2514 [Test worker] DEBUG org.hibernate.cfg.annotations.PropertyBinder  - MetadataSourceProcessor property id with lazy=false
2514 [Test worker] DEBUG org.hibernate.cfg.annotations.PropertyBinder  - MetadataSourceProcessor property id with lazy=false
2514 [Test worker] DEBUG org.hibernate.cfg.AbstractPropertyHolder  - Attempting to locate auto-apply AttributeConverter for property [persistencia.entitad.PrestamoEntity:id]
2514 [Test worker] DEBUG org.hibernate.cfg.AbstractPropertyHolder  - Attempting to locate auto-apply AttributeConverter for property [persistencia.entitad.PrestamoEntity:id]
2514 [Test worker] DEBUG org.hibernate.cfg.annotations.SimpleValueBinder  - building SimpleValue for id
2514 [Test worker] DEBUG org.hibernate.cfg.annotations.SimpleValueBinder  - building SimpleValue for id
2514 [Test worker] DEBUG org.hibernate.cfg.annotations.PropertyBinder  - Building property id
2514 [Test worker] DEBUG org.hibernate.cfg.annotations.PropertyBinder  - Building property id
2514 [Test worker] DEBUG org.hibernate.cfg.Ejb3Column  - Binding column: Ejb3Column{table=org.hibernate.mapping.Table(Prestamo), mappingColumn=fechaEntregaMaxima, insertable=true, updatable=true, unique=false}
2514 [Test worker] DEBUG org.hibernate.cfg.Ejb3Column  - Binding column: Ejb3Column{table=org.hibernate.mapping.Table(Prestamo), mappingColumn=fechaEntregaMaxima, insertable=true, updatable=true, unique=false}
2514 [Test worker] DEBUG org.hibernate.cfg.annotations.PropertyBinder  - MetadataSourceProcessor property fechaEntregaMaxima with lazy=false
2514 [Test worker] DEBUG org.hibernate.cfg.annotations.PropertyBinder  - MetadataSourceProcessor property fechaEntregaMaxima with lazy=false
2514 [Test worker] DEBUG org.hibernate.cfg.AbstractPropertyHolder  - Attempting to locate auto-apply AttributeConverter for property [persistencia.entitad.PrestamoEntity:fechaEntregaMaxima]
2514 [Test worker] DEBUG org.hibernate.cfg.AbstractPropertyHolder  - Attempting to locate auto-apply AttributeConverter for property [persistencia.entitad.PrestamoEntity:fechaEntregaMaxima]
2514 [Test worker] DEBUG org.hibernate.cfg.annotations.SimpleValueBinder  - building SimpleValue for fechaEntregaMaxima
2514 [Test worker] DEBUG org.hibernate.cfg.annotations.SimpleValueBinder  - building SimpleValue for fechaEntregaMaxima
2514 [Test worker] DEBUG org.hibernate.cfg.annotations.PropertyBinder  - Building property fechaEntregaMaxima
2514 [Test worker] DEBUG org.hibernate.cfg.annotations.PropertyBinder  - Building property fechaEntregaMaxima
2514 [Test worker] DEBUG org.hibernate.cfg.Ejb3Column  - Binding column: Ejb3Column{table=org.hibernate.mapping.Table(Prestamo), mappingColumn=fechaSolicitud, insertable=true, updatable=true, unique=false}
2514 [Test worker] DEBUG org.hibernate.cfg.Ejb3Column  - Binding column: Ejb3Column{table=org.hibernate.mapping.Table(Prestamo), mappingColumn=fechaSolicitud, insertable=true, updatable=true, unique=false}
2514 [Test worker] DEBUG org.hibernate.cfg.annotations.PropertyBinder  - MetadataSourceProcessor property fechaSolicitud with lazy=false
2514 [Test worker] DEBUG org.hibernate.cfg.annotations.PropertyBinder  - MetadataSourceProcessor property fechaSolicitud with lazy=false
2514 [Test worker] DEBUG org.hibernate.cfg.AbstractPropertyHolder  - Attempting to locate auto-apply AttributeConverter for property [persistencia.entitad.PrestamoEntity:fechaSolicitud]
2514 [Test worker] DEBUG org.hibernate.cfg.AbstractPropertyHolder  - Attempting to locate auto-apply AttributeConverter for property [persistencia.entitad.PrestamoEntity:fechaSolicitud]
2514 [Test worker] DEBUG org.hibernate.cfg.annotations.SimpleValueBinder  - building SimpleValue for fechaSolicitud
2514 [Test worker] DEBUG org.hibernate.cfg.annotations.SimpleValueBinder  - building SimpleValue for fechaSolicitud
2514 [Test worker] DEBUG org.hibernate.cfg.annotations.PropertyBinder  - Building property fechaSolicitud
2514 [Test worker] DEBUG org.hibernate.cfg.annotations.PropertyBinder  - Building property fechaSolicitud
2514 [Test worker] DEBUG org.hibernate.cfg.Ejb3Column  - Binding column: Ejb3JoinColumn{logicalColumnName='ID_LIBRO', referencedColumn='id', mappedBy=''}
2514 [Test worker] DEBUG org.hibernate.cfg.Ejb3Column  - Binding column: Ejb3JoinColumn{logicalColumnName='ID_LIBRO', referencedColumn='id', mappedBy=''}
2514 [Test worker] DEBUG org.hibernate.cfg.Ejb3Column  - Binding column: Ejb3Column{table=org.hibernate.mapping.Table(Prestamo), mappingColumn=libro, insertable=true, updatable=true, unique=false}
2514 [Test worker] DEBUG org.hibernate.cfg.Ejb3Column  - Binding column: Ejb3Column{table=org.hibernate.mapping.Table(Prestamo), mappingColumn=libro, insertable=true, updatable=true, unique=false}
2514 [Test worker] DEBUG org.hibernate.cfg.annotations.PropertyBinder  - Building property libro
2514 [Test worker] DEBUG org.hibernate.cfg.annotations.PropertyBinder  - Building property libro
2514 [Test worker] DEBUG org.hibernate.cfg.Ejb3Column  - Binding column: Ejb3Column{table=org.hibernate.mapping.Table(Prestamo), mappingColumn=nombreUsuario, insertable=true, updatable=true, unique=false}
2514 [Test worker] DEBUG org.hibernate.cfg.Ejb3Column  - Binding column: Ejb3Column{table=org.hibernate.mapping.Table(Prestamo), mappingColumn=nombreUsuario, insertable=true, updatable=true, unique=false}
2514 [Test worker] DEBUG org.hibernate.cfg.annotations.PropertyBinder  - MetadataSourceProcessor property nombreUsuario with lazy=false
2514 [Test worker] DEBUG org.hibernate.cfg.annotations.PropertyBinder  - MetadataSourceProcessor property nombreUsuario with lazy=false
2514 [Test worker] DEBUG org.hibernate.cfg.AbstractPropertyHolder  - Attempting to locate auto-apply AttributeConverter for property [persistencia.entitad.PrestamoEntity:nombreUsuario]
2514 [Test worker] DEBUG org.hibernate.cfg.AbstractPropertyHolder  - Attempting to locate auto-apply AttributeConverter for property [persistencia.entitad.PrestamoEntity:nombreUsuario]
2514 [Test worker] DEBUG org.hibernate.cfg.annotations.SimpleValueBinder  - building SimpleValue for nombreUsuario
2514 [Test worker] DEBUG org.hibernate.cfg.annotations.SimpleValueBinder  - building SimpleValue for nombreUsuario
2514 [Test worker] DEBUG org.hibernate.cfg.annotations.PropertyBinder  - Building property nombreUsuario
2514 [Test worker] DEBUG org.hibernate.cfg.annotations.PropertyBinder  - Building property nombreUsuario
2514 [Test worker] DEBUG org.hibernate.cfg.annotations.SimpleValueBinder  - Starting fillSimpleValue for id
2514 [Test worker] DEBUG org.hibernate.cfg.annotations.SimpleValueBinder  - Starting fillSimpleValue for id
2514 [Test worker] DEBUG org.hibernate.cfg.annotations.SimpleValueBinder  - Starting fillSimpleValue for anio
2514 [Test worker] DEBUG org.hibernate.cfg.annotations.SimpleValueBinder  - Starting fillSimpleValue for anio
2514 [Test worker] DEBUG org.hibernate.cfg.annotations.SimpleValueBinder  - Starting fillSimpleValue for isbn
2514 [Test worker] DEBUG org.hibernate.cfg.annotations.SimpleValueBinder  - Starting fillSimpleValue for isbn
2514 [Test worker] DEBUG org.hibernate.cfg.annotations.SimpleValueBinder  - Starting fillSimpleValue for titulo
2514 [Test worker] DEBUG org.hibernate.cfg.annotations.SimpleValueBinder  - Starting fillSimpleValue for titulo
2514 [Test worker] DEBUG org.hibernate.cfg.annotations.SimpleValueBinder  - Starting fillSimpleValue for id
2514 [Test worker] DEBUG org.hibernate.cfg.annotations.SimpleValueBinder  - Starting fillSimpleValue for id
2514 [Test worker] DEBUG org.hibernate.cfg.annotations.SimpleValueBinder  - Starting fillSimpleValue for fechaEntregaMaxima
2514 [Test worker] DEBUG org.hibernate.cfg.annotations.SimpleValueBinder  - Starting fillSimpleValue for fechaEntregaMaxima
2514 [Test worker] DEBUG org.hibernate.cfg.annotations.SimpleValueBinder  - Starting fillSimpleValue for fechaSolicitud
2514 [Test worker] DEBUG org.hibernate.cfg.annotations.SimpleValueBinder  - Starting fillSimpleValue for fechaSolicitud
2514 [Test worker] DEBUG org.hibernate.cfg.annotations.SimpleValueBinder  - Starting fillSimpleValue for nombreUsuario
2514 [Test worker] DEBUG org.hibernate.cfg.annotations.SimpleValueBinder  - Starting fillSimpleValue for nombreUsuario
2514 [Test worker] DEBUG org.hibernate.mapping.PrimaryKey  - Forcing column [id] to be non-null as it is part of the primary key for table [libro]
2514 [Test worker] DEBUG org.hibernate.mapping.PrimaryKey  - Forcing column [id] to be non-null as it is part of the primary key for table [libro]
2514 [Test worker] DEBUG org.hibernate.mapping.PrimaryKey  - Forcing column [id] to be non-null as it is part of the primary key for table [prestamo]
2514 [Test worker] DEBUG org.hibernate.mapping.PrimaryKey  - Forcing column [id] to be non-null as it is part of the primary key for table [prestamo]
2514 [Test worker] DEBUG org.hibernate.boot.internal.InFlightMetadataCollectorImpl  - Resolving reference to class: persistencia.entitad.LibroEntity
2514 [Test worker] DEBUG org.hibernate.boot.internal.InFlightMetadataCollectorImpl  - Resolving reference to class: persistencia.entitad.LibroEntity
2514 [Test worker] DEBUG org.hibernate.boot.internal.InFlightMetadataCollectorImpl  - Resolving reference to class: persistencia.entitad.LibroEntity
2514 [Test worker] DEBUG org.hibernate.boot.internal.InFlightMetadataCollectorImpl  - Resolving reference to class: persistencia.entitad.LibroEntity
2530 [Test worker] DEBUG org.hibernate.internal.SessionFactoryImpl  - Building session factory
2530 [Test worker] DEBUG org.hibernate.internal.SessionFactoryImpl  - Building session factory
2530 [Test worker] DEBUG org.hibernate.cfg.Settings  - SessionFactory name : null
2530 [Test worker] DEBUG org.hibernate.cfg.Settings  - SessionFactory name : null
2530 [Test worker] DEBUG org.hibernate.cfg.Settings  - Automatic flush during beforeCompletion(): enabled
2530 [Test worker] DEBUG org.hibernate.cfg.Settings  - Automatic flush during beforeCompletion(): enabled
2530 [Test worker] DEBUG org.hibernate.cfg.Settings  - Automatic session close at end of transaction: disabled
2530 [Test worker] DEBUG org.hibernate.cfg.Settings  - Automatic session close at end of transaction: disabled
2530 [Test worker] DEBUG org.hibernate.cfg.Settings  - Statistics: disabled
2530 [Test worker] DEBUG org.hibernate.cfg.Settings  - Statistics: disabled
2530 [Test worker] DEBUG org.hibernate.cfg.Settings  - Deleted entity synthetic identifier rollback: disabled
2530 [Test worker] DEBUG org.hibernate.cfg.Settings  - Deleted entity synthetic identifier rollback: disabled
2530 [Test worker] DEBUG org.hibernate.cfg.Settings  - Default entity-mode: pojo
2530 [Test worker] DEBUG org.hibernate.cfg.Settings  - Default entity-mode: pojo
2530 [Test worker] DEBUG org.hibernate.cfg.Settings  - Check Nullability in Core (should be disabled when Bean Validation is on): enabled
2530 [Test worker] DEBUG org.hibernate.cfg.Settings  - Check Nullability in Core (should be disabled when Bean Validation is on): enabled
2530 [Test worker] DEBUG org.hibernate.cfg.Settings  - Allow initialization of lazy state outside session : disabled
2530 [Test worker] DEBUG org.hibernate.cfg.Settings  - Allow initialization of lazy state outside session : disabled
2530 [Test worker] DEBUG org.hibernate.cfg.Settings  - Using BatchFetchStyle : LEGACY
2530 [Test worker] DEBUG org.hibernate.cfg.Settings  - Using BatchFetchStyle : LEGACY
2530 [Test worker] DEBUG org.hibernate.cfg.Settings  - Default batch fetch size: -1
2530 [Test worker] DEBUG org.hibernate.cfg.Settings  - Default batch fetch size: -1
2530 [Test worker] DEBUG org.hibernate.cfg.Settings  - Maximum outer join fetch depth: null
2530 [Test worker] DEBUG org.hibernate.cfg.Settings  - Maximum outer join fetch depth: null
2530 [Test worker] DEBUG org.hibernate.cfg.Settings  - Default null ordering: NONE
2530 [Test worker] DEBUG org.hibernate.cfg.Settings  - Default null ordering: NONE
2530 [Test worker] DEBUG org.hibernate.cfg.Settings  - Order SQL updates by primary key: disabled
2530 [Test worker] DEBUG org.hibernate.cfg.Settings  - Order SQL updates by primary key: disabled
2530 [Test worker] DEBUG org.hibernate.cfg.Settings  - Order SQL inserts for batching: disabled
2530 [Test worker] DEBUG org.hibernate.cfg.Settings  - Order SQL inserts for batching: disabled
2530 [Test worker] DEBUG org.hibernate.cfg.Settings  - multi-tenancy strategy : NONE
2530 [Test worker] DEBUG org.hibernate.cfg.Settings  - multi-tenancy strategy : NONE
2530 [Test worker] DEBUG org.hibernate.cfg.Settings  - JTA Track by Thread: enabled
2530 [Test worker] DEBUG org.hibernate.cfg.Settings  - JTA Track by Thread: enabled
2530 [Test worker] DEBUG org.hibernate.cfg.Settings  - Query language substitutions: {}
2530 [Test worker] DEBUG org.hibernate.cfg.Settings  - Query language substitutions: {}
2530 [Test worker] DEBUG org.hibernate.cfg.Settings  - JPA query language strict compliance: disabled
2530 [Test worker] DEBUG org.hibernate.cfg.Settings  - JPA query language strict compliance: disabled
2530 [Test worker] DEBUG org.hibernate.cfg.Settings  - Named query checking : enabled
2530 [Test worker] DEBUG org.hibernate.cfg.Settings  - Named query checking : enabled
2530 [Test worker] DEBUG org.hibernate.cfg.Settings  - Second-level cache: enabled
2530 [Test worker] DEBUG org.hibernate.cfg.Settings  - Second-level cache: enabled
2530 [Test worker] DEBUG org.hibernate.cfg.Settings  - Second-level query cache: disabled
2530 [Test worker] DEBUG org.hibernate.cfg.Settings  - Second-level query cache: disabled
2530 [Test worker] DEBUG org.hibernate.cfg.Settings  - Second-level query cache factory: org.hibernate.cache.internal.StandardQueryCacheFactory@5bd959c7
2530 [Test worker] DEBUG org.hibernate.cfg.Settings  - Second-level query cache factory: org.hibernate.cache.internal.StandardQueryCacheFactory@5bd959c7
2530 [Test worker] DEBUG org.hibernate.cfg.Settings  - Second-level cache region prefix: null
2530 [Test worker] DEBUG org.hibernate.cfg.Settings  - Second-level cache region prefix: null
2530 [Test worker] DEBUG org.hibernate.cfg.Settings  - Optimize second-level cache for minimal puts: disabled
2530 [Test worker] DEBUG org.hibernate.cfg.Settings  - Optimize second-level cache for minimal puts: disabled
2530 [Test worker] DEBUG org.hibernate.cfg.Settings  - Structured second-level cache entries: disabled
2530 [Test worker] DEBUG org.hibernate.cfg.Settings  - Structured second-level cache entries: disabled
2530 [Test worker] DEBUG org.hibernate.cfg.Settings  - Second-level cache direct-reference entries: disabled
2530 [Test worker] DEBUG org.hibernate.cfg.Settings  - Second-level cache direct-reference entries: disabled
2530 [Test worker] DEBUG org.hibernate.cfg.Settings  - Automatic eviction of collection cache: disabled
2530 [Test worker] DEBUG org.hibernate.cfg.Settings  - Automatic eviction of collection cache: disabled
2530 [Test worker] DEBUG org.hibernate.cfg.Settings  - JDBC batch size: 15
2530 [Test worker] DEBUG org.hibernate.cfg.Settings  - JDBC batch size: 15
2530 [Test worker] DEBUG org.hibernate.cfg.Settings  - JDBC batch updates for versioned data: enabled
2530 [Test worker] DEBUG org.hibernate.cfg.Settings  - JDBC batch updates for versioned data: enabled
2530 [Test worker] DEBUG org.hibernate.cfg.Settings  - Scrollable result sets: enabled
2530 [Test worker] DEBUG org.hibernate.cfg.Settings  - Scrollable result sets: enabled
2530 [Test worker] DEBUG org.hibernate.cfg.Settings  - Wrap result sets: disabled
2530 [Test worker] DEBUG org.hibernate.cfg.Settings  - Wrap result sets: disabled
2530 [Test worker] DEBUG org.hibernate.cfg.Settings  - JDBC3 getGeneratedKeys(): enabled
2530 [Test worker] DEBUG org.hibernate.cfg.Settings  - JDBC3 getGeneratedKeys(): enabled
2530 [Test worker] DEBUG org.hibernate.cfg.Settings  - JDBC result set fetch size: null
2530 [Test worker] DEBUG org.hibernate.cfg.Settings  - JDBC result set fetch size: null
2530 [Test worker] DEBUG org.hibernate.cfg.Settings  - Connection release mode: AFTER_TRANSACTION
2530 [Test worker] DEBUG org.hibernate.cfg.Settings  - Connection release mode: AFTER_TRANSACTION
2530 [Test worker] DEBUG org.hibernate.cfg.Settings  - Generate SQL with comments: disabled
2530 [Test worker] DEBUG org.hibernate.cfg.Settings  - Generate SQL with comments: disabled
2530 [Test worker] DEBUG org.hibernate.internal.SessionFactoryImpl  - Session factory constructed with filter configurations : {}
2530 [Test worker] DEBUG org.hibernate.internal.SessionFactoryImpl  - Session factory constructed with filter configurations : {}
2530 [Test worker] DEBUG org.hibernate.internal.SessionFactoryImpl  - Instantiating session factory with properties: {sun.desktop=windows, awt.toolkit=sun.awt.windows.WToolkit, file.encoding.pkg=sun.io, java.specification.version=1.8, sun.cpu.isalist=amd64, sun.jnu.encoding=Cp1252, hibernate.dialect=org.hibernate.dialect.H2Dialect, org.gradle.test.worker=1, java.class.path=D:\workspaces\examen-ingreso\biblioteca\build\classes\test;D:\workspaces\examen-ingreso\biblioteca\build\resources\test;D:\workspaces\examen-ingreso\biblioteca\build\classes\main;D:\workspaces\examen-ingreso\biblioteca\build\resources\main;C:\Users\andres.carrasquilla\.gradle\caches\modules-2\files-2.1\log4j\log4j\1.2.17\5af35056b4d257e4b64b9e8069c0746e8b08629f\log4j-1.2.17.jar;C:\Users\andres.carrasquilla\.gradle\caches\modules-2\files-2.1\com.h2database\h2\1.4.194\a180e95af52ad8116d52beb5f1d28596dcafa9d8\h2-1.4.194.jar;C:\Users\andres.carrasquilla\.gradle\caches\modules-2\files-2.1\org.hibernate\hibernate-core\5.2.9.Final\284e5c769bbcc3fe1d4961f163b7360e6b4e2422\hibernate-core-5.2.9.Final.jar;C:\Users\andres.carrasquilla\.gradle\caches\modules-2\files-2.1\org.springframework.boot\spring-boot-starter-web\1.5.7.RELEASE\a862305be8b7512a41f6768d825ed37251ccbbe0\spring-boot-starter-web-1.5.7.RELEASE.jar;C:\Users\andres.carrasquilla\.gradle\caches\modules-2\files-2.1\org.springframework.boot\spring-boot-starter-data-jpa\1.5.7.RELEASE\ccdf14487724b7c1343e5d2605f7170c026e405\spring-boot-starter-data-jpa-1.5.7.RELEASE.jar;C:\Users\andres.carrasquilla\.gradle\caches\modules-2\files-2.1\org.springframework.data\spring-data-jpa\1.11.7.RELEASE\587051cc7d7a3ddfac6098d623a658abb2f15865\spring-data-jpa-1.11.7.RELEASE.jar;C:\Users\andres.carrasquilla\.gradle\caches\modules-2\files-2.1\junit\junit\4.12\2973d150c0dc1fefe998f834810d68f278ea58ec\junit-4.12.jar;C:\Users\andres.carrasquilla\.gradle\caches\modules-2\files-2.1\org.mockito\mockito-all\1.10.19\539df70269cc254a58cccc5d8e43286b4a73bf30\mockito-all-1.10.19.jar;C:\Users\andres.carrasquilla\.gradle\caches\modules-2\files-2.1\org.springframework.boot\spring-boot-starter-test\1.5.7.RELEASE\d23f37a72c2d4e46aba66bc69a649213f9cadeee\spring-boot-starter-test-1.5.7.RELEASE.jar;C:\Users\andres.carrasquilla\.gradle\caches\modules-2\files-2.1\org.jboss.logging\jboss-logging\3.3.1.Final\c46217ab74b532568c0ed31dc599db3048bd1b67\jboss-logging-3.3.1.Final.jar;C:\Users\andres.carrasquilla\.gradle\caches\modules-2\files-2.1\org.hibernate.javax.persistence\hibernate-jpa-2.1-api\1.0.0.Final\5e731d961297e5a07290bfaf3db1fbc8bbbf405a\hibernate-jpa-2.1-api-1.0.0.Final.jar;C:\Users\andres.carrasquilla\.gradle\caches\modules-2\files-2.1\org.javassist\javassist\3.21.0-GA\598244f595db5c5fb713731eddbb1c91a58d959b\javassist-3.21.0-GA.jar;C:\Users\andres.carrasquilla\.gradle\caches\modules-2\files-2.1\antlr\antlr\2.7.7\83cd2cd674a217ade95a4bb83a8a14f351f48bd0\antlr-2.7.7.jar;C:\Users\andres.carrasquilla\.gradle\caches\modules-2\files-2.1\org.jboss.spec.javax.transaction\jboss-transaction-api_1.2_spec\1.0.1.Final\4441f144a2a1f46ed48fcc6b476a4b6295e6d524\jboss-transaction-api_1.2_spec-1.0.1.Final.jar;C:\Users\andres.carrasquilla\.gradle\caches\modules-2\files-2.1\org.jboss\jandex\2.0.3.Final\bfc4d6257dbff7a33a357f0de116be6ff951d849\jandex-2.0.3.Final.jar;C:\Users\andres.carrasquilla\.gradle\caches\modules-2\files-2.1\com.fasterxml\classmate\1.3.4\3d5f48f10bbe4eb7bd862f10c0583be2e0053c6\classmate-1.3.4.jar;C:\Users\andres.carrasquilla\.gradle\caches\modules-2\files-2.1\dom4j\dom4j\1.6.1\5d3ccc056b6f056dbf0dddfdf43894b9065a8f94\dom4j-1.6.1.jar;C:\Users\andres.carrasquilla\.gradle\caches\modules-2\files-2.1\org.hibernate.common\hibernate-commons-annotations\5.0.1.Final\71e1cff3fcb20d3b3af4f3363c3ddb24d33c6879\hibernate-commons-annotations-5.0.1.Final.jar;C:\Users\andres.carrasquilla\.gradle\caches\modules-2\files-2.1\org.springframework.boot\spring-boot-starter\1.5.7.RELEASE\b42fe6962dd8b3be4ac8c1d7134d0ca2d0a35c7e\spring-boot-starter-1.5.7.RELEASE.jar;C:\Users\andres.carrasquilla\.gradle\caches\modules-2\files-2.1\org.springframework.boot\spring-boot-starter-tomcat\1.5.7.RELEASE\eae533e2a0111a51d812912acb3d3e2368736d1b\spring-boot-starter-tomcat-1.5.7.RELEASE.jar;C:\Users\andres.carrasquilla\.gradle\caches\modules-2\files-2.1\org.hibernate\hibernate-validator\5.3.5.Final\622a9bcef2eed6d41b5b8e0662c36212009e375\hibernate-validator-5.3.5.Final.jar;C:\Users\andres.carrasquilla\.gradle\caches\modules-2\files-2.1\com.fasterxml.jackson.core\jackson-databind\2.8.10\f7b83cb2bc4b88d53961e749e1ad32f49ef017b7\jackson-databind-2.8.10.jar;C:\Users\andres.carrasquilla\.gradle\caches\modules-2\files-2.1\org.springframework\spring-web\4.3.11.RELEASE\50a3dfce550bdf9459dfb2c6282aa104b040258e\spring-web-4.3.11.RELEASE.jar;C:\Users\andres.carrasquilla\.gradle\caches\modules-2\files-2.1\org.springframework\spring-webmvc\4.3.11.RELEASE\814f91ec4dc324e724bbe7cbc5045b234604c539\spring-webmvc-4.3.11.RELEASE.jar;C:\Users\andres.carrasquilla\.gradle\caches\modules-2\files-2.1\org.springframework.boot\spring-boot-starter-aop\1.5.7.RELEASE\189098a72ccc0cca07ea42d6715c10524b5a93d1\spring-boot-starter-aop-1.5.7.RELEASE.jar;C:\Users\andres.carrasquilla\.gradle\caches\modules-2\files-2.1\org.springframework.boot\spring-boot-starter-jdbc\1.5.7.RELEASE\98c652a5461ccbec70b55fd0f7815d9c9a37a082\spring-boot-starter-jdbc-1.5.7.RELEASE.jar;C:\Users\andres.carrasquilla\.gradle\caches\modules-2\files-2.1\org.hibernate\hibernate-entitymanager\5.0.12.Final\302a526f5058290e9cbd719a5caf9f248d344719\hibernate-entitymanager-5.0.12.Final.jar;C:\Users\andres.carrasquilla\.gradle\caches\modules-2\files-2.1\javax.transaction\javax.transaction-api\1.2\d81aff979d603edd90dcd8db2abc1f4ce6479e3e\javax.transaction-api-1.2.jar;C:\Users\andres.carrasquilla\.gradle\caches\modules-2\files-2.1\org.springframework\spring-aspects\4.3.11.RELEASE\38ab744d37aef58762a03dbe7ab1479070ebadc6\spring-aspects-4.3.11.RELEASE.jar;C:\Users\andres.carrasquilla\.gradle\caches\modules-2\files-2.1\org.springframework.data\spring-data-commons\1.13.7.RELEASE\cf4538abda1f0a9cf2323d6e4204df0130aeec73\spring-data-commons-1.13.7.RELEASE.jar;C:\Users\andres.carrasquilla\.gradle\caches\modules-2\files-2.1\org.springframework\spring-orm\4.3.11.RELEASE\7ba1b25ad62b29295aa90ae88f9f35e84861953c\spring-orm-4.3.11.RELEASE.jar;C:\Users\andres.carrasquilla\.gradle\caches\modules-2\files-2.1\org.springframework\spring-context\4.3.11.RELEASE\3efec2d7c7469d49108a2b21c3f15831f7297569\spring-context-4.3.11.RELEASE.jar;C:\Users\andres.carrasquilla\.gradle\caches\modules-2\files-2.1\org.springframework\spring-aop\4.3.11.RELEASE\461d0bb58f1de30203d9331adf4b51de9554de5a\spring-aop-4.3.11.RELEASE.jar;C:\Users\andres.carrasquilla\.gradle\caches\modules-2\files-2.1\org.springframework\spring-tx\4.3.11.RELEASE\c931ee363d2269f03edfeb83d7d7fe23924ab8a1\spring-tx-4.3.11.RELEASE.jar;C:\Users\andres.carrasquilla\.gradle\caches\modules-2\files-2.1\org.springframework\spring-beans\4.3.11.RELEASE\591cc35fd39292adae13f01aa13e978d0bb11936\spring-beans-4.3.11.RELEASE.jar;C:\Users\andres.carrasquilla\.gradle\caches\modules-2\files-2.1\org.springframework\spring-core\4.3.11.RELEASE\eb30ed093f628279d3aead068fd478fa343f1dad\spring-core-4.3.11.RELEASE.jar;C:\Users\andres.carrasquilla\.gradle\caches\modules-2\files-2.1\org.aspectj\aspectjrt\1.8.10\1a14fe9e912f6e8bdbb5429b78b4090d8b47bc1\aspectjrt-1.8.10.jar;C:\Users\andres.carrasquilla\.gradle\caches\modules-2\files-2.1\org.slf4j\slf4j-api\1.7.25\da76ca59f6a57ee3102f8f9bd9cee742973efa8a\slf4j-api-1.7.25.jar;C:\Users\andres.carrasquilla\.gradle\caches\modules-2\files-2.1\org.slf4j\jcl-over-slf4j\1.7.25\f8c32b13ff142a513eeb5b6330b1588dcb2c0461\jcl-over-slf4j-1.7.25.jar;C:\Users\andres.carrasquilla\.gradle\caches\modules-2\files-2.1\org.hamcrest\hamcrest-core\1.3\42a25dc3219429f0e5d060061f71acb49bf010a0\hamcrest-core-1.3.jar;C:\Users\andres.carrasquilla\.gradle\caches\modules-2\files-2.1\org.springframework.boot\spring-boot-test\1.5.7.RELEASE\b8d77445d48f4320f404d8f13f4e5cb95bc36b30\spring-boot-test-1.5.7.RELEASE.jar;C:\Users\andres.carrasquilla\.gradle\caches\modules-2\files-2.1\org.springframework.boot\spring-boot-test-autoconfigure\1.5.7.RELEASE\8bead16b97c9f1b5fe7c47f3e030dd9351a6974d\spring-boot-test-autoconfigure-1.5.7.RELEASE.jar;C:\Users\andres.carrasquilla\.gradle\caches\modules-2\files-2.1\com.jayway.jsonpath\json-path\2.2.0\22290d17944bd239fabf5ac69005a60a7ecbbbcb\json-path-2.2.0.jar;C:\Users\andres.carrasquilla\.gradle\caches\modules-2\files-2.1\org.assertj\assertj-core\2.6.0\b532c3fc4f66bcfee4989a3514f1cd56203a33ad\assertj-core-2.6.0.jar;C:\Users\andres.carrasquilla\.gradle\caches\modules-2\files-2.1\org.mockito\mockito-core\1.10.19\e8546f5bef4e061d8dd73895b4e8f40e3fe6effe\mockito-core-1.10.19.jar;C:\Users\andres.carrasquilla\.gradle\caches\modules-2\files-2.1\org.hamcrest\hamcrest-library\1.3\4785a3c21320980282f9f33d0d1264a69040538f\hamcrest-library-1.3.jar;C:\Users\andres.carrasquilla\.gradle\caches\modules-2\files-2.1\org.skyscreamer\jsonassert\1.4.0\9cdbb373a06f6513e51e8c545ee6a5e981463edb\jsonassert-1.4.0.jar;C:\Users\andres.carrasquilla\.gradle\caches\modules-2\files-2.1\org.springframework\spring-test\4.3.11.RELEASE\cf765b5d6d6bdc38c67522ecae3fe9549da43e1\spring-test-4.3.11.RELEASE.jar;C:\Users\andres.carrasquilla\.gradle\caches\modules-2\files-2.1\org.springframework.boot\spring-boot\1.5.7.RELEASE\1006870df7b3dc203df7ce84463c5dd7049fdaa4\spring-boot-1.5.7.RELEASE.jar;C:\Users\andres.carrasquilla\.gradle\caches\modules-2\files-2.1\org.springframework.boot\spring-boot-autoconfigure\1.5.7.RELEASE\e83f1407ff991e9e7eb156f49fa19d868bb73289\spring-boot-autoconfigure-1.5.7.RELEASE.jar;C:\Users\andres.carrasquilla\.gradle\caches\modules-2\files-2.1\org.springframework.boot\spring-boot-starter-logging\1.5.7.RELEASE\c84c4ea09d7f789a0d5e936a961471e5dbd9295e\spring-boot-starter-logging-1.5.7.RELEASE.jar;C:\Users\andres.carrasquilla\.gradle\caches\modules-2\files-2.1\org.yaml\snakeyaml\1.17\7a27ea250c5130b2922b86dea63cbb1cc10a660c\snakeyaml-1.17.jar;C:\Users\andres.carrasquilla\.gradle\caches\modules-2\files-2.1\org.apache.tomcat.embed\tomcat-embed-core\8.5.20\b9026ee20f1f6a2b0fc3e51dd806d800901448b0\tomcat-embed-core-8.5.20.jar;C:\Users\andres.carrasquilla\.gradle\caches\modules-2\files-2.1\org.apache.tomcat.embed\tomcat-embed-el\8.5.20\42960f481a8a80f4ffd3b865c2232820e3565bf1\tomcat-embed-el-8.5.20.jar;C:\Users\andres.carrasquilla\.gradle\caches\modules-2\files-2.1\org.apache.tomcat.embed\tomcat-embed-websocket\8.5.20\4df9055507926a2651f691cc9964c50493a0ab29\tomcat-embed-websocket-8.5.20.jar;C:\Users\andres.carrasquilla\.gradle\caches\modules-2\files-2.1\javax.validation\validation-api\1.1.0.Final\8613ae82954779d518631e05daa73a6a954817d5\validation-api-1.1.0.Final.jar;C:\Users\andres.carrasquilla\.gradle\caches\modules-2\files-2.1\com.fasterxml.jackson.core\jackson-annotations\2.8.0\45b426f7796b741035581a176744d91090e2e6fb\jackson-annotations-2.8.0.jar;C:\Users\andres.carrasquilla\.gradle\caches\modules-2\files-2.1\com.fasterxml.jackson.core\jackson-core\2.8.10\eb21a035c66ad307e66ec8fce37f5d50fd62d039\jackson-core-2.8.10.jar;C:\Users\andres.carrasquilla\.gradle\caches\modules-2\files-2.1\org.springframework\spring-expression\4.3.11.RELEASE\fca662a2fccdad90ec22b2aaecb021047dcbe249\spring-expression-4.3.11.RELEASE.jar;C:\Users\andres.carrasquilla\.gradle\caches\modules-2\files-2.1\org.aspectj\aspectjweaver\1.8.10\e198c5fee28988c355f74e06461614eae36b2032\aspectjweaver-1.8.10.jar;C:\Users\andres.carrasquilla\.gradle\caches\modules-2\files-2.1\org.apache.tomcat\tomcat-jdbc\8.5.20\10d0d288d837ddfc92096920e4571054a3934160\tomcat-jdbc-8.5.20.jar;C:\Users\andres.carrasquilla\.gradle\caches\modules-2\files-2.1\org.springframework\spring-jdbc\4.3.11.RELEASE\642ed7497d327f299caccb930af6b65e229864c4\spring-jdbc-4.3.11.RELEASE.jar;C:\Users\andres.carrasquilla\.gradle\caches\modules-2\files-2.1\net.minidev\json-smart\2.2.1\5b9e5df7a62d1279b70dc882b041d249c4f0b002\json-smart-2.2.1.jar;C:\Users\andres.carrasquilla\.gradle\caches\modules-2\files-2.1\org.objenesis\objenesis\2.1\87c0ea803b69252868d09308b4618f766f135a96\objenesis-2.1.jar;C:\Users\andres.carrasquilla\.gradle\caches\modules-2\files-2.1\com.vaadin.external.google\android-json\0.0.20131108.vaadin1\fa26d351fe62a6a17f5cda1287c1c6110dec413f\android-json-0.0.20131108.vaadin1.jar;C:\Users\andres.carrasquilla\.gradle\caches\modules-2\files-2.1\ch.qos.logback\logback-classic\1.1.11\ccedfbacef4a6515d2983e3f89ed753d5d4fb665\logback-classic-1.1.11.jar;C:\Users\andres.carrasquilla\.gradle\caches\modules-2\files-2.1\org.slf4j\jul-to-slf4j\1.7.25\af5364cd6679bfffb114f0dec8a157aaa283b76\jul-to-slf4j-1.7.25.jar;C:\Users\andres.carrasquilla\.gradle\caches\modules-2\files-2.1\org.slf4j\log4j-over-slf4j\1.7.25\a87bb47468f47ee7aabbd54f93e133d4215769c3\log4j-over-slf4j-1.7.25.jar;C:\Users\andres.carrasquilla\.gradle\caches\modules-2\files-2.1\org.apache.tomcat\tomcat-juli\8.5.20\6c0579d329696059f377585d2a51455bf083d9ee\tomcat-juli-8.5.20.jar;C:\Users\andres.carrasquilla\.gradle\caches\modules-2\files-2.1\net.minidev\accessors-smart\1.1\a527213f2fea112a04c9bdf0ec0264e34104cd08\accessors-smart-1.1.jar;C:\Users\andres.carrasquilla\.gradle\caches\modules-2\files-2.1\ch.qos.logback\logback-core\1.1.11\88b8df40340eed549fb07e2613879bf6b006704d\logback-core-1.1.11.jar;C:\Users\andres.carrasquilla\.gradle\caches\modules-2\files-2.1\org.ow2.asm\asm\5.0.3\dcc2193db20e19e1feca8b1240dbbc4e190824fa\asm-5.0.3.jar, java.vm.vendor=Oracle Corporation, sun.arch.data.model=64, user.variant=, java.vendor.url=http://java.oracle.com/, user.timezone=America/Bogota, javax.persistence.jdbc.url=jdbc:h2:mem:test, os.name=Windows 10, java.vm.specification.version=1.8, user.country=US, sun.java.launcher=SUN_STANDARD, sun.boot.library.path=C:\Program Files\Java\jdk1.8.0_144\jre\bin, sun.java.command=jarjar.org.gradle.process.internal.launcher.GradleWorkerMain 'Gradle Test Executor 1', sun.cpu.endian=little, user.home=C:\Users\andres.carrasquilla, user.language=en, java.specification.vendor=Oracle Corporation, java.home=C:\Program Files\Java\jdk1.8.0_144\jre, file.separator=\, line.separator=
, java.vm.specification.vendor=Oracle Corporation, java.specification.name=Java Platform API Specification, hibernate.transaction.coordinator_class=class org.hibernate.resource.transaction.backend.jdbc.internal.JdbcResourceLocalTransactionCoordinatorBuilderImpl, java.awt.graphicsenv=sun.awt.Win32GraphicsEnvironment, javax.persistence.jdbc.driver=org.h2.Driver, sun.boot.class.path=C:\Program Files\Java\jdk1.8.0_144\jre\lib\resources.jar;C:\Program Files\Java\jdk1.8.0_144\jre\lib\rt.jar;C:\Program Files\Java\jdk1.8.0_144\jre\lib\sunrsasign.jar;C:\Program Files\Java\jdk1.8.0_144\jre\lib\jsse.jar;C:\Program Files\Java\jdk1.8.0_144\jre\lib\jce.jar;C:\Program Files\Java\jdk1.8.0_144\jre\lib\charsets.jar;C:\Program Files\Java\jdk1.8.0_144\jre\lib\jfr.jar;C:\Program Files\Java\jdk1.8.0_144\jre\classes, hibernate.hbm2ddl.auto=create, user.script=, sun.management.compiler=HotSpot 64-Bit Tiered Compilers, java.runtime.version=1.8.0_144-b01, user.name=andres.carrasquilla, path.separator=;, os.version=10.0, java.endorsed.dirs=C:\Program Files\Java\jdk1.8.0_144\jre\lib\endorsed, java.runtime.name=Java(TM) SE Runtime Environment, hibernate.connection.url=jdbc:h2:mem:test, hibernate.ejb.persistenceUnitName=biblioteca-pu-test, file.encoding=windows-1252, java.vm.name=Java HotSpot(TM) 64-Bit Server VM, hibernate.show_sql=true, hibernate.connection.driver_class=org.h2.Driver, java.vendor.url.bug=http://bugreport.sun.com/bugreport/, java.io.tmpdir=C:\Users\ANDRES~1.CAR\AppData\Local\Temp\, java.version=1.8.0_144, user.dir=D:\workspaces\examen-ingreso\biblioteca, os.arch=amd64, java.vm.specification.name=Java Virtual Machine Specification, java.awt.printerjob=sun.awt.windows.WPrinterJob, sun.os.patch.level=, hibernate.boot.CfgXmlAccessService.key=org.hibernate.boot.cfgxml.spi.LoadedConfig@1bbde2b4, java.library.path=C:\Program Files\Java\jdk1.8.0_144\bin;C:\Windows\Sun\Java\bin;C:\Windows\system32;C:\Windows;C:/Program Files/Java/jre1.8.0_144/bin/server;C:/Program Files/Java/jre1.8.0_144/bin;C:/Program Files/Java/jre1.8.0_144/lib/amd64;C:\ProgramData\Oracle\Java\javapath;C:\Program Files\CollabNet\Subversion Client;C:\Oracle\product\11.1.0\client_1\bin;C:\Windows\system32;C:\Windows;C:\Windows\System32\Wbem;C:\Windows\System32\WindowsPowerShell\v1.0\;C:\Program Files\TortoiseSVN\bin;C:\Program Files\PuTTY\;C:\Program Files\Git\cmd;C:\Users\andres.carrasquilla\AppData\Local\Microsoft\WindowsApps;C:\Users\andres.carrasquilla\AppData\Local\GitHubDesktop\bin;D:\eclipse;;., java.vm.info=mixed mode, java.vendor=Oracle Corporation, java.vm.version=25.144-b01, hibernate.bytecode.use_reflection_optimizer=false, java.ext.dirs=C:\Program Files\Java\jdk1.8.0_144\jre\lib\ext;C:\Windows\Sun\Java\lib\ext, sun.io.unicode.encoding=UnicodeLittle, java.class.version=52.0}
2530 [Test worker] DEBUG org.hibernate.internal.SessionFactoryImpl  - Instantiating session factory with properties: {sun.desktop=windows, awt.toolkit=sun.awt.windows.WToolkit, file.encoding.pkg=sun.io, java.specification.version=1.8, sun.cpu.isalist=amd64, sun.jnu.encoding=Cp1252, hibernate.dialect=org.hibernate.dialect.H2Dialect, org.gradle.test.worker=1, java.class.path=D:\workspaces\examen-ingreso\biblioteca\build\classes\test;D:\workspaces\examen-ingreso\biblioteca\build\resources\test;D:\workspaces\examen-ingreso\biblioteca\build\classes\main;D:\workspaces\examen-ingreso\biblioteca\build\resources\main;C:\Users\andres.carrasquilla\.gradle\caches\modules-2\files-2.1\log4j\log4j\1.2.17\5af35056b4d257e4b64b9e8069c0746e8b08629f\log4j-1.2.17.jar;C:\Users\andres.carrasquilla\.gradle\caches\modules-2\files-2.1\com.h2database\h2\1.4.194\a180e95af52ad8116d52beb5f1d28596dcafa9d8\h2-1.4.194.jar;C:\Users\andres.carrasquilla\.gradle\caches\modules-2\files-2.1\org.hibernate\hibernate-core\5.2.9.Final\284e5c769bbcc3fe1d4961f163b7360e6b4e2422\hibernate-core-5.2.9.Final.jar;C:\Users\andres.carrasquilla\.gradle\caches\modules-2\files-2.1\org.springframework.boot\spring-boot-starter-web\1.5.7.RELEASE\a862305be8b7512a41f6768d825ed37251ccbbe0\spring-boot-starter-web-1.5.7.RELEASE.jar;C:\Users\andres.carrasquilla\.gradle\caches\modules-2\files-2.1\org.springframework.boot\spring-boot-starter-data-jpa\1.5.7.RELEASE\ccdf14487724b7c1343e5d2605f7170c026e405\spring-boot-starter-data-jpa-1.5.7.RELEASE.jar;C:\Users\andres.carrasquilla\.gradle\caches\modules-2\files-2.1\org.springframework.data\spring-data-jpa\1.11.7.RELEASE\587051cc7d7a3ddfac6098d623a658abb2f15865\spring-data-jpa-1.11.7.RELEASE.jar;C:\Users\andres.carrasquilla\.gradle\caches\modules-2\files-2.1\junit\junit\4.12\2973d150c0dc1fefe998f834810d68f278ea58ec\junit-4.12.jar;C:\Users\andres.carrasquilla\.gradle\caches\modules-2\files-2.1\org.mockito\mockito-all\1.10.19\539df70269cc254a58cccc5d8e43286b4a73bf30\mockito-all-1.10.19.jar;C:\Users\andres.carrasquilla\.gradle\caches\modules-2\files-2.1\org.springframework.boot\spring-boot-starter-test\1.5.7.RELEASE\d23f37a72c2d4e46aba66bc69a649213f9cadeee\spring-boot-starter-test-1.5.7.RELEASE.jar;C:\Users\andres.carrasquilla\.gradle\caches\modules-2\files-2.1\org.jboss.logging\jboss-logging\3.3.1.Final\c46217ab74b532568c0ed31dc599db3048bd1b67\jboss-logging-3.3.1.Final.jar;C:\Users\andres.carrasquilla\.gradle\caches\modules-2\files-2.1\org.hibernate.javax.persistence\hibernate-jpa-2.1-api\1.0.0.Final\5e731d961297e5a07290bfaf3db1fbc8bbbf405a\hibernate-jpa-2.1-api-1.0.0.Final.jar;C:\Users\andres.carrasquilla\.gradle\caches\modules-2\files-2.1\org.javassist\javassist\3.21.0-GA\598244f595db5c5fb713731eddbb1c91a58d959b\javassist-3.21.0-GA.jar;C:\Users\andres.carrasquilla\.gradle\caches\modules-2\files-2.1\antlr\antlr\2.7.7\83cd2cd674a217ade95a4bb83a8a14f351f48bd0\antlr-2.7.7.jar;C:\Users\andres.carrasquilla\.gradle\caches\modules-2\files-2.1\org.jboss.spec.javax.transaction\jboss-transaction-api_1.2_spec\1.0.1.Final\4441f144a2a1f46ed48fcc6b476a4b6295e6d524\jboss-transaction-api_1.2_spec-1.0.1.Final.jar;C:\Users\andres.carrasquilla\.gradle\caches\modules-2\files-2.1\org.jboss\jandex\2.0.3.Final\bfc4d6257dbff7a33a357f0de116be6ff951d849\jandex-2.0.3.Final.jar;C:\Users\andres.carrasquilla\.gradle\caches\modules-2\files-2.1\com.fasterxml\classmate\1.3.4\3d5f48f10bbe4eb7bd862f10c0583be2e0053c6\classmate-1.3.4.jar;C:\Users\andres.carrasquilla\.gradle\caches\modules-2\files-2.1\dom4j\dom4j\1.6.1\5d3ccc056b6f056dbf0dddfdf43894b9065a8f94\dom4j-1.6.1.jar;C:\Users\andres.carrasquilla\.gradle\caches\modules-2\files-2.1\org.hibernate.common\hibernate-commons-annotations\5.0.1.Final\71e1cff3fcb20d3b3af4f3363c3ddb24d33c6879\hibernate-commons-annotations-5.0.1.Final.jar;C:\Users\andres.carrasquilla\.gradle\caches\modules-2\files-2.1\org.springframework.boot\spring-boot-starter\1.5.7.RELEASE\b42fe6962dd8b3be4ac8c1d7134d0ca2d0a35c7e\spring-boot-starter-1.5.7.RELEASE.jar;C:\Users\andres.carrasquilla\.gradle\caches\modules-2\files-2.1\org.springframework.boot\spring-boot-starter-tomcat\1.5.7.RELEASE\eae533e2a0111a51d812912acb3d3e2368736d1b\spring-boot-starter-tomcat-1.5.7.RELEASE.jar;C:\Users\andres.carrasquilla\.gradle\caches\modules-2\files-2.1\org.hibernate\hibernate-validator\5.3.5.Final\622a9bcef2eed6d41b5b8e0662c36212009e375\hibernate-validator-5.3.5.Final.jar;C:\Users\andres.carrasquilla\.gradle\caches\modules-2\files-2.1\com.fasterxml.jackson.core\jackson-databind\2.8.10\f7b83cb2bc4b88d53961e749e1ad32f49ef017b7\jackson-databind-2.8.10.jar;C:\Users\andres.carrasquilla\.gradle\caches\modules-2\files-2.1\org.springframework\spring-web\4.3.11.RELEASE\50a3dfce550bdf9459dfb2c6282aa104b040258e\spring-web-4.3.11.RELEASE.jar;C:\Users\andres.carrasquilla\.gradle\caches\modules-2\files-2.1\org.springframework\spring-webmvc\4.3.11.RELEASE\814f91ec4dc324e724bbe7cbc5045b234604c539\spring-webmvc-4.3.11.RELEASE.jar;C:\Users\andres.carrasquilla\.gradle\caches\modules-2\files-2.1\org.springframework.boot\spring-boot-starter-aop\1.5.7.RELEASE\189098a72ccc0cca07ea42d6715c10524b5a93d1\spring-boot-starter-aop-1.5.7.RELEASE.jar;C:\Users\andres.carrasquilla\.gradle\caches\modules-2\files-2.1\org.springframework.boot\spring-boot-starter-jdbc\1.5.7.RELEASE\98c652a5461ccbec70b55fd0f7815d9c9a37a082\spring-boot-starter-jdbc-1.5.7.RELEASE.jar;C:\Users\andres.carrasquilla\.gradle\caches\modules-2\files-2.1\org.hibernate\hibernate-entitymanager\5.0.12.Final\302a526f5058290e9cbd719a5caf9f248d344719\hibernate-entitymanager-5.0.12.Final.jar;C:\Users\andres.carrasquilla\.gradle\caches\modules-2\files-2.1\javax.transaction\javax.transaction-api\1.2\d81aff979d603edd90dcd8db2abc1f4ce6479e3e\javax.transaction-api-1.2.jar;C:\Users\andres.carrasquilla\.gradle\caches\modules-2\files-2.1\org.springframework\spring-aspects\4.3.11.RELEASE\38ab744d37aef58762a03dbe7ab1479070ebadc6\spring-aspects-4.3.11.RELEASE.jar;C:\Users\andres.carrasquilla\.gradle\caches\modules-2\files-2.1\org.springframework.data\spring-data-commons\1.13.7.RELEASE\cf4538abda1f0a9cf2323d6e4204df0130aeec73\spring-data-commons-1.13.7.RELEASE.jar;C:\Users\andres.carrasquilla\.gradle\caches\modules-2\files-2.1\org.springframework\spring-orm\4.3.11.RELEASE\7ba1b25ad62b29295aa90ae88f9f35e84861953c\spring-orm-4.3.11.RELEASE.jar;C:\Users\andres.carrasquilla\.gradle\caches\modules-2\files-2.1\org.springframework\spring-context\4.3.11.RELEASE\3efec2d7c7469d49108a2b21c3f15831f7297569\spring-context-4.3.11.RELEASE.jar;C:\Users\andres.carrasquilla\.gradle\caches\modules-2\files-2.1\org.springframework\spring-aop\4.3.11.RELEASE\461d0bb58f1de30203d9331adf4b51de9554de5a\spring-aop-4.3.11.RELEASE.jar;C:\Users\andres.carrasquilla\.gradle\caches\modules-2\files-2.1\org.springframework\spring-tx\4.3.11.RELEASE\c931ee363d2269f03edfeb83d7d7fe23924ab8a1\spring-tx-4.3.11.RELEASE.jar;C:\Users\andres.carrasquilla\.gradle\caches\modules-2\files-2.1\org.springframework\spring-beans\4.3.11.RELEASE\591cc35fd39292adae13f01aa13e978d0bb11936\spring-beans-4.3.11.RELEASE.jar;C:\Users\andres.carrasquilla\.gradle\caches\modules-2\files-2.1\org.springframework\spring-core\4.3.11.RELEASE\eb30ed093f628279d3aead068fd478fa343f1dad\spring-core-4.3.11.RELEASE.jar;C:\Users\andres.carrasquilla\.gradle\caches\modules-2\files-2.1\org.aspectj\aspectjrt\1.8.10\1a14fe9e912f6e8bdbb5429b78b4090d8b47bc1\aspectjrt-1.8.10.jar;C:\Users\andres.carrasquilla\.gradle\caches\modules-2\files-2.1\org.slf4j\slf4j-api\1.7.25\da76ca59f6a57ee3102f8f9bd9cee742973efa8a\slf4j-api-1.7.25.jar;C:\Users\andres.carrasquilla\.gradle\caches\modules-2\files-2.1\org.slf4j\jcl-over-slf4j\1.7.25\f8c32b13ff142a513eeb5b6330b1588dcb2c0461\jcl-over-slf4j-1.7.25.jar;C:\Users\andres.carrasquilla\.gradle\caches\modules-2\files-2.1\org.hamcrest\hamcrest-core\1.3\42a25dc3219429f0e5d060061f71acb49bf010a0\hamcrest-core-1.3.jar;C:\Users\andres.carrasquilla\.gradle\caches\modules-2\files-2.1\org.springframework.boot\spring-boot-test\1.5.7.RELEASE\b8d77445d48f4320f404d8f13f4e5cb95bc36b30\spring-boot-test-1.5.7.RELEASE.jar;C:\Users\andres.carrasquilla\.gradle\caches\modules-2\files-2.1\org.springframework.boot\spring-boot-test-autoconfigure\1.5.7.RELEASE\8bead16b97c9f1b5fe7c47f3e030dd9351a6974d\spring-boot-test-autoconfigure-1.5.7.RELEASE.jar;C:\Users\andres.carrasquilla\.gradle\caches\modules-2\files-2.1\com.jayway.jsonpath\json-path\2.2.0\22290d17944bd239fabf5ac69005a60a7ecbbbcb\json-path-2.2.0.jar;C:\Users\andres.carrasquilla\.gradle\caches\modules-2\files-2.1\org.assertj\assertj-core\2.6.0\b532c3fc4f66bcfee4989a3514f1cd56203a33ad\assertj-core-2.6.0.jar;C:\Users\andres.carrasquilla\.gradle\caches\modules-2\files-2.1\org.mockito\mockito-core\1.10.19\e8546f5bef4e061d8dd73895b4e8f40e3fe6effe\mockito-core-1.10.19.jar;C:\Users\andres.carrasquilla\.gradle\caches\modules-2\files-2.1\org.hamcrest\hamcrest-library\1.3\4785a3c21320980282f9f33d0d1264a69040538f\hamcrest-library-1.3.jar;C:\Users\andres.carrasquilla\.gradle\caches\modules-2\files-2.1\org.skyscreamer\jsonassert\1.4.0\9cdbb373a06f6513e51e8c545ee6a5e981463edb\jsonassert-1.4.0.jar;C:\Users\andres.carrasquilla\.gradle\caches\modules-2\files-2.1\org.springframework\spring-test\4.3.11.RELEASE\cf765b5d6d6bdc38c67522ecae3fe9549da43e1\spring-test-4.3.11.RELEASE.jar;C:\Users\andres.carrasquilla\.gradle\caches\modules-2\files-2.1\org.springframework.boot\spring-boot\1.5.7.RELEASE\1006870df7b3dc203df7ce84463c5dd7049fdaa4\spring-boot-1.5.7.RELEASE.jar;C:\Users\andres.carrasquilla\.gradle\caches\modules-2\files-2.1\org.springframework.boot\spring-boot-autoconfigure\1.5.7.RELEASE\e83f1407ff991e9e7eb156f49fa19d868bb73289\spring-boot-autoconfigure-1.5.7.RELEASE.jar;C:\Users\andres.carrasquilla\.gradle\caches\modules-2\files-2.1\org.springframework.boot\spring-boot-starter-logging\1.5.7.RELEASE\c84c4ea09d7f789a0d5e936a961471e5dbd9295e\spring-boot-starter-logging-1.5.7.RELEASE.jar;C:\Users\andres.carrasquilla\.gradle\caches\modules-2\files-2.1\org.yaml\snakeyaml\1.17\7a27ea250c5130b2922b86dea63cbb1cc10a660c\snakeyaml-1.17.jar;C:\Users\andres.carrasquilla\.gradle\caches\modules-2\files-2.1\org.apache.tomcat.embed\tomcat-embed-core\8.5.20\b9026ee20f1f6a2b0fc3e51dd806d800901448b0\tomcat-embed-core-8.5.20.jar;C:\Users\andres.carrasquilla\.gradle\caches\modules-2\files-2.1\org.apache.tomcat.embed\tomcat-embed-el\8.5.20\42960f481a8a80f4ffd3b865c2232820e3565bf1\tomcat-embed-el-8.5.20.jar;C:\Users\andres.carrasquilla\.gradle\caches\modules-2\files-2.1\org.apache.tomcat.embed\tomcat-embed-websocket\8.5.20\4df9055507926a2651f691cc9964c50493a0ab29\tomcat-embed-websocket-8.5.20.jar;C:\Users\andres.carrasquilla\.gradle\caches\modules-2\files-2.1\javax.validation\validation-api\1.1.0.Final\8613ae82954779d518631e05daa73a6a954817d5\validation-api-1.1.0.Final.jar;C:\Users\andres.carrasquilla\.gradle\caches\modules-2\files-2.1\com.fasterxml.jackson.core\jackson-annotations\2.8.0\45b426f7796b741035581a176744d91090e2e6fb\jackson-annotations-2.8.0.jar;C:\Users\andres.carrasquilla\.gradle\caches\modules-2\files-2.1\com.fasterxml.jackson.core\jackson-core\2.8.10\eb21a035c66ad307e66ec8fce37f5d50fd62d039\jackson-core-2.8.10.jar;C:\Users\andres.carrasquilla\.gradle\caches\modules-2\files-2.1\org.springframework\spring-expression\4.3.11.RELEASE\fca662a2fccdad90ec22b2aaecb021047dcbe249\spring-expression-4.3.11.RELEASE.jar;C:\Users\andres.carrasquilla\.gradle\caches\modules-2\files-2.1\org.aspectj\aspectjweaver\1.8.10\e198c5fee28988c355f74e06461614eae36b2032\aspectjweaver-1.8.10.jar;C:\Users\andres.carrasquilla\.gradle\caches\modules-2\files-2.1\org.apache.tomcat\tomcat-jdbc\8.5.20\10d0d288d837ddfc92096920e4571054a3934160\tomcat-jdbc-8.5.20.jar;C:\Users\andres.carrasquilla\.gradle\caches\modules-2\files-2.1\org.springframework\spring-jdbc\4.3.11.RELEASE\642ed7497d327f299caccb930af6b65e229864c4\spring-jdbc-4.3.11.RELEASE.jar;C:\Users\andres.carrasquilla\.gradle\caches\modules-2\files-2.1\net.minidev\json-smart\2.2.1\5b9e5df7a62d1279b70dc882b041d249c4f0b002\json-smart-2.2.1.jar;C:\Users\andres.carrasquilla\.gradle\caches\modules-2\files-2.1\org.objenesis\objenesis\2.1\87c0ea803b69252868d09308b4618f766f135a96\objenesis-2.1.jar;C:\Users\andres.carrasquilla\.gradle\caches\modules-2\files-2.1\com.vaadin.external.google\android-json\0.0.20131108.vaadin1\fa26d351fe62a6a17f5cda1287c1c6110dec413f\android-json-0.0.20131108.vaadin1.jar;C:\Users\andres.carrasquilla\.gradle\caches\modules-2\files-2.1\ch.qos.logback\logback-classic\1.1.11\ccedfbacef4a6515d2983e3f89ed753d5d4fb665\logback-classic-1.1.11.jar;C:\Users\andres.carrasquilla\.gradle\caches\modules-2\files-2.1\org.slf4j\jul-to-slf4j\1.7.25\af5364cd6679bfffb114f0dec8a157aaa283b76\jul-to-slf4j-1.7.25.jar;C:\Users\andres.carrasquilla\.gradle\caches\modules-2\files-2.1\org.slf4j\log4j-over-slf4j\1.7.25\a87bb47468f47ee7aabbd54f93e133d4215769c3\log4j-over-slf4j-1.7.25.jar;C:\Users\andres.carrasquilla\.gradle\caches\modules-2\files-2.1\org.apache.tomcat\tomcat-juli\8.5.20\6c0579d329696059f377585d2a51455bf083d9ee\tomcat-juli-8.5.20.jar;C:\Users\andres.carrasquilla\.gradle\caches\modules-2\files-2.1\net.minidev\accessors-smart\1.1\a527213f2fea112a04c9bdf0ec0264e34104cd08\accessors-smart-1.1.jar;C:\Users\andres.carrasquilla\.gradle\caches\modules-2\files-2.1\ch.qos.logback\logback-core\1.1.11\88b8df40340eed549fb07e2613879bf6b006704d\logback-core-1.1.11.jar;C:\Users\andres.carrasquilla\.gradle\caches\modules-2\files-2.1\org.ow2.asm\asm\5.0.3\dcc2193db20e19e1feca8b1240dbbc4e190824fa\asm-5.0.3.jar, java.vm.vendor=Oracle Corporation, sun.arch.data.model=64, user.variant=, java.vendor.url=http://java.oracle.com/, user.timezone=America/Bogota, javax.persistence.jdbc.url=jdbc:h2:mem:test, os.name=Windows 10, java.vm.specification.version=1.8, user.country=US, sun.java.launcher=SUN_STANDARD, sun.boot.library.path=C:\Program Files\Java\jdk1.8.0_144\jre\bin, sun.java.command=jarjar.org.gradle.process.internal.launcher.GradleWorkerMain 'Gradle Test Executor 1', sun.cpu.endian=little, user.home=C:\Users\andres.carrasquilla, user.language=en, java.specification.vendor=Oracle Corporation, java.home=C:\Program Files\Java\jdk1.8.0_144\jre, file.separator=\, line.separator=
, java.vm.specification.vendor=Oracle Corporation, java.specification.name=Java Platform API Specification, hibernate.transaction.coordinator_class=class org.hibernate.resource.transaction.backend.jdbc.internal.JdbcResourceLocalTransactionCoordinatorBuilderImpl, java.awt.graphicsenv=sun.awt.Win32GraphicsEnvironment, javax.persistence.jdbc.driver=org.h2.Driver, sun.boot.class.path=C:\Program Files\Java\jdk1.8.0_144\jre\lib\resources.jar;C:\Program Files\Java\jdk1.8.0_144\jre\lib\rt.jar;C:\Program Files\Java\jdk1.8.0_144\jre\lib\sunrsasign.jar;C:\Program Files\Java\jdk1.8.0_144\jre\lib\jsse.jar;C:\Program Files\Java\jdk1.8.0_144\jre\lib\jce.jar;C:\Program Files\Java\jdk1.8.0_144\jre\lib\charsets.jar;C:\Program Files\Java\jdk1.8.0_144\jre\lib\jfr.jar;C:\Program Files\Java\jdk1.8.0_144\jre\classes, hibernate.hbm2ddl.auto=create, user.script=, sun.management.compiler=HotSpot 64-Bit Tiered Compilers, java.runtime.version=1.8.0_144-b01, user.name=andres.carrasquilla, path.separator=;, os.version=10.0, java.endorsed.dirs=C:\Program Files\Java\jdk1.8.0_144\jre\lib\endorsed, java.runtime.name=Java(TM) SE Runtime Environment, hibernate.connection.url=jdbc:h2:mem:test, hibernate.ejb.persistenceUnitName=biblioteca-pu-test, file.encoding=windows-1252, java.vm.name=Java HotSpot(TM) 64-Bit Server VM, hibernate.show_sql=true, hibernate.connection.driver_class=org.h2.Driver, java.vendor.url.bug=http://bugreport.sun.com/bugreport/, java.io.tmpdir=C:\Users\ANDRES~1.CAR\AppData\Local\Temp\, java.version=1.8.0_144, user.dir=D:\workspaces\examen-ingreso\biblioteca, os.arch=amd64, java.vm.specification.name=Java Virtual Machine Specification, java.awt.printerjob=sun.awt.windows.WPrinterJob, sun.os.patch.level=, hibernate.boot.CfgXmlAccessService.key=org.hibernate.boot.cfgxml.spi.LoadedConfig@1bbde2b4, java.library.path=C:\Program Files\Java\jdk1.8.0_144\bin;C:\Windows\Sun\Java\bin;C:\Windows\system32;C:\Windows;C:/Program Files/Java/jre1.8.0_144/bin/server;C:/Program Files/Java/jre1.8.0_144/bin;C:/Program Files/Java/jre1.8.0_144/lib/amd64;C:\ProgramData\Oracle\Java\javapath;C:\Program Files\CollabNet\Subversion Client;C:\Oracle\product\11.1.0\client_1\bin;C:\Windows\system32;C:\Windows;C:\Windows\System32\Wbem;C:\Windows\System32\WindowsPowerShell\v1.0\;C:\Program Files\TortoiseSVN\bin;C:\Program Files\PuTTY\;C:\Program Files\Git\cmd;C:\Users\andres.carrasquilla\AppData\Local\Microsoft\WindowsApps;C:\Users\andres.carrasquilla\AppData\Local\GitHubDesktop\bin;D:\eclipse;;., java.vm.info=mixed mode, java.vendor=Oracle Corporation, java.vm.version=25.144-b01, hibernate.bytecode.use_reflection_optimizer=false, java.ext.dirs=C:\Program Files\Java\jdk1.8.0_144\jre\lib\ext;C:\Windows\Sun\Java\lib\ext, sun.io.unicode.encoding=UnicodeLittle, java.class.version=52.0}
2530 [Test worker] DEBUG org.hibernate.validator.internal.engine.resolver.DefaultTraversableResolver  - Found javax.persistence.Persistence on classpath containing 'getPersistenceUtil'. Assuming JPA 2 environment. Trying to instantiate JPA aware TraversableResolver
2530 [Test worker] DEBUG org.hibernate.validator.internal.engine.resolver.DefaultTraversableResolver  - Found javax.persistence.Persistence on classpath containing 'getPersistenceUtil'. Assuming JPA 2 environment. Trying to instantiate JPA aware TraversableResolver
2530 [Test worker] DEBUG org.hibernate.validator.internal.engine.resolver.DefaultTraversableResolver  - Instantiated JPA aware TraversableResolver of type org.hibernate.validator.internal.engine.resolver.JPATraversableResolver.
2530 [Test worker] DEBUG org.hibernate.validator.internal.engine.resolver.DefaultTraversableResolver  - Instantiated JPA aware TraversableResolver of type org.hibernate.validator.internal.engine.resolver.JPATraversableResolver.
2530 [Test worker] DEBUG org.hibernate.validator.internal.xml.ValidationXmlParser  - Trying to load META-INF/validation.xml for XML based Validator configuration.
2530 [Test worker] DEBUG org.hibernate.validator.internal.xml.ValidationXmlParser  - Trying to load META-INF/validation.xml for XML based Validator configuration.
2530 [Test worker] DEBUG org.hibernate.validator.internal.xml.ResourceLoaderHelper  - Trying to load META-INF/validation.xml via TCCL
2530 [Test worker] DEBUG org.hibernate.validator.internal.xml.ResourceLoaderHelper  - Trying to load META-INF/validation.xml via TCCL
2530 [Test worker] DEBUG org.hibernate.validator.internal.xml.ResourceLoaderHelper  - Trying to load META-INF/validation.xml via Hibernate Validator's class loader
2530 [Test worker] DEBUG org.hibernate.validator.internal.xml.ResourceLoaderHelper  - Trying to load META-INF/validation.xml via Hibernate Validator's class loader
2530 [Test worker] DEBUG org.hibernate.validator.internal.xml.ValidationXmlParser  - No META-INF/validation.xml found. Using annotation based configuration only.
2530 [Test worker] DEBUG org.hibernate.validator.internal.xml.ValidationXmlParser  - No META-INF/validation.xml found. Using annotation based configuration only.
2530 [Test worker] DEBUG org.hibernate.boot.internal.ClassLoaderAccessImpl  - Not known whether passed class name [persistencia.entitad.PrestamoEntity] is safe
2530 [Test worker] DEBUG org.hibernate.boot.internal.ClassLoaderAccessImpl  - Not known whether passed class name [persistencia.entitad.PrestamoEntity] is safe
2530 [Test worker] DEBUG org.hibernate.boot.internal.ClassLoaderAccessImpl  - No temp ClassLoader provided; using live ClassLoader for loading potentially unsafe class : persistencia.entitad.PrestamoEntity
2530 [Test worker] DEBUG org.hibernate.boot.internal.ClassLoaderAccessImpl  - No temp ClassLoader provided; using live ClassLoader for loading potentially unsafe class : persistencia.entitad.PrestamoEntity
2530 [Test worker] DEBUG org.hibernate.boot.internal.ClassLoaderAccessImpl  - Not known whether passed class name [persistencia.entitad.LibroEntity] is safe
2530 [Test worker] DEBUG org.hibernate.boot.internal.ClassLoaderAccessImpl  - Not known whether passed class name [persistencia.entitad.LibroEntity] is safe
2530 [Test worker] DEBUG org.hibernate.boot.internal.ClassLoaderAccessImpl  - No temp ClassLoader provided; using live ClassLoader for loading potentially unsafe class : persistencia.entitad.LibroEntity
2530 [Test worker] DEBUG org.hibernate.boot.internal.ClassLoaderAccessImpl  - No temp ClassLoader provided; using live ClassLoader for loading potentially unsafe class : persistencia.entitad.LibroEntity
2546 [Test worker] DEBUG org.hibernate.secure.spi.JaccIntegrator  - Skipping JACC integration as it was not enabled
2546 [Test worker] DEBUG org.hibernate.secure.spi.JaccIntegrator  - Skipping JACC integration as it was not enabled
2546 [Test worker] DEBUG org.hibernate.engine.spi.CascadeStyles  - External cascade style regsitration [persist : STYLE_PERSIST_SKIPLAZY] overrode base registration [STYLE_PERSIST_SKIPLAZY]
2546 [Test worker] DEBUG org.hibernate.engine.spi.CascadeStyles  - External cascade style regsitration [persist : STYLE_PERSIST_SKIPLAZY] overrode base registration [STYLE_PERSIST_SKIPLAZY]
2546 [Test worker] DEBUG org.hibernate.internal.SessionFactoryImpl  - Instantiated session factory
2546 [Test worker] DEBUG org.hibernate.internal.SessionFactoryImpl  - Instantiated session factory
2546 [Test worker] DEBUG org.hibernate.boot.internal.ClassLoaderAccessImpl  - Not known whether passed class name [persistencia.entitad.PrestamoEntity] is safe
2546 [Test worker] DEBUG org.hibernate.boot.internal.ClassLoaderAccessImpl  - Not known whether passed class name [persistencia.entitad.PrestamoEntity] is safe
2546 [Test worker] DEBUG org.hibernate.boot.internal.ClassLoaderAccessImpl  - No temp ClassLoader provided; using live ClassLoader for loading potentially unsafe class : persistencia.entitad.PrestamoEntity
2546 [Test worker] DEBUG org.hibernate.boot.internal.ClassLoaderAccessImpl  - No temp ClassLoader provided; using live ClassLoader for loading potentially unsafe class : persistencia.entitad.PrestamoEntity
2546 [Test worker] DEBUG org.hibernate.boot.internal.ClassLoaderAccessImpl  - Not known whether passed class name [persistencia.entitad.PrestamoEntity] is safe
2546 [Test worker] DEBUG org.hibernate.boot.internal.ClassLoaderAccessImpl  - Not known whether passed class name [persistencia.entitad.PrestamoEntity] is safe
2546 [Test worker] DEBUG org.hibernate.boot.internal.ClassLoaderAccessImpl  - No temp ClassLoader provided; using live ClassLoader for loading potentially unsafe class : persistencia.entitad.PrestamoEntity
2546 [Test worker] DEBUG org.hibernate.boot.internal.ClassLoaderAccessImpl  - No temp ClassLoader provided; using live ClassLoader for loading potentially unsafe class : persistencia.entitad.PrestamoEntity
2546 [Test worker] DEBUG org.hibernate.boot.internal.ClassLoaderAccessImpl  - Not known whether passed class name [persistencia.entitad.LibroEntity] is safe
2546 [Test worker] DEBUG org.hibernate.boot.internal.ClassLoaderAccessImpl  - Not known whether passed class name [persistencia.entitad.LibroEntity] is safe
2546 [Test worker] DEBUG org.hibernate.boot.internal.ClassLoaderAccessImpl  - No temp ClassLoader provided; using live ClassLoader for loading potentially unsafe class : persistencia.entitad.LibroEntity
2546 [Test worker] DEBUG org.hibernate.boot.internal.ClassLoaderAccessImpl  - No temp ClassLoader provided; using live ClassLoader for loading potentially unsafe class : persistencia.entitad.LibroEntity
2546 [Test worker] DEBUG org.hibernate.boot.internal.ClassLoaderAccessImpl  - Not known whether passed class name [persistencia.entitad.LibroEntity] is safe
2546 [Test worker] DEBUG org.hibernate.boot.internal.ClassLoaderAccessImpl  - Not known whether passed class name [persistencia.entitad.LibroEntity] is safe
2546 [Test worker] DEBUG org.hibernate.boot.internal.ClassLoaderAccessImpl  - No temp ClassLoader provided; using live ClassLoader for loading potentially unsafe class : persistencia.entitad.LibroEntity
2546 [Test worker] DEBUG org.hibernate.boot.internal.ClassLoaderAccessImpl  - No temp ClassLoader provided; using live ClassLoader for loading potentially unsafe class : persistencia.entitad.LibroEntity
2546 [Test worker] DEBUG org.hibernate.persister.entity.AbstractEntityPersister  - Static SQL for entity: persistencia.entitad.PrestamoEntity
2546 [Test worker] DEBUG org.hibernate.persister.entity.AbstractEntityPersister  - Static SQL for entity: persistencia.entitad.PrestamoEntity
2546 [Test worker] DEBUG org.hibernate.persister.entity.AbstractEntityPersister  -  Version select: select id from Prestamo where id =?
2546 [Test worker] DEBUG org.hibernate.persister.entity.AbstractEntityPersister  -  Version select: select id from Prestamo where id =?
2546 [Test worker] DEBUG org.hibernate.persister.entity.AbstractEntityPersister  -  Snapshot select: select prestamoen_.id, prestamoen_.fechaEntregaMaxima as fechaEnt2_1_, prestamoen_.fechaSolicitud as fechaSol3_1_, prestamoen_.ID_LIBRO as ID_LIBRO5_1_, prestamoen_.nombreUsuario as nombreUs4_1_ from Prestamo prestamoen_ where prestamoen_.id=?
2546 [Test worker] DEBUG org.hibernate.persister.entity.AbstractEntityPersister  -  Snapshot select: select prestamoen_.id, prestamoen_.fechaEntregaMaxima as fechaEnt2_1_, prestamoen_.fechaSolicitud as fechaSol3_1_, prestamoen_.ID_LIBRO as ID_LIBRO5_1_, prestamoen_.nombreUsuario as nombreUs4_1_ from Prestamo prestamoen_ where prestamoen_.id=?
2546 [Test worker] DEBUG org.hibernate.persister.entity.AbstractEntityPersister  -  Insert 0: insert into Prestamo (fechaEntregaMaxima, fechaSolicitud, ID_LIBRO, nombreUsuario, id) values (?, ?, ?, ?, ?)
2546 [Test worker] DEBUG org.hibernate.persister.entity.AbstractEntityPersister  -  Insert 0: insert into Prestamo (fechaEntregaMaxima, fechaSolicitud, ID_LIBRO, nombreUsuario, id) values (?, ?, ?, ?, ?)
2546 [Test worker] DEBUG org.hibernate.persister.entity.AbstractEntityPersister  -  Update 0: update Prestamo set fechaEntregaMaxima=?, fechaSolicitud=?, ID_LIBRO=?, nombreUsuario=? where id=?
2546 [Test worker] DEBUG org.hibernate.persister.entity.AbstractEntityPersister  -  Update 0: update Prestamo set fechaEntregaMaxima=?, fechaSolicitud=?, ID_LIBRO=?, nombreUsuario=? where id=?
2546 [Test worker] DEBUG org.hibernate.persister.entity.AbstractEntityPersister  -  Delete 0: delete from Prestamo where id=?
2546 [Test worker] DEBUG org.hibernate.persister.entity.AbstractEntityPersister  -  Delete 0: delete from Prestamo where id=?
2546 [Test worker] DEBUG org.hibernate.loader.plan.build.internal.spaces.QuerySpacesImpl  - Adding QuerySpace : uid = <gen:0> -> org.hibernate.loader.plan.build.internal.spaces.EntityQuerySpaceImpl@791ab860]
2546 [Test worker] DEBUG org.hibernate.loader.plan.build.internal.spaces.QuerySpacesImpl  - Adding QuerySpace : uid = <gen:0> -> org.hibernate.loader.plan.build.internal.spaces.EntityQuerySpaceImpl@791ab860]
2546 [Test worker] DEBUG org.hibernate.persister.walking.spi.MetamodelGraphWalker  - Visiting attribute path : fechaEntregaMaxima
2546 [Test worker] DEBUG org.hibernate.persister.walking.spi.MetamodelGraphWalker  - Visiting attribute path : fechaEntregaMaxima
2546 [Test worker] DEBUG org.hibernate.persister.walking.spi.MetamodelGraphWalker  - Visiting attribute path : fechaSolicitud
2546 [Test worker] DEBUG org.hibernate.persister.walking.spi.MetamodelGraphWalker  - Visiting attribute path : fechaSolicitud
2546 [Test worker] DEBUG org.hibernate.persister.walking.spi.MetamodelGraphWalker  - Visiting attribute path : libro
2546 [Test worker] DEBUG org.hibernate.persister.walking.spi.MetamodelGraphWalker  - Visiting attribute path : libro
2546 [Test worker] DEBUG org.hibernate.loader.plan.build.internal.spaces.QuerySpacesImpl  - Adding QuerySpace : uid = <gen:1> -> org.hibernate.loader.plan.build.internal.spaces.EntityQuerySpaceImpl@55d79e07]
2546 [Test worker] DEBUG org.hibernate.loader.plan.build.internal.spaces.QuerySpacesImpl  - Adding QuerySpace : uid = <gen:1> -> org.hibernate.loader.plan.build.internal.spaces.EntityQuerySpaceImpl@55d79e07]
2546 [Test worker] DEBUG org.hibernate.persister.walking.spi.MetamodelGraphWalker  - Visiting attribute path : libro.anio
2546 [Test worker] DEBUG org.hibernate.persister.walking.spi.MetamodelGraphWalker  - Visiting attribute path : libro.anio
2546 [Test worker] DEBUG org.hibernate.persister.walking.spi.MetamodelGraphWalker  - Visiting attribute path : libro.isbn
2546 [Test worker] DEBUG org.hibernate.persister.walking.spi.MetamodelGraphWalker  - Visiting attribute path : libro.isbn
2546 [Test worker] DEBUG org.hibernate.persister.walking.spi.MetamodelGraphWalker  - Visiting attribute path : libro.titulo
2546 [Test worker] DEBUG org.hibernate.persister.walking.spi.MetamodelGraphWalker  - Visiting attribute path : libro.titulo
2546 [Test worker] DEBUG org.hibernate.persister.walking.spi.MetamodelGraphWalker  - Visiting attribute path : nombreUsuario
2546 [Test worker] DEBUG org.hibernate.persister.walking.spi.MetamodelGraphWalker  - Visiting attribute path : nombreUsuario
2546 [Test worker] DEBUG org.hibernate.loader.plan.build.internal.FetchStyleLoadPlanBuildingAssociationVisitationStrategy  - Building LoadPlan...
2546 [Test worker] DEBUG org.hibernate.loader.plan.build.internal.FetchStyleLoadPlanBuildingAssociationVisitationStrategy  - Building LoadPlan...
2546 [Test worker] DEBUG org.hibernate.loader.plan.exec.internal.LoadQueryJoinAndFetchProcessor  - processing queryspace <gen:0>
2546 [Test worker] DEBUG org.hibernate.loader.plan.exec.internal.LoadQueryJoinAndFetchProcessor  - processing queryspace <gen:0>
2546 [Test worker] DEBUG org.hibernate.loader.plan.build.spi.LoadPlanTreePrinter  - LoadPlan(entity=persistencia.entitad.PrestamoEntity)
    - Returns
       - EntityReturnImpl(entity=persistencia.entitad.PrestamoEntity, querySpaceUid=<gen:0>, path=persistencia.entitad.PrestamoEntity)
          - EntityAttributeFetchImpl(entity=persistencia.entitad.LibroEntity, querySpaceUid=<gen:1>, path=persistencia.entitad.PrestamoEntity.libro)
    - QuerySpaces
       - EntityQuerySpaceImpl(uid=<gen:0>, entity=persistencia.entitad.PrestamoEntity)
          - SQL table alias mapping - prestamoen0_
          - alias suffix - 0_
          - suffixed key columns - {id1_1_0_}
          - JOIN (JoinDefinedByMetadata(libro)) : <gen:0> -> <gen:1>
             - EntityQuerySpaceImpl(uid=<gen:1>, entity=persistencia.entitad.LibroEntity)
                - SQL table alias mapping - libroentit1_
                - alias suffix - 1_
                - suffixed key columns - {id1_0_1_}

2546 [Test worker] DEBUG org.hibernate.loader.plan.build.spi.LoadPlanTreePrinter  - LoadPlan(entity=persistencia.entitad.PrestamoEntity)
    - Returns
       - EntityReturnImpl(entity=persistencia.entitad.PrestamoEntity, querySpaceUid=<gen:0>, path=persistencia.entitad.PrestamoEntity)
          - EntityAttributeFetchImpl(entity=persistencia.entitad.LibroEntity, querySpaceUid=<gen:1>, path=persistencia.entitad.PrestamoEntity.libro)
    - QuerySpaces
       - EntityQuerySpaceImpl(uid=<gen:0>, entity=persistencia.entitad.PrestamoEntity)
          - SQL table alias mapping - prestamoen0_
          - alias suffix - 0_
          - suffixed key columns - {id1_1_0_}
          - JOIN (JoinDefinedByMetadata(libro)) : <gen:0> -> <gen:1>
             - EntityQuerySpaceImpl(uid=<gen:1>, entity=persistencia.entitad.LibroEntity)
                - SQL table alias mapping - libroentit1_
                - alias suffix - 1_
                - suffixed key columns - {id1_0_1_}

2546 [Test worker] DEBUG org.hibernate.loader.entity.plan.EntityLoader  - Static select for entity persistencia.entitad.PrestamoEntity [NONE]: select prestamoen0_.id as id1_1_0_, prestamoen0_.fechaEntregaMaxima as fechaEnt2_1_0_, prestamoen0_.fechaSolicitud as fechaSol3_1_0_, prestamoen0_.ID_LIBRO as ID_LIBRO5_1_0_, prestamoen0_.nombreUsuario as nombreUs4_1_0_, libroentit1_.id as id1_0_1_, libroentit1_.anio as anio2_0_1_, libroentit1_.isbn as isbn3_0_1_, libroentit1_.titulo as titulo4_0_1_ from Prestamo prestamoen0_ left outer join Libro libroentit1_ on prestamoen0_.ID_LIBRO=libroentit1_.id where prestamoen0_.id=?
2546 [Test worker] DEBUG org.hibernate.loader.entity.plan.EntityLoader  - Static select for entity persistencia.entitad.PrestamoEntity [NONE]: select prestamoen0_.id as id1_1_0_, prestamoen0_.fechaEntregaMaxima as fechaEnt2_1_0_, prestamoen0_.fechaSolicitud as fechaSol3_1_0_, prestamoen0_.ID_LIBRO as ID_LIBRO5_1_0_, prestamoen0_.nombreUsuario as nombreUs4_1_0_, libroentit1_.id as id1_0_1_, libroentit1_.anio as anio2_0_1_, libroentit1_.isbn as isbn3_0_1_, libroentit1_.titulo as titulo4_0_1_ from Prestamo prestamoen0_ left outer join Libro libroentit1_ on prestamoen0_.ID_LIBRO=libroentit1_.id where prestamoen0_.id=?
2546 [Test worker] DEBUG org.hibernate.loader.plan.build.internal.spaces.QuerySpacesImpl  - Adding QuerySpace : uid = <gen:0> -> org.hibernate.loader.plan.build.internal.spaces.EntityQuerySpaceImpl@17ff1593]
2546 [Test worker] DEBUG org.hibernate.loader.plan.build.internal.spaces.QuerySpacesImpl  - Adding QuerySpace : uid = <gen:0> -> org.hibernate.loader.plan.build.internal.spaces.EntityQuerySpaceImpl@17ff1593]
2546 [Test worker] DEBUG org.hibernate.persister.walking.spi.MetamodelGraphWalker  - Visiting attribute path : fechaEntregaMaxima
2546 [Test worker] DEBUG org.hibernate.persister.walking.spi.MetamodelGraphWalker  - Visiting attribute path : fechaEntregaMaxima
2546 [Test worker] DEBUG org.hibernate.persister.walking.spi.MetamodelGraphWalker  - Visiting attribute path : fechaSolicitud
2546 [Test worker] DEBUG org.hibernate.persister.walking.spi.MetamodelGraphWalker  - Visiting attribute path : fechaSolicitud
2546 [Test worker] DEBUG org.hibernate.persister.walking.spi.MetamodelGraphWalker  - Visiting attribute path : libro
2546 [Test worker] DEBUG org.hibernate.persister.walking.spi.MetamodelGraphWalker  - Visiting attribute path : libro
2546 [Test worker] DEBUG org.hibernate.loader.plan.build.internal.spaces.QuerySpacesImpl  - Adding QuerySpace : uid = <gen:1> -> org.hibernate.loader.plan.build.internal.spaces.EntityQuerySpaceImpl@62cec6fe]
2546 [Test worker] DEBUG org.hibernate.loader.plan.build.internal.spaces.QuerySpacesImpl  - Adding QuerySpace : uid = <gen:1> -> org.hibernate.loader.plan.build.internal.spaces.EntityQuerySpaceImpl@62cec6fe]
2546 [Test worker] DEBUG org.hibernate.persister.walking.spi.MetamodelGraphWalker  - Visiting attribute path : libro.anio
2546 [Test worker] DEBUG org.hibernate.persister.walking.spi.MetamodelGraphWalker  - Visiting attribute path : libro.anio
2546 [Test worker] DEBUG org.hibernate.persister.walking.spi.MetamodelGraphWalker  - Visiting attribute path : libro.isbn
2546 [Test worker] DEBUG org.hibernate.persister.walking.spi.MetamodelGraphWalker  - Visiting attribute path : libro.isbn
2546 [Test worker] DEBUG org.hibernate.persister.walking.spi.MetamodelGraphWalker  - Visiting attribute path : libro.titulo
2546 [Test worker] DEBUG org.hibernate.persister.walking.spi.MetamodelGraphWalker  - Visiting attribute path : libro.titulo
2546 [Test worker] DEBUG org.hibernate.persister.walking.spi.MetamodelGraphWalker  - Visiting attribute path : nombreUsuario
2546 [Test worker] DEBUG org.hibernate.persister.walking.spi.MetamodelGraphWalker  - Visiting attribute path : nombreUsuario
2546 [Test worker] DEBUG org.hibernate.loader.plan.build.internal.FetchStyleLoadPlanBuildingAssociationVisitationStrategy  - Building LoadPlan...
2546 [Test worker] DEBUG org.hibernate.loader.plan.build.internal.FetchStyleLoadPlanBuildingAssociationVisitationStrategy  - Building LoadPlan...
2546 [Test worker] DEBUG org.hibernate.loader.plan.exec.internal.LoadQueryJoinAndFetchProcessor  - processing queryspace <gen:0>
2546 [Test worker] DEBUG org.hibernate.loader.plan.exec.internal.LoadQueryJoinAndFetchProcessor  - processing queryspace <gen:0>
2546 [Test worker] DEBUG org.hibernate.loader.plan.build.spi.LoadPlanTreePrinter  - LoadPlan(entity=persistencia.entitad.PrestamoEntity)
    - Returns
       - EntityReturnImpl(entity=persistencia.entitad.PrestamoEntity, querySpaceUid=<gen:0>, path=persistencia.entitad.PrestamoEntity)
          - EntityAttributeFetchImpl(entity=persistencia.entitad.LibroEntity, querySpaceUid=<gen:1>, path=persistencia.entitad.PrestamoEntity.libro)
    - QuerySpaces
       - EntityQuerySpaceImpl(uid=<gen:0>, entity=persistencia.entitad.PrestamoEntity)
          - SQL table alias mapping - prestamoen0_
          - alias suffix - 0_
          - suffixed key columns - {id1_1_0_}
          - JOIN (JoinDefinedByMetadata(libro)) : <gen:0> -> <gen:1>
             - EntityQuerySpaceImpl(uid=<gen:1>, entity=persistencia.entitad.LibroEntity)
                - SQL table alias mapping - libroentit1_
                - alias suffix - 1_
                - suffixed key columns - {id1_0_1_}

2546 [Test worker] DEBUG org.hibernate.loader.plan.build.spi.LoadPlanTreePrinter  - LoadPlan(entity=persistencia.entitad.PrestamoEntity)
    - Returns
       - EntityReturnImpl(entity=persistencia.entitad.PrestamoEntity, querySpaceUid=<gen:0>, path=persistencia.entitad.PrestamoEntity)
          - EntityAttributeFetchImpl(entity=persistencia.entitad.LibroEntity, querySpaceUid=<gen:1>, path=persistencia.entitad.PrestamoEntity.libro)
    - QuerySpaces
       - EntityQuerySpaceImpl(uid=<gen:0>, entity=persistencia.entitad.PrestamoEntity)
          - SQL table alias mapping - prestamoen0_
          - alias suffix - 0_
          - suffixed key columns - {id1_1_0_}
          - JOIN (JoinDefinedByMetadata(libro)) : <gen:0> -> <gen:1>
             - EntityQuerySpaceImpl(uid=<gen:1>, entity=persistencia.entitad.LibroEntity)
                - SQL table alias mapping - libroentit1_
                - alias suffix - 1_
                - suffixed key columns - {id1_0_1_}

2546 [Test worker] DEBUG org.hibernate.loader.entity.plan.EntityLoader  - Static select for entity persistencia.entitad.PrestamoEntity [READ]: select prestamoen0_.id as id1_1_0_, prestamoen0_.fechaEntregaMaxima as fechaEnt2_1_0_, prestamoen0_.fechaSolicitud as fechaSol3_1_0_, prestamoen0_.ID_LIBRO as ID_LIBRO5_1_0_, prestamoen0_.nombreUsuario as nombreUs4_1_0_, libroentit1_.id as id1_0_1_, libroentit1_.anio as anio2_0_1_, libroentit1_.isbn as isbn3_0_1_, libroentit1_.titulo as titulo4_0_1_ from Prestamo prestamoen0_ left outer join Libro libroentit1_ on prestamoen0_.ID_LIBRO=libroentit1_.id where prestamoen0_.id=?
2546 [Test worker] DEBUG org.hibernate.loader.entity.plan.EntityLoader  - Static select for entity persistencia.entitad.PrestamoEntity [READ]: select prestamoen0_.id as id1_1_0_, prestamoen0_.fechaEntregaMaxima as fechaEnt2_1_0_, prestamoen0_.fechaSolicitud as fechaSol3_1_0_, prestamoen0_.ID_LIBRO as ID_LIBRO5_1_0_, prestamoen0_.nombreUsuario as nombreUs4_1_0_, libroentit1_.id as id1_0_1_, libroentit1_.anio as anio2_0_1_, libroentit1_.isbn as isbn3_0_1_, libroentit1_.titulo as titulo4_0_1_ from Prestamo prestamoen0_ left outer join Libro libroentit1_ on prestamoen0_.ID_LIBRO=libroentit1_.id where prestamoen0_.id=?
2546 [Test worker] DEBUG org.hibernate.loader.plan.build.internal.spaces.QuerySpacesImpl  - Adding QuerySpace : uid = <gen:0> -> org.hibernate.loader.plan.build.internal.spaces.EntityQuerySpaceImpl@6589a576]
2546 [Test worker] DEBUG org.hibernate.loader.plan.build.internal.spaces.QuerySpacesImpl  - Adding QuerySpace : uid = <gen:0> -> org.hibernate.loader.plan.build.internal.spaces.EntityQuerySpaceImpl@6589a576]
2546 [Test worker] DEBUG org.hibernate.persister.walking.spi.MetamodelGraphWalker  - Visiting attribute path : fechaEntregaMaxima
2546 [Test worker] DEBUG org.hibernate.persister.walking.spi.MetamodelGraphWalker  - Visiting attribute path : fechaEntregaMaxima
2546 [Test worker] DEBUG org.hibernate.persister.walking.spi.MetamodelGraphWalker  - Visiting attribute path : fechaSolicitud
2546 [Test worker] DEBUG org.hibernate.persister.walking.spi.MetamodelGraphWalker  - Visiting attribute path : fechaSolicitud
2546 [Test worker] DEBUG org.hibernate.persister.walking.spi.MetamodelGraphWalker  - Visiting attribute path : libro
2546 [Test worker] DEBUG org.hibernate.persister.walking.spi.MetamodelGraphWalker  - Visiting attribute path : libro
2546 [Test worker] DEBUG org.hibernate.loader.plan.build.internal.spaces.QuerySpacesImpl  - Adding QuerySpace : uid = <gen:1> -> org.hibernate.loader.plan.build.internal.spaces.EntityQuerySpaceImpl@78dce498]
2546 [Test worker] DEBUG org.hibernate.loader.plan.build.internal.spaces.QuerySpacesImpl  - Adding QuerySpace : uid = <gen:1> -> org.hibernate.loader.plan.build.internal.spaces.EntityQuerySpaceImpl@78dce498]
2546 [Test worker] DEBUG org.hibernate.persister.walking.spi.MetamodelGraphWalker  - Visiting attribute path : nombreUsuario
2546 [Test worker] DEBUG org.hibernate.persister.walking.spi.MetamodelGraphWalker  - Visiting attribute path : nombreUsuario
2546 [Test worker] DEBUG org.hibernate.loader.plan.build.internal.FetchStyleLoadPlanBuildingAssociationVisitationStrategy  - Building LoadPlan...
2546 [Test worker] DEBUG org.hibernate.loader.plan.build.internal.FetchStyleLoadPlanBuildingAssociationVisitationStrategy  - Building LoadPlan...
2546 [Test worker] DEBUG org.hibernate.loader.plan.exec.internal.LoadQueryJoinAndFetchProcessor  - processing queryspace <gen:0>
2546 [Test worker] DEBUG org.hibernate.loader.plan.exec.internal.LoadQueryJoinAndFetchProcessor  - processing queryspace <gen:0>
2546 [Test worker] DEBUG org.hibernate.loader.plan.build.spi.LoadPlanTreePrinter  - LoadPlan(entity=persistencia.entitad.PrestamoEntity)
    - Returns
       - EntityReturnImpl(entity=persistencia.entitad.PrestamoEntity, querySpaceUid=<gen:0>, path=persistencia.entitad.PrestamoEntity)
          - EntityAttributeFetchImpl(entity=persistencia.entitad.LibroEntity, querySpaceUid=<gen:1>, path=persistencia.entitad.PrestamoEntity.libro)
    - QuerySpaces
       - EntityQuerySpaceImpl(uid=<gen:0>, entity=persistencia.entitad.PrestamoEntity)
          - SQL table alias mapping - prestamoen0_
          - alias suffix - 0_
          - suffixed key columns - {id1_1_0_}

2546 [Test worker] DEBUG org.hibernate.loader.plan.build.spi.LoadPlanTreePrinter  - LoadPlan(entity=persistencia.entitad.PrestamoEntity)
    - Returns
       - EntityReturnImpl(entity=persistencia.entitad.PrestamoEntity, querySpaceUid=<gen:0>, path=persistencia.entitad.PrestamoEntity)
          - EntityAttributeFetchImpl(entity=persistencia.entitad.LibroEntity, querySpaceUid=<gen:1>, path=persistencia.entitad.PrestamoEntity.libro)
    - QuerySpaces
       - EntityQuerySpaceImpl(uid=<gen:0>, entity=persistencia.entitad.PrestamoEntity)
          - SQL table alias mapping - prestamoen0_
          - alias suffix - 0_
          - suffixed key columns - {id1_1_0_}

2546 [Test worker] DEBUG org.hibernate.loader.entity.plan.EntityLoader  - Static select for entity persistencia.entitad.PrestamoEntity [UPGRADE]: select prestamoen0_.id as id1_1_0_, prestamoen0_.fechaEntregaMaxima as fechaEnt2_1_0_, prestamoen0_.fechaSolicitud as fechaSol3_1_0_, prestamoen0_.ID_LIBRO as ID_LIBRO5_1_0_, prestamoen0_.nombreUsuario as nombreUs4_1_0_ from Prestamo prestamoen0_ where prestamoen0_.id=? for update
2546 [Test worker] DEBUG org.hibernate.loader.entity.plan.EntityLoader  - Static select for entity persistencia.entitad.PrestamoEntity [UPGRADE]: select prestamoen0_.id as id1_1_0_, prestamoen0_.fechaEntregaMaxima as fechaEnt2_1_0_, prestamoen0_.fechaSolicitud as fechaSol3_1_0_, prestamoen0_.ID_LIBRO as ID_LIBRO5_1_0_, prestamoen0_.nombreUsuario as nombreUs4_1_0_ from Prestamo prestamoen0_ where prestamoen0_.id=? for update
2546 [Test worker] DEBUG org.hibernate.loader.plan.build.internal.spaces.QuerySpacesImpl  - Adding QuerySpace : uid = <gen:0> -> org.hibernate.loader.plan.build.internal.spaces.EntityQuerySpaceImpl@59190537]
2546 [Test worker] DEBUG org.hibernate.loader.plan.build.internal.spaces.QuerySpacesImpl  - Adding QuerySpace : uid = <gen:0> -> org.hibernate.loader.plan.build.internal.spaces.EntityQuerySpaceImpl@59190537]
2546 [Test worker] DEBUG org.hibernate.persister.walking.spi.MetamodelGraphWalker  - Visiting attribute path : fechaEntregaMaxima
2546 [Test worker] DEBUG org.hibernate.persister.walking.spi.MetamodelGraphWalker  - Visiting attribute path : fechaEntregaMaxima
2546 [Test worker] DEBUG org.hibernate.persister.walking.spi.MetamodelGraphWalker  - Visiting attribute path : fechaSolicitud
2546 [Test worker] DEBUG org.hibernate.persister.walking.spi.MetamodelGraphWalker  - Visiting attribute path : fechaSolicitud
2546 [Test worker] DEBUG org.hibernate.persister.walking.spi.MetamodelGraphWalker  - Visiting attribute path : libro
2546 [Test worker] DEBUG org.hibernate.persister.walking.spi.MetamodelGraphWalker  - Visiting attribute path : libro
2546 [Test worker] DEBUG org.hibernate.loader.plan.build.internal.spaces.QuerySpacesImpl  - Adding QuerySpace : uid = <gen:1> -> org.hibernate.loader.plan.build.internal.spaces.EntityQuerySpaceImpl@14712605]
2546 [Test worker] DEBUG org.hibernate.loader.plan.build.internal.spaces.QuerySpacesImpl  - Adding QuerySpace : uid = <gen:1> -> org.hibernate.loader.plan.build.internal.spaces.EntityQuerySpaceImpl@14712605]
2546 [Test worker] DEBUG org.hibernate.persister.walking.spi.MetamodelGraphWalker  - Visiting attribute path : nombreUsuario
2546 [Test worker] DEBUG org.hibernate.persister.walking.spi.MetamodelGraphWalker  - Visiting attribute path : nombreUsuario
2546 [Test worker] DEBUG org.hibernate.loader.plan.build.internal.FetchStyleLoadPlanBuildingAssociationVisitationStrategy  - Building LoadPlan...
2546 [Test worker] DEBUG org.hibernate.loader.plan.build.internal.FetchStyleLoadPlanBuildingAssociationVisitationStrategy  - Building LoadPlan...
2546 [Test worker] DEBUG org.hibernate.loader.plan.exec.internal.LoadQueryJoinAndFetchProcessor  - processing queryspace <gen:0>
2546 [Test worker] DEBUG org.hibernate.loader.plan.exec.internal.LoadQueryJoinAndFetchProcessor  - processing queryspace <gen:0>
2546 [Test worker] DEBUG org.hibernate.loader.plan.build.spi.LoadPlanTreePrinter  - LoadPlan(entity=persistencia.entitad.PrestamoEntity)
    - Returns
       - EntityReturnImpl(entity=persistencia.entitad.PrestamoEntity, querySpaceUid=<gen:0>, path=persistencia.entitad.PrestamoEntity)
          - EntityAttributeFetchImpl(entity=persistencia.entitad.LibroEntity, querySpaceUid=<gen:1>, path=persistencia.entitad.PrestamoEntity.libro)
    - QuerySpaces
       - EntityQuerySpaceImpl(uid=<gen:0>, entity=persistencia.entitad.PrestamoEntity)
          - SQL table alias mapping - prestamoen0_
          - alias suffix - 0_
          - suffixed key columns - {id1_1_0_}

2546 [Test worker] DEBUG org.hibernate.loader.plan.build.spi.LoadPlanTreePrinter  - LoadPlan(entity=persistencia.entitad.PrestamoEntity)
    - Returns
       - EntityReturnImpl(entity=persistencia.entitad.PrestamoEntity, querySpaceUid=<gen:0>, path=persistencia.entitad.PrestamoEntity)
          - EntityAttributeFetchImpl(entity=persistencia.entitad.LibroEntity, querySpaceUid=<gen:1>, path=persistencia.entitad.PrestamoEntity.libro)
    - QuerySpaces
       - EntityQuerySpaceImpl(uid=<gen:0>, entity=persistencia.entitad.PrestamoEntity)
          - SQL table alias mapping - prestamoen0_
          - alias suffix - 0_
          - suffixed key columns - {id1_1_0_}

2546 [Test worker] DEBUG org.hibernate.loader.entity.plan.EntityLoader  - Static select for entity persistencia.entitad.PrestamoEntity [UPGRADE_NOWAIT]: select prestamoen0_.id as id1_1_0_, prestamoen0_.fechaEntregaMaxima as fechaEnt2_1_0_, prestamoen0_.fechaSolicitud as fechaSol3_1_0_, prestamoen0_.ID_LIBRO as ID_LIBRO5_1_0_, prestamoen0_.nombreUsuario as nombreUs4_1_0_ from Prestamo prestamoen0_ where prestamoen0_.id=? for update
2546 [Test worker] DEBUG org.hibernate.loader.entity.plan.EntityLoader  - Static select for entity persistencia.entitad.PrestamoEntity [UPGRADE_NOWAIT]: select prestamoen0_.id as id1_1_0_, prestamoen0_.fechaEntregaMaxima as fechaEnt2_1_0_, prestamoen0_.fechaSolicitud as fechaSol3_1_0_, prestamoen0_.ID_LIBRO as ID_LIBRO5_1_0_, prestamoen0_.nombreUsuario as nombreUs4_1_0_ from Prestamo prestamoen0_ where prestamoen0_.id=? for update
2546 [Test worker] DEBUG org.hibernate.loader.plan.build.internal.spaces.QuerySpacesImpl  - Adding QuerySpace : uid = <gen:0> -> org.hibernate.loader.plan.build.internal.spaces.EntityQuerySpaceImpl@b16f837]
2546 [Test worker] DEBUG org.hibernate.loader.plan.build.internal.spaces.QuerySpacesImpl  - Adding QuerySpace : uid = <gen:0> -> org.hibernate.loader.plan.build.internal.spaces.EntityQuerySpaceImpl@b16f837]
2546 [Test worker] DEBUG org.hibernate.persister.walking.spi.MetamodelGraphWalker  - Visiting attribute path : fechaEntregaMaxima
2546 [Test worker] DEBUG org.hibernate.persister.walking.spi.MetamodelGraphWalker  - Visiting attribute path : fechaEntregaMaxima
2546 [Test worker] DEBUG org.hibernate.persister.walking.spi.MetamodelGraphWalker  - Visiting attribute path : fechaSolicitud
2546 [Test worker] DEBUG org.hibernate.persister.walking.spi.MetamodelGraphWalker  - Visiting attribute path : fechaSolicitud
2546 [Test worker] DEBUG org.hibernate.persister.walking.spi.MetamodelGraphWalker  - Visiting attribute path : libro
2546 [Test worker] DEBUG org.hibernate.persister.walking.spi.MetamodelGraphWalker  - Visiting attribute path : libro
2546 [Test worker] DEBUG org.hibernate.loader.plan.build.internal.spaces.QuerySpacesImpl  - Adding QuerySpace : uid = <gen:1> -> org.hibernate.loader.plan.build.internal.spaces.EntityQuerySpaceImpl@7683beff]
2546 [Test worker] DEBUG org.hibernate.loader.plan.build.internal.spaces.QuerySpacesImpl  - Adding QuerySpace : uid = <gen:1> -> org.hibernate.loader.plan.build.internal.spaces.EntityQuerySpaceImpl@7683beff]
2546 [Test worker] DEBUG org.hibernate.persister.walking.spi.MetamodelGraphWalker  - Visiting attribute path : nombreUsuario
2546 [Test worker] DEBUG org.hibernate.persister.walking.spi.MetamodelGraphWalker  - Visiting attribute path : nombreUsuario
2546 [Test worker] DEBUG org.hibernate.loader.plan.build.internal.FetchStyleLoadPlanBuildingAssociationVisitationStrategy  - Building LoadPlan...
2546 [Test worker] DEBUG org.hibernate.loader.plan.build.internal.FetchStyleLoadPlanBuildingAssociationVisitationStrategy  - Building LoadPlan...
2546 [Test worker] DEBUG org.hibernate.loader.plan.exec.internal.LoadQueryJoinAndFetchProcessor  - processing queryspace <gen:0>
2546 [Test worker] DEBUG org.hibernate.loader.plan.exec.internal.LoadQueryJoinAndFetchProcessor  - processing queryspace <gen:0>
2546 [Test worker] DEBUG org.hibernate.loader.plan.build.spi.LoadPlanTreePrinter  - LoadPlan(entity=persistencia.entitad.PrestamoEntity)
    - Returns
       - EntityReturnImpl(entity=persistencia.entitad.PrestamoEntity, querySpaceUid=<gen:0>, path=persistencia.entitad.PrestamoEntity)
          - EntityAttributeFetchImpl(entity=persistencia.entitad.LibroEntity, querySpaceUid=<gen:1>, path=persistencia.entitad.PrestamoEntity.libro)
    - QuerySpaces
       - EntityQuerySpaceImpl(uid=<gen:0>, entity=persistencia.entitad.PrestamoEntity)
          - SQL table alias mapping - prestamoen0_
          - alias suffix - 0_
          - suffixed key columns - {id1_1_0_}

2546 [Test worker] DEBUG org.hibernate.loader.plan.build.spi.LoadPlanTreePrinter  - LoadPlan(entity=persistencia.entitad.PrestamoEntity)
    - Returns
       - EntityReturnImpl(entity=persistencia.entitad.PrestamoEntity, querySpaceUid=<gen:0>, path=persistencia.entitad.PrestamoEntity)
          - EntityAttributeFetchImpl(entity=persistencia.entitad.LibroEntity, querySpaceUid=<gen:1>, path=persistencia.entitad.PrestamoEntity.libro)
    - QuerySpaces
       - EntityQuerySpaceImpl(uid=<gen:0>, entity=persistencia.entitad.PrestamoEntity)
          - SQL table alias mapping - prestamoen0_
          - alias suffix - 0_
          - suffixed key columns - {id1_1_0_}

2546 [Test worker] DEBUG org.hibernate.loader.entity.plan.EntityLoader  - Static select for entity persistencia.entitad.PrestamoEntity [UPGRADE_SKIPLOCKED]: select prestamoen0_.id as id1_1_0_, prestamoen0_.fechaEntregaMaxima as fechaEnt2_1_0_, prestamoen0_.fechaSolicitud as fechaSol3_1_0_, prestamoen0_.ID_LIBRO as ID_LIBRO5_1_0_, prestamoen0_.nombreUsuario as nombreUs4_1_0_ from Prestamo prestamoen0_ where prestamoen0_.id=? for update
2546 [Test worker] DEBUG org.hibernate.loader.entity.plan.EntityLoader  - Static select for entity persistencia.entitad.PrestamoEntity [UPGRADE_SKIPLOCKED]: select prestamoen0_.id as id1_1_0_, prestamoen0_.fechaEntregaMaxima as fechaEnt2_1_0_, prestamoen0_.fechaSolicitud as fechaSol3_1_0_, prestamoen0_.ID_LIBRO as ID_LIBRO5_1_0_, prestamoen0_.nombreUsuario as nombreUs4_1_0_ from Prestamo prestamoen0_ where prestamoen0_.id=? for update
2546 [Test worker] DEBUG org.hibernate.loader.plan.build.internal.spaces.QuerySpacesImpl  - Adding QuerySpace : uid = <gen:0> -> org.hibernate.loader.plan.build.internal.spaces.EntityQuerySpaceImpl@6b5fef24]
2546 [Test worker] DEBUG org.hibernate.loader.plan.build.internal.spaces.QuerySpacesImpl  - Adding QuerySpace : uid = <gen:0> -> org.hibernate.loader.plan.build.internal.spaces.EntityQuerySpaceImpl@6b5fef24]
2546 [Test worker] DEBUG org.hibernate.persister.walking.spi.MetamodelGraphWalker  - Visiting attribute path : fechaEntregaMaxima
2546 [Test worker] DEBUG org.hibernate.persister.walking.spi.MetamodelGraphWalker  - Visiting attribute path : fechaEntregaMaxima
2546 [Test worker] DEBUG org.hibernate.persister.walking.spi.MetamodelGraphWalker  - Visiting attribute path : fechaSolicitud
2546 [Test worker] DEBUG org.hibernate.persister.walking.spi.MetamodelGraphWalker  - Visiting attribute path : fechaSolicitud
2546 [Test worker] DEBUG org.hibernate.persister.walking.spi.MetamodelGraphWalker  - Visiting attribute path : libro
2546 [Test worker] DEBUG org.hibernate.persister.walking.spi.MetamodelGraphWalker  - Visiting attribute path : libro
2546 [Test worker] DEBUG org.hibernate.loader.plan.build.internal.spaces.QuerySpacesImpl  - Adding QuerySpace : uid = <gen:1> -> org.hibernate.loader.plan.build.internal.spaces.EntityQuerySpaceImpl@7684f28d]
2546 [Test worker] DEBUG org.hibernate.loader.plan.build.internal.spaces.QuerySpacesImpl  - Adding QuerySpace : uid = <gen:1> -> org.hibernate.loader.plan.build.internal.spaces.EntityQuerySpaceImpl@7684f28d]
2546 [Test worker] DEBUG org.hibernate.persister.walking.spi.MetamodelGraphWalker  - Visiting attribute path : nombreUsuario
2546 [Test worker] DEBUG org.hibernate.persister.walking.spi.MetamodelGraphWalker  - Visiting attribute path : nombreUsuario
2546 [Test worker] DEBUG org.hibernate.loader.plan.build.internal.FetchStyleLoadPlanBuildingAssociationVisitationStrategy  - Building LoadPlan...
2546 [Test worker] DEBUG org.hibernate.loader.plan.build.internal.FetchStyleLoadPlanBuildingAssociationVisitationStrategy  - Building LoadPlan...
2546 [Test worker] DEBUG org.hibernate.loader.plan.exec.internal.LoadQueryJoinAndFetchProcessor  - processing queryspace <gen:0>
2546 [Test worker] DEBUG org.hibernate.loader.plan.exec.internal.LoadQueryJoinAndFetchProcessor  - processing queryspace <gen:0>
2546 [Test worker] DEBUG org.hibernate.loader.plan.build.spi.LoadPlanTreePrinter  - LoadPlan(entity=persistencia.entitad.PrestamoEntity)
    - Returns
       - EntityReturnImpl(entity=persistencia.entitad.PrestamoEntity, querySpaceUid=<gen:0>, path=persistencia.entitad.PrestamoEntity)
          - EntityAttributeFetchImpl(entity=persistencia.entitad.LibroEntity, querySpaceUid=<gen:1>, path=persistencia.entitad.PrestamoEntity.libro)
    - QuerySpaces
       - EntityQuerySpaceImpl(uid=<gen:0>, entity=persistencia.entitad.PrestamoEntity)
          - SQL table alias mapping - prestamoen0_
          - alias suffix - 0_
          - suffixed key columns - {id1_1_0_}

2546 [Test worker] DEBUG org.hibernate.loader.plan.build.spi.LoadPlanTreePrinter  - LoadPlan(entity=persistencia.entitad.PrestamoEntity)
    - Returns
       - EntityReturnImpl(entity=persistencia.entitad.PrestamoEntity, querySpaceUid=<gen:0>, path=persistencia.entitad.PrestamoEntity)
          - EntityAttributeFetchImpl(entity=persistencia.entitad.LibroEntity, querySpaceUid=<gen:1>, path=persistencia.entitad.PrestamoEntity.libro)
    - QuerySpaces
       - EntityQuerySpaceImpl(uid=<gen:0>, entity=persistencia.entitad.PrestamoEntity)
          - SQL table alias mapping - prestamoen0_
          - alias suffix - 0_
          - suffixed key columns - {id1_1_0_}

2546 [Test worker] DEBUG org.hibernate.loader.entity.plan.EntityLoader  - Static select for entity persistencia.entitad.PrestamoEntity [FORCE]: select prestamoen0_.id as id1_1_0_, prestamoen0_.fechaEntregaMaxima as fechaEnt2_1_0_, prestamoen0_.fechaSolicitud as fechaSol3_1_0_, prestamoen0_.ID_LIBRO as ID_LIBRO5_1_0_, prestamoen0_.nombreUsuario as nombreUs4_1_0_ from Prestamo prestamoen0_ where prestamoen0_.id=? for update
2546 [Test worker] DEBUG org.hibernate.loader.entity.plan.EntityLoader  - Static select for entity persistencia.entitad.PrestamoEntity [FORCE]: select prestamoen0_.id as id1_1_0_, prestamoen0_.fechaEntregaMaxima as fechaEnt2_1_0_, prestamoen0_.fechaSolicitud as fechaSol3_1_0_, prestamoen0_.ID_LIBRO as ID_LIBRO5_1_0_, prestamoen0_.nombreUsuario as nombreUs4_1_0_ from Prestamo prestamoen0_ where prestamoen0_.id=? for update
2546 [Test worker] DEBUG org.hibernate.loader.plan.build.internal.spaces.QuerySpacesImpl  - Adding QuerySpace : uid = <gen:0> -> org.hibernate.loader.plan.build.internal.spaces.EntityQuerySpaceImpl@1d1bcee4]
2546 [Test worker] DEBUG org.hibernate.loader.plan.build.internal.spaces.QuerySpacesImpl  - Adding QuerySpace : uid = <gen:0> -> org.hibernate.loader.plan.build.internal.spaces.EntityQuerySpaceImpl@1d1bcee4]
2546 [Test worker] DEBUG org.hibernate.persister.walking.spi.MetamodelGraphWalker  - Visiting attribute path : fechaEntregaMaxima
2546 [Test worker] DEBUG org.hibernate.persister.walking.spi.MetamodelGraphWalker  - Visiting attribute path : fechaEntregaMaxima
2546 [Test worker] DEBUG org.hibernate.persister.walking.spi.MetamodelGraphWalker  - Visiting attribute path : fechaSolicitud
2546 [Test worker] DEBUG org.hibernate.persister.walking.spi.MetamodelGraphWalker  - Visiting attribute path : fechaSolicitud
2546 [Test worker] DEBUG org.hibernate.persister.walking.spi.MetamodelGraphWalker  - Visiting attribute path : libro
2546 [Test worker] DEBUG org.hibernate.persister.walking.spi.MetamodelGraphWalker  - Visiting attribute path : libro
2546 [Test worker] DEBUG org.hibernate.loader.plan.build.internal.spaces.QuerySpacesImpl  - Adding QuerySpace : uid = <gen:1> -> org.hibernate.loader.plan.build.internal.spaces.EntityQuerySpaceImpl@7d409d14]
2546 [Test worker] DEBUG org.hibernate.loader.plan.build.internal.spaces.QuerySpacesImpl  - Adding QuerySpace : uid = <gen:1> -> org.hibernate.loader.plan.build.internal.spaces.EntityQuerySpaceImpl@7d409d14]
2546 [Test worker] DEBUG org.hibernate.persister.walking.spi.MetamodelGraphWalker  - Visiting attribute path : nombreUsuario
2546 [Test worker] DEBUG org.hibernate.persister.walking.spi.MetamodelGraphWalker  - Visiting attribute path : nombreUsuario
2546 [Test worker] DEBUG org.hibernate.loader.plan.build.internal.FetchStyleLoadPlanBuildingAssociationVisitationStrategy  - Building LoadPlan...
2546 [Test worker] DEBUG org.hibernate.loader.plan.build.internal.FetchStyleLoadPlanBuildingAssociationVisitationStrategy  - Building LoadPlan...
2546 [Test worker] DEBUG org.hibernate.loader.plan.exec.internal.LoadQueryJoinAndFetchProcessor  - processing queryspace <gen:0>
2546 [Test worker] DEBUG org.hibernate.loader.plan.exec.internal.LoadQueryJoinAndFetchProcessor  - processing queryspace <gen:0>
2546 [Test worker] DEBUG org.hibernate.loader.plan.build.spi.LoadPlanTreePrinter  - LoadPlan(entity=persistencia.entitad.PrestamoEntity)
    - Returns
       - EntityReturnImpl(entity=persistencia.entitad.PrestamoEntity, querySpaceUid=<gen:0>, path=persistencia.entitad.PrestamoEntity)
          - EntityAttributeFetchImpl(entity=persistencia.entitad.LibroEntity, querySpaceUid=<gen:1>, path=persistencia.entitad.PrestamoEntity.libro)
    - QuerySpaces
       - EntityQuerySpaceImpl(uid=<gen:0>, entity=persistencia.entitad.PrestamoEntity)
          - SQL table alias mapping - prestamoen0_
          - alias suffix - 0_
          - suffixed key columns - {id1_1_0_}

2546 [Test worker] DEBUG org.hibernate.loader.plan.build.spi.LoadPlanTreePrinter  - LoadPlan(entity=persistencia.entitad.PrestamoEntity)
    - Returns
       - EntityReturnImpl(entity=persistencia.entitad.PrestamoEntity, querySpaceUid=<gen:0>, path=persistencia.entitad.PrestamoEntity)
          - EntityAttributeFetchImpl(entity=persistencia.entitad.LibroEntity, querySpaceUid=<gen:1>, path=persistencia.entitad.PrestamoEntity.libro)
    - QuerySpaces
       - EntityQuerySpaceImpl(uid=<gen:0>, entity=persistencia.entitad.PrestamoEntity)
          - SQL table alias mapping - prestamoen0_
          - alias suffix - 0_
          - suffixed key columns - {id1_1_0_}

2546 [Test worker] DEBUG org.hibernate.loader.entity.plan.EntityLoader  - Static select for entity persistencia.entitad.PrestamoEntity [PESSIMISTIC_READ]: select prestamoen0_.id as id1_1_0_, prestamoen0_.fechaEntregaMaxima as fechaEnt2_1_0_, prestamoen0_.fechaSolicitud as fechaSol3_1_0_, prestamoen0_.ID_LIBRO as ID_LIBRO5_1_0_, prestamoen0_.nombreUsuario as nombreUs4_1_0_ from Prestamo prestamoen0_ where prestamoen0_.id=? for update
2546 [Test worker] DEBUG org.hibernate.loader.entity.plan.EntityLoader  - Static select for entity persistencia.entitad.PrestamoEntity [PESSIMISTIC_READ]: select prestamoen0_.id as id1_1_0_, prestamoen0_.fechaEntregaMaxima as fechaEnt2_1_0_, prestamoen0_.fechaSolicitud as fechaSol3_1_0_, prestamoen0_.ID_LIBRO as ID_LIBRO5_1_0_, prestamoen0_.nombreUsuario as nombreUs4_1_0_ from Prestamo prestamoen0_ where prestamoen0_.id=? for update
2546 [Test worker] DEBUG org.hibernate.loader.plan.build.internal.spaces.QuerySpacesImpl  - Adding QuerySpace : uid = <gen:0> -> org.hibernate.loader.plan.build.internal.spaces.EntityQuerySpaceImpl@2c0108ab]
2546 [Test worker] DEBUG org.hibernate.loader.plan.build.internal.spaces.QuerySpacesImpl  - Adding QuerySpace : uid = <gen:0> -> org.hibernate.loader.plan.build.internal.spaces.EntityQuerySpaceImpl@2c0108ab]
2546 [Test worker] DEBUG org.hibernate.persister.walking.spi.MetamodelGraphWalker  - Visiting attribute path : fechaEntregaMaxima
2546 [Test worker] DEBUG org.hibernate.persister.walking.spi.MetamodelGraphWalker  - Visiting attribute path : fechaEntregaMaxima
2546 [Test worker] DEBUG org.hibernate.persister.walking.spi.MetamodelGraphWalker  - Visiting attribute path : fechaSolicitud
2546 [Test worker] DEBUG org.hibernate.persister.walking.spi.MetamodelGraphWalker  - Visiting attribute path : fechaSolicitud
2546 [Test worker] DEBUG org.hibernate.persister.walking.spi.MetamodelGraphWalker  - Visiting attribute path : libro
2546 [Test worker] DEBUG org.hibernate.persister.walking.spi.MetamodelGraphWalker  - Visiting attribute path : libro
2546 [Test worker] DEBUG org.hibernate.loader.plan.build.internal.spaces.QuerySpacesImpl  - Adding QuerySpace : uid = <gen:1> -> org.hibernate.loader.plan.build.internal.spaces.EntityQuerySpaceImpl@2f62da3c]
2546 [Test worker] DEBUG org.hibernate.loader.plan.build.internal.spaces.QuerySpacesImpl  - Adding QuerySpace : uid = <gen:1> -> org.hibernate.loader.plan.build.internal.spaces.EntityQuerySpaceImpl@2f62da3c]
2546 [Test worker] DEBUG org.hibernate.persister.walking.spi.MetamodelGraphWalker  - Visiting attribute path : nombreUsuario
2546 [Test worker] DEBUG org.hibernate.persister.walking.spi.MetamodelGraphWalker  - Visiting attribute path : nombreUsuario
2546 [Test worker] DEBUG org.hibernate.loader.plan.build.internal.FetchStyleLoadPlanBuildingAssociationVisitationStrategy  - Building LoadPlan...
2546 [Test worker] DEBUG org.hibernate.loader.plan.build.internal.FetchStyleLoadPlanBuildingAssociationVisitationStrategy  - Building LoadPlan...
2546 [Test worker] DEBUG org.hibernate.loader.plan.exec.internal.LoadQueryJoinAndFetchProcessor  - processing queryspace <gen:0>
2546 [Test worker] DEBUG org.hibernate.loader.plan.exec.internal.LoadQueryJoinAndFetchProcessor  - processing queryspace <gen:0>
2546 [Test worker] DEBUG org.hibernate.loader.plan.build.spi.LoadPlanTreePrinter  - LoadPlan(entity=persistencia.entitad.PrestamoEntity)
    - Returns
       - EntityReturnImpl(entity=persistencia.entitad.PrestamoEntity, querySpaceUid=<gen:0>, path=persistencia.entitad.PrestamoEntity)
          - EntityAttributeFetchImpl(entity=persistencia.entitad.LibroEntity, querySpaceUid=<gen:1>, path=persistencia.entitad.PrestamoEntity.libro)
    - QuerySpaces
       - EntityQuerySpaceImpl(uid=<gen:0>, entity=persistencia.entitad.PrestamoEntity)
          - SQL table alias mapping - prestamoen0_
          - alias suffix - 0_
          - suffixed key columns - {id1_1_0_}

2546 [Test worker] DEBUG org.hibernate.loader.plan.build.spi.LoadPlanTreePrinter  - LoadPlan(entity=persistencia.entitad.PrestamoEntity)
    - Returns
       - EntityReturnImpl(entity=persistencia.entitad.PrestamoEntity, querySpaceUid=<gen:0>, path=persistencia.entitad.PrestamoEntity)
          - EntityAttributeFetchImpl(entity=persistencia.entitad.LibroEntity, querySpaceUid=<gen:1>, path=persistencia.entitad.PrestamoEntity.libro)
    - QuerySpaces
       - EntityQuerySpaceImpl(uid=<gen:0>, entity=persistencia.entitad.PrestamoEntity)
          - SQL table alias mapping - prestamoen0_
          - alias suffix - 0_
          - suffixed key columns - {id1_1_0_}

2546 [Test worker] DEBUG org.hibernate.loader.entity.plan.EntityLoader  - Static select for entity persistencia.entitad.PrestamoEntity [PESSIMISTIC_WRITE]: select prestamoen0_.id as id1_1_0_, prestamoen0_.fechaEntregaMaxima as fechaEnt2_1_0_, prestamoen0_.fechaSolicitud as fechaSol3_1_0_, prestamoen0_.ID_LIBRO as ID_LIBRO5_1_0_, prestamoen0_.nombreUsuario as nombreUs4_1_0_ from Prestamo prestamoen0_ where prestamoen0_.id=? for update
2546 [Test worker] DEBUG org.hibernate.loader.entity.plan.EntityLoader  - Static select for entity persistencia.entitad.PrestamoEntity [PESSIMISTIC_WRITE]: select prestamoen0_.id as id1_1_0_, prestamoen0_.fechaEntregaMaxima as fechaEnt2_1_0_, prestamoen0_.fechaSolicitud as fechaSol3_1_0_, prestamoen0_.ID_LIBRO as ID_LIBRO5_1_0_, prestamoen0_.nombreUsuario as nombreUs4_1_0_ from Prestamo prestamoen0_ where prestamoen0_.id=? for update
2546 [Test worker] DEBUG org.hibernate.loader.plan.build.internal.spaces.QuerySpacesImpl  - Adding QuerySpace : uid = <gen:0> -> org.hibernate.loader.plan.build.internal.spaces.EntityQuerySpaceImpl@56335af9]
2546 [Test worker] DEBUG org.hibernate.loader.plan.build.internal.spaces.QuerySpacesImpl  - Adding QuerySpace : uid = <gen:0> -> org.hibernate.loader.plan.build.internal.spaces.EntityQuerySpaceImpl@56335af9]
2546 [Test worker] DEBUG org.hibernate.persister.walking.spi.MetamodelGraphWalker  - Visiting attribute path : fechaEntregaMaxima
2546 [Test worker] DEBUG org.hibernate.persister.walking.spi.MetamodelGraphWalker  - Visiting attribute path : fechaEntregaMaxima
2546 [Test worker] DEBUG org.hibernate.persister.walking.spi.MetamodelGraphWalker  - Visiting attribute path : fechaSolicitud
2546 [Test worker] DEBUG org.hibernate.persister.walking.spi.MetamodelGraphWalker  - Visiting attribute path : fechaSolicitud
2546 [Test worker] DEBUG org.hibernate.persister.walking.spi.MetamodelGraphWalker  - Visiting attribute path : libro
2546 [Test worker] DEBUG org.hibernate.persister.walking.spi.MetamodelGraphWalker  - Visiting attribute path : libro
2546 [Test worker] DEBUG org.hibernate.loader.plan.build.internal.spaces.QuerySpacesImpl  - Adding QuerySpace : uid = <gen:1> -> org.hibernate.loader.plan.build.internal.spaces.EntityQuerySpaceImpl@699f1a28]
2546 [Test worker] DEBUG org.hibernate.loader.plan.build.internal.spaces.QuerySpacesImpl  - Adding QuerySpace : uid = <gen:1> -> org.hibernate.loader.plan.build.internal.spaces.EntityQuerySpaceImpl@699f1a28]
2546 [Test worker] DEBUG org.hibernate.persister.walking.spi.MetamodelGraphWalker  - Visiting attribute path : nombreUsuario
2546 [Test worker] DEBUG org.hibernate.persister.walking.spi.MetamodelGraphWalker  - Visiting attribute path : nombreUsuario
2546 [Test worker] DEBUG org.hibernate.loader.plan.build.internal.FetchStyleLoadPlanBuildingAssociationVisitationStrategy  - Building LoadPlan...
2546 [Test worker] DEBUG org.hibernate.loader.plan.build.internal.FetchStyleLoadPlanBuildingAssociationVisitationStrategy  - Building LoadPlan...
2546 [Test worker] DEBUG org.hibernate.loader.plan.exec.internal.LoadQueryJoinAndFetchProcessor  - processing queryspace <gen:0>
2546 [Test worker] DEBUG org.hibernate.loader.plan.exec.internal.LoadQueryJoinAndFetchProcessor  - processing queryspace <gen:0>
2546 [Test worker] DEBUG org.hibernate.loader.plan.build.spi.LoadPlanTreePrinter  - LoadPlan(entity=persistencia.entitad.PrestamoEntity)
    - Returns
       - EntityReturnImpl(entity=persistencia.entitad.PrestamoEntity, querySpaceUid=<gen:0>, path=persistencia.entitad.PrestamoEntity)
          - EntityAttributeFetchImpl(entity=persistencia.entitad.LibroEntity, querySpaceUid=<gen:1>, path=persistencia.entitad.PrestamoEntity.libro)
    - QuerySpaces
       - EntityQuerySpaceImpl(uid=<gen:0>, entity=persistencia.entitad.PrestamoEntity)
          - SQL table alias mapping - prestamoen0_
          - alias suffix - 0_
          - suffixed key columns - {id1_1_0_}

2546 [Test worker] DEBUG org.hibernate.loader.plan.build.spi.LoadPlanTreePrinter  - LoadPlan(entity=persistencia.entitad.PrestamoEntity)
    - Returns
       - EntityReturnImpl(entity=persistencia.entitad.PrestamoEntity, querySpaceUid=<gen:0>, path=persistencia.entitad.PrestamoEntity)
          - EntityAttributeFetchImpl(entity=persistencia.entitad.LibroEntity, querySpaceUid=<gen:1>, path=persistencia.entitad.PrestamoEntity.libro)
    - QuerySpaces
       - EntityQuerySpaceImpl(uid=<gen:0>, entity=persistencia.entitad.PrestamoEntity)
          - SQL table alias mapping - prestamoen0_
          - alias suffix - 0_
          - suffixed key columns - {id1_1_0_}

2546 [Test worker] DEBUG org.hibernate.loader.entity.plan.EntityLoader  - Static select for entity persistencia.entitad.PrestamoEntity [PESSIMISTIC_FORCE_INCREMENT]: select prestamoen0_.id as id1_1_0_, prestamoen0_.fechaEntregaMaxima as fechaEnt2_1_0_, prestamoen0_.fechaSolicitud as fechaSol3_1_0_, prestamoen0_.ID_LIBRO as ID_LIBRO5_1_0_, prestamoen0_.nombreUsuario as nombreUs4_1_0_ from Prestamo prestamoen0_ where prestamoen0_.id=? for update
2546 [Test worker] DEBUG org.hibernate.loader.entity.plan.EntityLoader  - Static select for entity persistencia.entitad.PrestamoEntity [PESSIMISTIC_FORCE_INCREMENT]: select prestamoen0_.id as id1_1_0_, prestamoen0_.fechaEntregaMaxima as fechaEnt2_1_0_, prestamoen0_.fechaSolicitud as fechaSol3_1_0_, prestamoen0_.ID_LIBRO as ID_LIBRO5_1_0_, prestamoen0_.nombreUsuario as nombreUs4_1_0_ from Prestamo prestamoen0_ where prestamoen0_.id=? for update
2546 [Test worker] DEBUG org.hibernate.loader.plan.build.internal.spaces.QuerySpacesImpl  - Adding QuerySpace : uid = <gen:0> -> org.hibernate.loader.plan.build.internal.spaces.EntityQuerySpaceImpl@50959e1d]
2546 [Test worker] DEBUG org.hibernate.loader.plan.build.internal.spaces.QuerySpacesImpl  - Adding QuerySpace : uid = <gen:0> -> org.hibernate.loader.plan.build.internal.spaces.EntityQuerySpaceImpl@50959e1d]
2546 [Test worker] DEBUG org.hibernate.persister.walking.spi.MetamodelGraphWalker  - Visiting attribute path : fechaEntregaMaxima
2546 [Test worker] DEBUG org.hibernate.persister.walking.spi.MetamodelGraphWalker  - Visiting attribute path : fechaEntregaMaxima
2546 [Test worker] DEBUG org.hibernate.persister.walking.spi.MetamodelGraphWalker  - Visiting attribute path : fechaSolicitud
2546 [Test worker] DEBUG org.hibernate.persister.walking.spi.MetamodelGraphWalker  - Visiting attribute path : fechaSolicitud
2546 [Test worker] DEBUG org.hibernate.persister.walking.spi.MetamodelGraphWalker  - Visiting attribute path : libro
2546 [Test worker] DEBUG org.hibernate.persister.walking.spi.MetamodelGraphWalker  - Visiting attribute path : libro
2546 [Test worker] DEBUG org.hibernate.loader.plan.build.internal.spaces.QuerySpacesImpl  - Adding QuerySpace : uid = <gen:1> -> org.hibernate.loader.plan.build.internal.spaces.EntityQuerySpaceImpl@74206053]
2546 [Test worker] DEBUG org.hibernate.loader.plan.build.internal.spaces.QuerySpacesImpl  - Adding QuerySpace : uid = <gen:1> -> org.hibernate.loader.plan.build.internal.spaces.EntityQuerySpaceImpl@74206053]
2546 [Test worker] DEBUG org.hibernate.persister.walking.spi.MetamodelGraphWalker  - Visiting attribute path : nombreUsuario
2546 [Test worker] DEBUG org.hibernate.persister.walking.spi.MetamodelGraphWalker  - Visiting attribute path : nombreUsuario
2546 [Test worker] DEBUG org.hibernate.loader.plan.build.internal.FetchStyleLoadPlanBuildingAssociationVisitationStrategy  - Building LoadPlan...
2546 [Test worker] DEBUG org.hibernate.loader.plan.build.internal.FetchStyleLoadPlanBuildingAssociationVisitationStrategy  - Building LoadPlan...
2546 [Test worker] DEBUG org.hibernate.loader.plan.exec.internal.LoadQueryJoinAndFetchProcessor  - processing queryspace <gen:0>
2546 [Test worker] DEBUG org.hibernate.loader.plan.exec.internal.LoadQueryJoinAndFetchProcessor  - processing queryspace <gen:0>
2546 [Test worker] DEBUG org.hibernate.loader.plan.build.spi.LoadPlanTreePrinter  - LoadPlan(entity=persistencia.entitad.PrestamoEntity)
    - Returns
       - EntityReturnImpl(entity=persistencia.entitad.PrestamoEntity, querySpaceUid=<gen:0>, path=persistencia.entitad.PrestamoEntity)
          - EntityAttributeFetchImpl(entity=persistencia.entitad.LibroEntity, querySpaceUid=<gen:1>, path=persistencia.entitad.PrestamoEntity.libro)
    - QuerySpaces
       - EntityQuerySpaceImpl(uid=<gen:0>, entity=persistencia.entitad.PrestamoEntity)
          - SQL table alias mapping - prestamoen0_
          - alias suffix - 0_
          - suffixed key columns - {id1_1_0_}

2546 [Test worker] DEBUG org.hibernate.loader.plan.build.spi.LoadPlanTreePrinter  - LoadPlan(entity=persistencia.entitad.PrestamoEntity)
    - Returns
       - EntityReturnImpl(entity=persistencia.entitad.PrestamoEntity, querySpaceUid=<gen:0>, path=persistencia.entitad.PrestamoEntity)
          - EntityAttributeFetchImpl(entity=persistencia.entitad.LibroEntity, querySpaceUid=<gen:1>, path=persistencia.entitad.PrestamoEntity.libro)
    - QuerySpaces
       - EntityQuerySpaceImpl(uid=<gen:0>, entity=persistencia.entitad.PrestamoEntity)
          - SQL table alias mapping - prestamoen0_
          - alias suffix - 0_
          - suffixed key columns - {id1_1_0_}

2546 [Test worker] DEBUG org.hibernate.loader.entity.plan.EntityLoader  - Static select for entity persistencia.entitad.PrestamoEntity [OPTIMISTIC]: select prestamoen0_.id as id1_1_0_, prestamoen0_.fechaEntregaMaxima as fechaEnt2_1_0_, prestamoen0_.fechaSolicitud as fechaSol3_1_0_, prestamoen0_.ID_LIBRO as ID_LIBRO5_1_0_, prestamoen0_.nombreUsuario as nombreUs4_1_0_ from Prestamo prestamoen0_ where prestamoen0_.id=?
2546 [Test worker] DEBUG org.hibernate.loader.entity.plan.EntityLoader  - Static select for entity persistencia.entitad.PrestamoEntity [OPTIMISTIC]: select prestamoen0_.id as id1_1_0_, prestamoen0_.fechaEntregaMaxima as fechaEnt2_1_0_, prestamoen0_.fechaSolicitud as fechaSol3_1_0_, prestamoen0_.ID_LIBRO as ID_LIBRO5_1_0_, prestamoen0_.nombreUsuario as nombreUs4_1_0_ from Prestamo prestamoen0_ where prestamoen0_.id=?
2546 [Test worker] DEBUG org.hibernate.loader.plan.build.internal.spaces.QuerySpacesImpl  - Adding QuerySpace : uid = <gen:0> -> org.hibernate.loader.plan.build.internal.spaces.EntityQuerySpaceImpl@65ff7aa5]
2546 [Test worker] DEBUG org.hibernate.loader.plan.build.internal.spaces.QuerySpacesImpl  - Adding QuerySpace : uid = <gen:0> -> org.hibernate.loader.plan.build.internal.spaces.EntityQuerySpaceImpl@65ff7aa5]
2561 [Test worker] DEBUG org.hibernate.persister.walking.spi.MetamodelGraphWalker  - Visiting attribute path : fechaEntregaMaxima
2561 [Test worker] DEBUG org.hibernate.persister.walking.spi.MetamodelGraphWalker  - Visiting attribute path : fechaEntregaMaxima
2561 [Test worker] DEBUG org.hibernate.persister.walking.spi.MetamodelGraphWalker  - Visiting attribute path : fechaSolicitud
2561 [Test worker] DEBUG org.hibernate.persister.walking.spi.MetamodelGraphWalker  - Visiting attribute path : fechaSolicitud
2561 [Test worker] DEBUG org.hibernate.persister.walking.spi.MetamodelGraphWalker  - Visiting attribute path : libro
2561 [Test worker] DEBUG org.hibernate.persister.walking.spi.MetamodelGraphWalker  - Visiting attribute path : libro
2561 [Test worker] DEBUG org.hibernate.loader.plan.build.internal.spaces.QuerySpacesImpl  - Adding QuerySpace : uid = <gen:1> -> org.hibernate.loader.plan.build.internal.spaces.EntityQuerySpaceImpl@6a3b9afb]
2561 [Test worker] DEBUG org.hibernate.loader.plan.build.internal.spaces.QuerySpacesImpl  - Adding QuerySpace : uid = <gen:1> -> org.hibernate.loader.plan.build.internal.spaces.EntityQuerySpaceImpl@6a3b9afb]
2561 [Test worker] DEBUG org.hibernate.persister.walking.spi.MetamodelGraphWalker  - Visiting attribute path : nombreUsuario
2561 [Test worker] DEBUG org.hibernate.persister.walking.spi.MetamodelGraphWalker  - Visiting attribute path : nombreUsuario
2561 [Test worker] DEBUG org.hibernate.loader.plan.build.internal.FetchStyleLoadPlanBuildingAssociationVisitationStrategy  - Building LoadPlan...
2561 [Test worker] DEBUG org.hibernate.loader.plan.build.internal.FetchStyleLoadPlanBuildingAssociationVisitationStrategy  - Building LoadPlan...
2561 [Test worker] DEBUG org.hibernate.loader.plan.exec.internal.LoadQueryJoinAndFetchProcessor  - processing queryspace <gen:0>
2561 [Test worker] DEBUG org.hibernate.loader.plan.exec.internal.LoadQueryJoinAndFetchProcessor  - processing queryspace <gen:0>
2562 [Test worker] DEBUG org.hibernate.loader.plan.build.spi.LoadPlanTreePrinter  - LoadPlan(entity=persistencia.entitad.PrestamoEntity)
    - Returns
       - EntityReturnImpl(entity=persistencia.entitad.PrestamoEntity, querySpaceUid=<gen:0>, path=persistencia.entitad.PrestamoEntity)
          - EntityAttributeFetchImpl(entity=persistencia.entitad.LibroEntity, querySpaceUid=<gen:1>, path=persistencia.entitad.PrestamoEntity.libro)
    - QuerySpaces
       - EntityQuerySpaceImpl(uid=<gen:0>, entity=persistencia.entitad.PrestamoEntity)
          - SQL table alias mapping - prestamoen0_
          - alias suffix - 0_
          - suffixed key columns - {id1_1_0_}

2562 [Test worker] DEBUG org.hibernate.loader.plan.build.spi.LoadPlanTreePrinter  - LoadPlan(entity=persistencia.entitad.PrestamoEntity)
    - Returns
       - EntityReturnImpl(entity=persistencia.entitad.PrestamoEntity, querySpaceUid=<gen:0>, path=persistencia.entitad.PrestamoEntity)
          - EntityAttributeFetchImpl(entity=persistencia.entitad.LibroEntity, querySpaceUid=<gen:1>, path=persistencia.entitad.PrestamoEntity.libro)
    - QuerySpaces
       - EntityQuerySpaceImpl(uid=<gen:0>, entity=persistencia.entitad.PrestamoEntity)
          - SQL table alias mapping - prestamoen0_
          - alias suffix - 0_
          - suffixed key columns - {id1_1_0_}

2562 [Test worker] DEBUG org.hibernate.loader.entity.plan.EntityLoader  - Static select for entity persistencia.entitad.PrestamoEntity [OPTIMISTIC_FORCE_INCREMENT]: select prestamoen0_.id as id1_1_0_, prestamoen0_.fechaEntregaMaxima as fechaEnt2_1_0_, prestamoen0_.fechaSolicitud as fechaSol3_1_0_, prestamoen0_.ID_LIBRO as ID_LIBRO5_1_0_, prestamoen0_.nombreUsuario as nombreUs4_1_0_ from Prestamo prestamoen0_ where prestamoen0_.id=?
2562 [Test worker] DEBUG org.hibernate.loader.entity.plan.EntityLoader  - Static select for entity persistencia.entitad.PrestamoEntity [OPTIMISTIC_FORCE_INCREMENT]: select prestamoen0_.id as id1_1_0_, prestamoen0_.fechaEntregaMaxima as fechaEnt2_1_0_, prestamoen0_.fechaSolicitud as fechaSol3_1_0_, prestamoen0_.ID_LIBRO as ID_LIBRO5_1_0_, prestamoen0_.nombreUsuario as nombreUs4_1_0_ from Prestamo prestamoen0_ where prestamoen0_.id=?
2562 [Test worker] DEBUG org.hibernate.loader.Loader  - Static select for action ACTION_MERGE on entity persistencia.entitad.PrestamoEntity: select prestamoen0_.id as id1_1_0_, prestamoen0_.fechaEntregaMaxima as fechaEnt2_1_0_, prestamoen0_.fechaSolicitud as fechaSol3_1_0_, prestamoen0_.ID_LIBRO as ID_LIBRO5_1_0_, prestamoen0_.nombreUsuario as nombreUs4_1_0_ from Prestamo prestamoen0_ where prestamoen0_.id=?
2562 [Test worker] DEBUG org.hibernate.loader.Loader  - Static select for action ACTION_MERGE on entity persistencia.entitad.PrestamoEntity: select prestamoen0_.id as id1_1_0_, prestamoen0_.fechaEntregaMaxima as fechaEnt2_1_0_, prestamoen0_.fechaSolicitud as fechaSol3_1_0_, prestamoen0_.ID_LIBRO as ID_LIBRO5_1_0_, prestamoen0_.nombreUsuario as nombreUs4_1_0_ from Prestamo prestamoen0_ where prestamoen0_.id=?
2562 [Test worker] DEBUG org.hibernate.loader.Loader  - Static select for action ACTION_REFRESH on entity persistencia.entitad.PrestamoEntity: select prestamoen0_.id as id1_1_0_, prestamoen0_.fechaEntregaMaxima as fechaEnt2_1_0_, prestamoen0_.fechaSolicitud as fechaSol3_1_0_, prestamoen0_.ID_LIBRO as ID_LIBRO5_1_0_, prestamoen0_.nombreUsuario as nombreUs4_1_0_ from Prestamo prestamoen0_ where prestamoen0_.id=?
2562 [Test worker] DEBUG org.hibernate.loader.Loader  - Static select for action ACTION_REFRESH on entity persistencia.entitad.PrestamoEntity: select prestamoen0_.id as id1_1_0_, prestamoen0_.fechaEntregaMaxima as fechaEnt2_1_0_, prestamoen0_.fechaSolicitud as fechaSol3_1_0_, prestamoen0_.ID_LIBRO as ID_LIBRO5_1_0_, prestamoen0_.nombreUsuario as nombreUs4_1_0_ from Prestamo prestamoen0_ where prestamoen0_.id=?
2562 [Test worker] DEBUG org.hibernate.persister.entity.AbstractEntityPersister  - Static SQL for entity: persistencia.entitad.LibroEntity
2562 [Test worker] DEBUG org.hibernate.persister.entity.AbstractEntityPersister  - Static SQL for entity: persistencia.entitad.LibroEntity
2562 [Test worker] DEBUG org.hibernate.persister.entity.AbstractEntityPersister  -  Version select: select id from Libro where id =?
2562 [Test worker] DEBUG org.hibernate.persister.entity.AbstractEntityPersister  -  Version select: select id from Libro where id =?
2562 [Test worker] DEBUG org.hibernate.persister.entity.AbstractEntityPersister  -  Snapshot select: select libroentit_.id, libroentit_.anio as anio2_0_, libroentit_.isbn as isbn3_0_, libroentit_.titulo as titulo4_0_ from Libro libroentit_ where libroentit_.id=?
2562 [Test worker] DEBUG org.hibernate.persister.entity.AbstractEntityPersister  -  Snapshot select: select libroentit_.id, libroentit_.anio as anio2_0_, libroentit_.isbn as isbn3_0_, libroentit_.titulo as titulo4_0_ from Libro libroentit_ where libroentit_.id=?
2562 [Test worker] DEBUG org.hibernate.persister.entity.AbstractEntityPersister  -  Insert 0: insert into Libro (anio, isbn, titulo, id) values (?, ?, ?, ?)
2562 [Test worker] DEBUG org.hibernate.persister.entity.AbstractEntityPersister  -  Insert 0: insert into Libro (anio, isbn, titulo, id) values (?, ?, ?, ?)
2562 [Test worker] DEBUG org.hibernate.persister.entity.AbstractEntityPersister  -  Update 0: update Libro set anio=?, isbn=?, titulo=? where id=?
2562 [Test worker] DEBUG org.hibernate.persister.entity.AbstractEntityPersister  -  Update 0: update Libro set anio=?, isbn=?, titulo=? where id=?
2562 [Test worker] DEBUG org.hibernate.persister.entity.AbstractEntityPersister  -  Delete 0: delete from Libro where id=?
2562 [Test worker] DEBUG org.hibernate.persister.entity.AbstractEntityPersister  -  Delete 0: delete from Libro where id=?
2563 [Test worker] DEBUG org.hibernate.loader.plan.build.internal.spaces.QuerySpacesImpl  - Adding QuerySpace : uid = <gen:0> -> org.hibernate.loader.plan.build.internal.spaces.EntityQuerySpaceImpl@1d6e4d17]
2563 [Test worker] DEBUG org.hibernate.loader.plan.build.internal.spaces.QuerySpacesImpl  - Adding QuerySpace : uid = <gen:0> -> org.hibernate.loader.plan.build.internal.spaces.EntityQuerySpaceImpl@1d6e4d17]
2563 [Test worker] DEBUG org.hibernate.persister.walking.spi.MetamodelGraphWalker  - Visiting attribute path : anio
2563 [Test worker] DEBUG org.hibernate.persister.walking.spi.MetamodelGraphWalker  - Visiting attribute path : anio
2563 [Test worker] DEBUG org.hibernate.persister.walking.spi.MetamodelGraphWalker  - Visiting attribute path : isbn
2563 [Test worker] DEBUG org.hibernate.persister.walking.spi.MetamodelGraphWalker  - Visiting attribute path : isbn
2563 [Test worker] DEBUG org.hibernate.persister.walking.spi.MetamodelGraphWalker  - Visiting attribute path : titulo
2563 [Test worker] DEBUG org.hibernate.persister.walking.spi.MetamodelGraphWalker  - Visiting attribute path : titulo
2563 [Test worker] DEBUG org.hibernate.loader.plan.build.internal.FetchStyleLoadPlanBuildingAssociationVisitationStrategy  - Building LoadPlan...
2563 [Test worker] DEBUG org.hibernate.loader.plan.build.internal.FetchStyleLoadPlanBuildingAssociationVisitationStrategy  - Building LoadPlan...
2563 [Test worker] DEBUG org.hibernate.loader.plan.exec.internal.LoadQueryJoinAndFetchProcessor  - processing queryspace <gen:0>
2563 [Test worker] DEBUG org.hibernate.loader.plan.exec.internal.LoadQueryJoinAndFetchProcessor  - processing queryspace <gen:0>
2563 [Test worker] DEBUG org.hibernate.loader.plan.build.spi.LoadPlanTreePrinter  - LoadPlan(entity=persistencia.entitad.LibroEntity)
    - Returns
       - EntityReturnImpl(entity=persistencia.entitad.LibroEntity, querySpaceUid=<gen:0>, path=persistencia.entitad.LibroEntity)
    - QuerySpaces
       - EntityQuerySpaceImpl(uid=<gen:0>, entity=persistencia.entitad.LibroEntity)
          - SQL table alias mapping - libroentit0_
          - alias suffix - 0_
          - suffixed key columns - {id1_0_0_}

2563 [Test worker] DEBUG org.hibernate.loader.plan.build.spi.LoadPlanTreePrinter  - LoadPlan(entity=persistencia.entitad.LibroEntity)
    - Returns
       - EntityReturnImpl(entity=persistencia.entitad.LibroEntity, querySpaceUid=<gen:0>, path=persistencia.entitad.LibroEntity)
    - QuerySpaces
       - EntityQuerySpaceImpl(uid=<gen:0>, entity=persistencia.entitad.LibroEntity)
          - SQL table alias mapping - libroentit0_
          - alias suffix - 0_
          - suffixed key columns - {id1_0_0_}

2563 [Test worker] DEBUG org.hibernate.loader.entity.plan.EntityLoader  - Static select for entity persistencia.entitad.LibroEntity [NONE]: select libroentit0_.id as id1_0_0_, libroentit0_.anio as anio2_0_0_, libroentit0_.isbn as isbn3_0_0_, libroentit0_.titulo as titulo4_0_0_ from Libro libroentit0_ where libroentit0_.id=?
2563 [Test worker] DEBUG org.hibernate.loader.entity.plan.EntityLoader  - Static select for entity persistencia.entitad.LibroEntity [NONE]: select libroentit0_.id as id1_0_0_, libroentit0_.anio as anio2_0_0_, libroentit0_.isbn as isbn3_0_0_, libroentit0_.titulo as titulo4_0_0_ from Libro libroentit0_ where libroentit0_.id=?
2563 [Test worker] DEBUG org.hibernate.loader.plan.build.internal.spaces.QuerySpacesImpl  - Adding QuerySpace : uid = <gen:0> -> org.hibernate.loader.plan.build.internal.spaces.EntityQuerySpaceImpl@29bd86aa]
2563 [Test worker] DEBUG org.hibernate.loader.plan.build.internal.spaces.QuerySpacesImpl  - Adding QuerySpace : uid = <gen:0> -> org.hibernate.loader.plan.build.internal.spaces.EntityQuerySpaceImpl@29bd86aa]
2563 [Test worker] DEBUG org.hibernate.persister.walking.spi.MetamodelGraphWalker  - Visiting attribute path : anio
2563 [Test worker] DEBUG org.hibernate.persister.walking.spi.MetamodelGraphWalker  - Visiting attribute path : anio
2563 [Test worker] DEBUG org.hibernate.persister.walking.spi.MetamodelGraphWalker  - Visiting attribute path : isbn
2563 [Test worker] DEBUG org.hibernate.persister.walking.spi.MetamodelGraphWalker  - Visiting attribute path : isbn
2563 [Test worker] DEBUG org.hibernate.persister.walking.spi.MetamodelGraphWalker  - Visiting attribute path : titulo
2563 [Test worker] DEBUG org.hibernate.persister.walking.spi.MetamodelGraphWalker  - Visiting attribute path : titulo
2563 [Test worker] DEBUG org.hibernate.loader.plan.build.internal.FetchStyleLoadPlanBuildingAssociationVisitationStrategy  - Building LoadPlan...
2563 [Test worker] DEBUG org.hibernate.loader.plan.build.internal.FetchStyleLoadPlanBuildingAssociationVisitationStrategy  - Building LoadPlan...
2563 [Test worker] DEBUG org.hibernate.loader.plan.exec.internal.LoadQueryJoinAndFetchProcessor  - processing queryspace <gen:0>
2563 [Test worker] DEBUG org.hibernate.loader.plan.exec.internal.LoadQueryJoinAndFetchProcessor  - processing queryspace <gen:0>
2564 [Test worker] DEBUG org.hibernate.loader.plan.build.spi.LoadPlanTreePrinter  - LoadPlan(entity=persistencia.entitad.LibroEntity)
    - Returns
       - EntityReturnImpl(entity=persistencia.entitad.LibroEntity, querySpaceUid=<gen:0>, path=persistencia.entitad.LibroEntity)
    - QuerySpaces
       - EntityQuerySpaceImpl(uid=<gen:0>, entity=persistencia.entitad.LibroEntity)
          - SQL table alias mapping - libroentit0_
          - alias suffix - 0_
          - suffixed key columns - {id1_0_0_}

2564 [Test worker] DEBUG org.hibernate.loader.plan.build.spi.LoadPlanTreePrinter  - LoadPlan(entity=persistencia.entitad.LibroEntity)
    - Returns
       - EntityReturnImpl(entity=persistencia.entitad.LibroEntity, querySpaceUid=<gen:0>, path=persistencia.entitad.LibroEntity)
    - QuerySpaces
       - EntityQuerySpaceImpl(uid=<gen:0>, entity=persistencia.entitad.LibroEntity)
          - SQL table alias mapping - libroentit0_
          - alias suffix - 0_
          - suffixed key columns - {id1_0_0_}

2564 [Test worker] DEBUG org.hibernate.loader.entity.plan.EntityLoader  - Static select for entity persistencia.entitad.LibroEntity [READ]: select libroentit0_.id as id1_0_0_, libroentit0_.anio as anio2_0_0_, libroentit0_.isbn as isbn3_0_0_, libroentit0_.titulo as titulo4_0_0_ from Libro libroentit0_ where libroentit0_.id=?
2564 [Test worker] DEBUG org.hibernate.loader.entity.plan.EntityLoader  - Static select for entity persistencia.entitad.LibroEntity [READ]: select libroentit0_.id as id1_0_0_, libroentit0_.anio as anio2_0_0_, libroentit0_.isbn as isbn3_0_0_, libroentit0_.titulo as titulo4_0_0_ from Libro libroentit0_ where libroentit0_.id=?
2564 [Test worker] DEBUG org.hibernate.loader.plan.build.internal.spaces.QuerySpacesImpl  - Adding QuerySpace : uid = <gen:0> -> org.hibernate.loader.plan.build.internal.spaces.EntityQuerySpaceImpl@708ecd3a]
2564 [Test worker] DEBUG org.hibernate.loader.plan.build.internal.spaces.QuerySpacesImpl  - Adding QuerySpace : uid = <gen:0> -> org.hibernate.loader.plan.build.internal.spaces.EntityQuerySpaceImpl@708ecd3a]
2564 [Test worker] DEBUG org.hibernate.persister.walking.spi.MetamodelGraphWalker  - Visiting attribute path : anio
2564 [Test worker] DEBUG org.hibernate.persister.walking.spi.MetamodelGraphWalker  - Visiting attribute path : anio
2564 [Test worker] DEBUG org.hibernate.persister.walking.spi.MetamodelGraphWalker  - Visiting attribute path : isbn
2564 [Test worker] DEBUG org.hibernate.persister.walking.spi.MetamodelGraphWalker  - Visiting attribute path : isbn
2564 [Test worker] DEBUG org.hibernate.persister.walking.spi.MetamodelGraphWalker  - Visiting attribute path : titulo
2564 [Test worker] DEBUG org.hibernate.persister.walking.spi.MetamodelGraphWalker  - Visiting attribute path : titulo
2564 [Test worker] DEBUG org.hibernate.loader.plan.build.internal.FetchStyleLoadPlanBuildingAssociationVisitationStrategy  - Building LoadPlan...
2564 [Test worker] DEBUG org.hibernate.loader.plan.build.internal.FetchStyleLoadPlanBuildingAssociationVisitationStrategy  - Building LoadPlan...
2564 [Test worker] DEBUG org.hibernate.loader.plan.exec.internal.LoadQueryJoinAndFetchProcessor  - processing queryspace <gen:0>
2564 [Test worker] DEBUG org.hibernate.loader.plan.exec.internal.LoadQueryJoinAndFetchProcessor  - processing queryspace <gen:0>
2564 [Test worker] DEBUG org.hibernate.loader.plan.build.spi.LoadPlanTreePrinter  - LoadPlan(entity=persistencia.entitad.LibroEntity)
    - Returns
       - EntityReturnImpl(entity=persistencia.entitad.LibroEntity, querySpaceUid=<gen:0>, path=persistencia.entitad.LibroEntity)
    - QuerySpaces
       - EntityQuerySpaceImpl(uid=<gen:0>, entity=persistencia.entitad.LibroEntity)
          - SQL table alias mapping - libroentit0_
          - alias suffix - 0_
          - suffixed key columns - {id1_0_0_}

2564 [Test worker] DEBUG org.hibernate.loader.plan.build.spi.LoadPlanTreePrinter  - LoadPlan(entity=persistencia.entitad.LibroEntity)
    - Returns
       - EntityReturnImpl(entity=persistencia.entitad.LibroEntity, querySpaceUid=<gen:0>, path=persistencia.entitad.LibroEntity)
    - QuerySpaces
       - EntityQuerySpaceImpl(uid=<gen:0>, entity=persistencia.entitad.LibroEntity)
          - SQL table alias mapping - libroentit0_
          - alias suffix - 0_
          - suffixed key columns - {id1_0_0_}

2564 [Test worker] DEBUG org.hibernate.loader.entity.plan.EntityLoader  - Static select for entity persistencia.entitad.LibroEntity [UPGRADE]: select libroentit0_.id as id1_0_0_, libroentit0_.anio as anio2_0_0_, libroentit0_.isbn as isbn3_0_0_, libroentit0_.titulo as titulo4_0_0_ from Libro libroentit0_ where libroentit0_.id=? for update
2564 [Test worker] DEBUG org.hibernate.loader.entity.plan.EntityLoader  - Static select for entity persistencia.entitad.LibroEntity [UPGRADE]: select libroentit0_.id as id1_0_0_, libroentit0_.anio as anio2_0_0_, libroentit0_.isbn as isbn3_0_0_, libroentit0_.titulo as titulo4_0_0_ from Libro libroentit0_ where libroentit0_.id=? for update
2564 [Test worker] DEBUG org.hibernate.loader.plan.build.internal.spaces.QuerySpacesImpl  - Adding QuerySpace : uid = <gen:0> -> org.hibernate.loader.plan.build.internal.spaces.EntityQuerySpaceImpl@67793f12]
2564 [Test worker] DEBUG org.hibernate.loader.plan.build.internal.spaces.QuerySpacesImpl  - Adding QuerySpace : uid = <gen:0> -> org.hibernate.loader.plan.build.internal.spaces.EntityQuerySpaceImpl@67793f12]
2564 [Test worker] DEBUG org.hibernate.persister.walking.spi.MetamodelGraphWalker  - Visiting attribute path : anio
2564 [Test worker] DEBUG org.hibernate.persister.walking.spi.MetamodelGraphWalker  - Visiting attribute path : anio
2564 [Test worker] DEBUG org.hibernate.persister.walking.spi.MetamodelGraphWalker  - Visiting attribute path : isbn
2564 [Test worker] DEBUG org.hibernate.persister.walking.spi.MetamodelGraphWalker  - Visiting attribute path : isbn
2564 [Test worker] DEBUG org.hibernate.persister.walking.spi.MetamodelGraphWalker  - Visiting attribute path : titulo
2564 [Test worker] DEBUG org.hibernate.persister.walking.spi.MetamodelGraphWalker  - Visiting attribute path : titulo
2564 [Test worker] DEBUG org.hibernate.loader.plan.build.internal.FetchStyleLoadPlanBuildingAssociationVisitationStrategy  - Building LoadPlan...
2564 [Test worker] DEBUG org.hibernate.loader.plan.build.internal.FetchStyleLoadPlanBuildingAssociationVisitationStrategy  - Building LoadPlan...
2565 [Test worker] DEBUG org.hibernate.loader.plan.exec.internal.LoadQueryJoinAndFetchProcessor  - processing queryspace <gen:0>
2565 [Test worker] DEBUG org.hibernate.loader.plan.exec.internal.LoadQueryJoinAndFetchProcessor  - processing queryspace <gen:0>
2565 [Test worker] DEBUG org.hibernate.loader.plan.build.spi.LoadPlanTreePrinter  - LoadPlan(entity=persistencia.entitad.LibroEntity)
    - Returns
       - EntityReturnImpl(entity=persistencia.entitad.LibroEntity, querySpaceUid=<gen:0>, path=persistencia.entitad.LibroEntity)
    - QuerySpaces
       - EntityQuerySpaceImpl(uid=<gen:0>, entity=persistencia.entitad.LibroEntity)
          - SQL table alias mapping - libroentit0_
          - alias suffix - 0_
          - suffixed key columns - {id1_0_0_}

2565 [Test worker] DEBUG org.hibernate.loader.plan.build.spi.LoadPlanTreePrinter  - LoadPlan(entity=persistencia.entitad.LibroEntity)
    - Returns
       - EntityReturnImpl(entity=persistencia.entitad.LibroEntity, querySpaceUid=<gen:0>, path=persistencia.entitad.LibroEntity)
    - QuerySpaces
       - EntityQuerySpaceImpl(uid=<gen:0>, entity=persistencia.entitad.LibroEntity)
          - SQL table alias mapping - libroentit0_
          - alias suffix - 0_
          - suffixed key columns - {id1_0_0_}

2565 [Test worker] DEBUG org.hibernate.loader.entity.plan.EntityLoader  - Static select for entity persistencia.entitad.LibroEntity [UPGRADE_NOWAIT]: select libroentit0_.id as id1_0_0_, libroentit0_.anio as anio2_0_0_, libroentit0_.isbn as isbn3_0_0_, libroentit0_.titulo as titulo4_0_0_ from Libro libroentit0_ where libroentit0_.id=? for update
2565 [Test worker] DEBUG org.hibernate.loader.entity.plan.EntityLoader  - Static select for entity persistencia.entitad.LibroEntity [UPGRADE_NOWAIT]: select libroentit0_.id as id1_0_0_, libroentit0_.anio as anio2_0_0_, libroentit0_.isbn as isbn3_0_0_, libroentit0_.titulo as titulo4_0_0_ from Libro libroentit0_ where libroentit0_.id=? for update
2565 [Test worker] DEBUG org.hibernate.loader.plan.build.internal.spaces.QuerySpacesImpl  - Adding QuerySpace : uid = <gen:0> -> org.hibernate.loader.plan.build.internal.spaces.EntityQuerySpaceImpl@47b0d2c9]
2565 [Test worker] DEBUG org.hibernate.loader.plan.build.internal.spaces.QuerySpacesImpl  - Adding QuerySpace : uid = <gen:0> -> org.hibernate.loader.plan.build.internal.spaces.EntityQuerySpaceImpl@47b0d2c9]
2565 [Test worker] DEBUG org.hibernate.persister.walking.spi.MetamodelGraphWalker  - Visiting attribute path : anio
2565 [Test worker] DEBUG org.hibernate.persister.walking.spi.MetamodelGraphWalker  - Visiting attribute path : anio
2565 [Test worker] DEBUG org.hibernate.persister.walking.spi.MetamodelGraphWalker  - Visiting attribute path : isbn
2565 [Test worker] DEBUG org.hibernate.persister.walking.spi.MetamodelGraphWalker  - Visiting attribute path : isbn
2565 [Test worker] DEBUG org.hibernate.persister.walking.spi.MetamodelGraphWalker  - Visiting attribute path : titulo
2565 [Test worker] DEBUG org.hibernate.persister.walking.spi.MetamodelGraphWalker  - Visiting attribute path : titulo
2565 [Test worker] DEBUG org.hibernate.loader.plan.build.internal.FetchStyleLoadPlanBuildingAssociationVisitationStrategy  - Building LoadPlan...
2565 [Test worker] DEBUG org.hibernate.loader.plan.build.internal.FetchStyleLoadPlanBuildingAssociationVisitationStrategy  - Building LoadPlan...
2565 [Test worker] DEBUG org.hibernate.loader.plan.exec.internal.LoadQueryJoinAndFetchProcessor  - processing queryspace <gen:0>
2565 [Test worker] DEBUG org.hibernate.loader.plan.exec.internal.LoadQueryJoinAndFetchProcessor  - processing queryspace <gen:0>
2565 [Test worker] DEBUG org.hibernate.loader.plan.build.spi.LoadPlanTreePrinter  - LoadPlan(entity=persistencia.entitad.LibroEntity)
    - Returns
       - EntityReturnImpl(entity=persistencia.entitad.LibroEntity, querySpaceUid=<gen:0>, path=persistencia.entitad.LibroEntity)
    - QuerySpaces
       - EntityQuerySpaceImpl(uid=<gen:0>, entity=persistencia.entitad.LibroEntity)
          - SQL table alias mapping - libroentit0_
          - alias suffix - 0_
          - suffixed key columns - {id1_0_0_}

2565 [Test worker] DEBUG org.hibernate.loader.plan.build.spi.LoadPlanTreePrinter  - LoadPlan(entity=persistencia.entitad.LibroEntity)
    - Returns
       - EntityReturnImpl(entity=persistencia.entitad.LibroEntity, querySpaceUid=<gen:0>, path=persistencia.entitad.LibroEntity)
    - QuerySpaces
       - EntityQuerySpaceImpl(uid=<gen:0>, entity=persistencia.entitad.LibroEntity)
          - SQL table alias mapping - libroentit0_
          - alias suffix - 0_
          - suffixed key columns - {id1_0_0_}

2565 [Test worker] DEBUG org.hibernate.loader.entity.plan.EntityLoader  - Static select for entity persistencia.entitad.LibroEntity [UPGRADE_SKIPLOCKED]: select libroentit0_.id as id1_0_0_, libroentit0_.anio as anio2_0_0_, libroentit0_.isbn as isbn3_0_0_, libroentit0_.titulo as titulo4_0_0_ from Libro libroentit0_ where libroentit0_.id=? for update
2565 [Test worker] DEBUG org.hibernate.loader.entity.plan.EntityLoader  - Static select for entity persistencia.entitad.LibroEntity [UPGRADE_SKIPLOCKED]: select libroentit0_.id as id1_0_0_, libroentit0_.anio as anio2_0_0_, libroentit0_.isbn as isbn3_0_0_, libroentit0_.titulo as titulo4_0_0_ from Libro libroentit0_ where libroentit0_.id=? for update
2565 [Test worker] DEBUG org.hibernate.loader.plan.build.internal.spaces.QuerySpacesImpl  - Adding QuerySpace : uid = <gen:0> -> org.hibernate.loader.plan.build.internal.spaces.EntityQuerySpaceImpl@680354da]
2565 [Test worker] DEBUG org.hibernate.loader.plan.build.internal.spaces.QuerySpacesImpl  - Adding QuerySpace : uid = <gen:0> -> org.hibernate.loader.plan.build.internal.spaces.EntityQuerySpaceImpl@680354da]
2565 [Test worker] DEBUG org.hibernate.persister.walking.spi.MetamodelGraphWalker  - Visiting attribute path : anio
2565 [Test worker] DEBUG org.hibernate.persister.walking.spi.MetamodelGraphWalker  - Visiting attribute path : anio
2565 [Test worker] DEBUG org.hibernate.persister.walking.spi.MetamodelGraphWalker  - Visiting attribute path : isbn
2565 [Test worker] DEBUG org.hibernate.persister.walking.spi.MetamodelGraphWalker  - Visiting attribute path : isbn
2566 [Test worker] DEBUG org.hibernate.persister.walking.spi.MetamodelGraphWalker  - Visiting attribute path : titulo
2566 [Test worker] DEBUG org.hibernate.persister.walking.spi.MetamodelGraphWalker  - Visiting attribute path : titulo
2566 [Test worker] DEBUG org.hibernate.loader.plan.build.internal.FetchStyleLoadPlanBuildingAssociationVisitationStrategy  - Building LoadPlan...
2566 [Test worker] DEBUG org.hibernate.loader.plan.build.internal.FetchStyleLoadPlanBuildingAssociationVisitationStrategy  - Building LoadPlan...
2566 [Test worker] DEBUG org.hibernate.loader.plan.exec.internal.LoadQueryJoinAndFetchProcessor  - processing queryspace <gen:0>
2566 [Test worker] DEBUG org.hibernate.loader.plan.exec.internal.LoadQueryJoinAndFetchProcessor  - processing queryspace <gen:0>
2566 [Test worker] DEBUG org.hibernate.loader.plan.build.spi.LoadPlanTreePrinter  - LoadPlan(entity=persistencia.entitad.LibroEntity)
    - Returns
       - EntityReturnImpl(entity=persistencia.entitad.LibroEntity, querySpaceUid=<gen:0>, path=persistencia.entitad.LibroEntity)
    - QuerySpaces
       - EntityQuerySpaceImpl(uid=<gen:0>, entity=persistencia.entitad.LibroEntity)
          - SQL table alias mapping - libroentit0_
          - alias suffix - 0_
          - suffixed key columns - {id1_0_0_}

2566 [Test worker] DEBUG org.hibernate.loader.plan.build.spi.LoadPlanTreePrinter  - LoadPlan(entity=persistencia.entitad.LibroEntity)
    - Returns
       - EntityReturnImpl(entity=persistencia.entitad.LibroEntity, querySpaceUid=<gen:0>, path=persistencia.entitad.LibroEntity)
    - QuerySpaces
       - EntityQuerySpaceImpl(uid=<gen:0>, entity=persistencia.entitad.LibroEntity)
          - SQL table alias mapping - libroentit0_
          - alias suffix - 0_
          - suffixed key columns - {id1_0_0_}

2566 [Test worker] DEBUG org.hibernate.loader.entity.plan.EntityLoader  - Static select for entity persistencia.entitad.LibroEntity [FORCE]: select libroentit0_.id as id1_0_0_, libroentit0_.anio as anio2_0_0_, libroentit0_.isbn as isbn3_0_0_, libroentit0_.titulo as titulo4_0_0_ from Libro libroentit0_ where libroentit0_.id=? for update
2566 [Test worker] DEBUG org.hibernate.loader.entity.plan.EntityLoader  - Static select for entity persistencia.entitad.LibroEntity [FORCE]: select libroentit0_.id as id1_0_0_, libroentit0_.anio as anio2_0_0_, libroentit0_.isbn as isbn3_0_0_, libroentit0_.titulo as titulo4_0_0_ from Libro libroentit0_ where libroentit0_.id=? for update
2566 [Test worker] DEBUG org.hibernate.loader.plan.build.internal.spaces.QuerySpacesImpl  - Adding QuerySpace : uid = <gen:0> -> org.hibernate.loader.plan.build.internal.spaces.EntityQuerySpaceImpl@61fb264e]
2566 [Test worker] DEBUG org.hibernate.loader.plan.build.internal.spaces.QuerySpacesImpl  - Adding QuerySpace : uid = <gen:0> -> org.hibernate.loader.plan.build.internal.spaces.EntityQuerySpaceImpl@61fb264e]
2566 [Test worker] DEBUG org.hibernate.persister.walking.spi.MetamodelGraphWalker  - Visiting attribute path : anio
2566 [Test worker] DEBUG org.hibernate.persister.walking.spi.MetamodelGraphWalker  - Visiting attribute path : anio
2566 [Test worker] DEBUG org.hibernate.persister.walking.spi.MetamodelGraphWalker  - Visiting attribute path : isbn
2566 [Test worker] DEBUG org.hibernate.persister.walking.spi.MetamodelGraphWalker  - Visiting attribute path : isbn
2566 [Test worker] DEBUG org.hibernate.persister.walking.spi.MetamodelGraphWalker  - Visiting attribute path : titulo
2566 [Test worker] DEBUG org.hibernate.persister.walking.spi.MetamodelGraphWalker  - Visiting attribute path : titulo
2566 [Test worker] DEBUG org.hibernate.loader.plan.build.internal.FetchStyleLoadPlanBuildingAssociationVisitationStrategy  - Building LoadPlan...
2566 [Test worker] DEBUG org.hibernate.loader.plan.build.internal.FetchStyleLoadPlanBuildingAssociationVisitationStrategy  - Building LoadPlan...
2566 [Test worker] DEBUG org.hibernate.loader.plan.exec.internal.LoadQueryJoinAndFetchProcessor  - processing queryspace <gen:0>
2566 [Test worker] DEBUG org.hibernate.loader.plan.exec.internal.LoadQueryJoinAndFetchProcessor  - processing queryspace <gen:0>
2566 [Test worker] DEBUG org.hibernate.loader.plan.build.spi.LoadPlanTreePrinter  - LoadPlan(entity=persistencia.entitad.LibroEntity)
    - Returns
       - EntityReturnImpl(entity=persistencia.entitad.LibroEntity, querySpaceUid=<gen:0>, path=persistencia.entitad.LibroEntity)
    - QuerySpaces
       - EntityQuerySpaceImpl(uid=<gen:0>, entity=persistencia.entitad.LibroEntity)
          - SQL table alias mapping - libroentit0_
          - alias suffix - 0_
          - suffixed key columns - {id1_0_0_}

2566 [Test worker] DEBUG org.hibernate.loader.plan.build.spi.LoadPlanTreePrinter  - LoadPlan(entity=persistencia.entitad.LibroEntity)
    - Returns
       - EntityReturnImpl(entity=persistencia.entitad.LibroEntity, querySpaceUid=<gen:0>, path=persistencia.entitad.LibroEntity)
    - QuerySpaces
       - EntityQuerySpaceImpl(uid=<gen:0>, entity=persistencia.entitad.LibroEntity)
          - SQL table alias mapping - libroentit0_
          - alias suffix - 0_
          - suffixed key columns - {id1_0_0_}

2566 [Test worker] DEBUG org.hibernate.loader.entity.plan.EntityLoader  - Static select for entity persistencia.entitad.LibroEntity [PESSIMISTIC_READ]: select libroentit0_.id as id1_0_0_, libroentit0_.anio as anio2_0_0_, libroentit0_.isbn as isbn3_0_0_, libroentit0_.titulo as titulo4_0_0_ from Libro libroentit0_ where libroentit0_.id=? for update
2566 [Test worker] DEBUG org.hibernate.loader.entity.plan.EntityLoader  - Static select for entity persistencia.entitad.LibroEntity [PESSIMISTIC_READ]: select libroentit0_.id as id1_0_0_, libroentit0_.anio as anio2_0_0_, libroentit0_.isbn as isbn3_0_0_, libroentit0_.titulo as titulo4_0_0_ from Libro libroentit0_ where libroentit0_.id=? for update
2566 [Test worker] DEBUG org.hibernate.loader.plan.build.internal.spaces.QuerySpacesImpl  - Adding QuerySpace : uid = <gen:0> -> org.hibernate.loader.plan.build.internal.spaces.EntityQuerySpaceImpl@36b058f3]
2566 [Test worker] DEBUG org.hibernate.loader.plan.build.internal.spaces.QuerySpacesImpl  - Adding QuerySpace : uid = <gen:0> -> org.hibernate.loader.plan.build.internal.spaces.EntityQuerySpaceImpl@36b058f3]
2567 [Test worker] DEBUG org.hibernate.persister.walking.spi.MetamodelGraphWalker  - Visiting attribute path : anio
2567 [Test worker] DEBUG org.hibernate.persister.walking.spi.MetamodelGraphWalker  - Visiting attribute path : anio
2567 [Test worker] DEBUG org.hibernate.persister.walking.spi.MetamodelGraphWalker  - Visiting attribute path : isbn
2567 [Test worker] DEBUG org.hibernate.persister.walking.spi.MetamodelGraphWalker  - Visiting attribute path : isbn
2567 [Test worker] DEBUG org.hibernate.persister.walking.spi.MetamodelGraphWalker  - Visiting attribute path : titulo
2567 [Test worker] DEBUG org.hibernate.persister.walking.spi.MetamodelGraphWalker  - Visiting attribute path : titulo
2567 [Test worker] DEBUG org.hibernate.loader.plan.build.internal.FetchStyleLoadPlanBuildingAssociationVisitationStrategy  - Building LoadPlan...
2567 [Test worker] DEBUG org.hibernate.loader.plan.build.internal.FetchStyleLoadPlanBuildingAssociationVisitationStrategy  - Building LoadPlan...
2567 [Test worker] DEBUG org.hibernate.loader.plan.exec.internal.LoadQueryJoinAndFetchProcessor  - processing queryspace <gen:0>
2567 [Test worker] DEBUG org.hibernate.loader.plan.exec.internal.LoadQueryJoinAndFetchProcessor  - processing queryspace <gen:0>
2567 [Test worker] DEBUG org.hibernate.loader.plan.build.spi.LoadPlanTreePrinter  - LoadPlan(entity=persistencia.entitad.LibroEntity)
    - Returns
       - EntityReturnImpl(entity=persistencia.entitad.LibroEntity, querySpaceUid=<gen:0>, path=persistencia.entitad.LibroEntity)
    - QuerySpaces
       - EntityQuerySpaceImpl(uid=<gen:0>, entity=persistencia.entitad.LibroEntity)
          - SQL table alias mapping - libroentit0_
          - alias suffix - 0_
          - suffixed key columns - {id1_0_0_}

2567 [Test worker] DEBUG org.hibernate.loader.plan.build.spi.LoadPlanTreePrinter  - LoadPlan(entity=persistencia.entitad.LibroEntity)
    - Returns
       - EntityReturnImpl(entity=persistencia.entitad.LibroEntity, querySpaceUid=<gen:0>, path=persistencia.entitad.LibroEntity)
    - QuerySpaces
       - EntityQuerySpaceImpl(uid=<gen:0>, entity=persistencia.entitad.LibroEntity)
          - SQL table alias mapping - libroentit0_
          - alias suffix - 0_
          - suffixed key columns - {id1_0_0_}

2567 [Test worker] DEBUG org.hibernate.loader.entity.plan.EntityLoader  - Static select for entity persistencia.entitad.LibroEntity [PESSIMISTIC_WRITE]: select libroentit0_.id as id1_0_0_, libroentit0_.anio as anio2_0_0_, libroentit0_.isbn as isbn3_0_0_, libroentit0_.titulo as titulo4_0_0_ from Libro libroentit0_ where libroentit0_.id=? for update
2567 [Test worker] DEBUG org.hibernate.loader.entity.plan.EntityLoader  - Static select for entity persistencia.entitad.LibroEntity [PESSIMISTIC_WRITE]: select libroentit0_.id as id1_0_0_, libroentit0_.anio as anio2_0_0_, libroentit0_.isbn as isbn3_0_0_, libroentit0_.titulo as titulo4_0_0_ from Libro libroentit0_ where libroentit0_.id=? for update
2567 [Test worker] DEBUG org.hibernate.loader.plan.build.internal.spaces.QuerySpacesImpl  - Adding QuerySpace : uid = <gen:0> -> org.hibernate.loader.plan.build.internal.spaces.EntityQuerySpaceImpl@4ae9dd8e]
2567 [Test worker] DEBUG org.hibernate.loader.plan.build.internal.spaces.QuerySpacesImpl  - Adding QuerySpace : uid = <gen:0> -> org.hibernate.loader.plan.build.internal.spaces.EntityQuerySpaceImpl@4ae9dd8e]
2567 [Test worker] DEBUG org.hibernate.persister.walking.spi.MetamodelGraphWalker  - Visiting attribute path : anio
2567 [Test worker] DEBUG org.hibernate.persister.walking.spi.MetamodelGraphWalker  - Visiting attribute path : anio
2567 [Test worker] DEBUG org.hibernate.persister.walking.spi.MetamodelGraphWalker  - Visiting attribute path : isbn
2567 [Test worker] DEBUG org.hibernate.persister.walking.spi.MetamodelGraphWalker  - Visiting attribute path : isbn
2567 [Test worker] DEBUG org.hibernate.persister.walking.spi.MetamodelGraphWalker  - Visiting attribute path : titulo
2567 [Test worker] DEBUG org.hibernate.persister.walking.spi.MetamodelGraphWalker  - Visiting attribute path : titulo
2567 [Test worker] DEBUG org.hibernate.loader.plan.build.internal.FetchStyleLoadPlanBuildingAssociationVisitationStrategy  - Building LoadPlan...
2567 [Test worker] DEBUG org.hibernate.loader.plan.build.internal.FetchStyleLoadPlanBuildingAssociationVisitationStrategy  - Building LoadPlan...
2567 [Test worker] DEBUG org.hibernate.loader.plan.exec.internal.LoadQueryJoinAndFetchProcessor  - processing queryspace <gen:0>
2567 [Test worker] DEBUG org.hibernate.loader.plan.exec.internal.LoadQueryJoinAndFetchProcessor  - processing queryspace <gen:0>
2567 [Test worker] DEBUG org.hibernate.loader.plan.build.spi.LoadPlanTreePrinter  - LoadPlan(entity=persistencia.entitad.LibroEntity)
    - Returns
       - EntityReturnImpl(entity=persistencia.entitad.LibroEntity, querySpaceUid=<gen:0>, path=persistencia.entitad.LibroEntity)
    - QuerySpaces
       - EntityQuerySpaceImpl(uid=<gen:0>, entity=persistencia.entitad.LibroEntity)
          - SQL table alias mapping - libroentit0_
          - alias suffix - 0_
          - suffixed key columns - {id1_0_0_}

2567 [Test worker] DEBUG org.hibernate.loader.plan.build.spi.LoadPlanTreePrinter  - LoadPlan(entity=persistencia.entitad.LibroEntity)
    - Returns
       - EntityReturnImpl(entity=persistencia.entitad.LibroEntity, querySpaceUid=<gen:0>, path=persistencia.entitad.LibroEntity)
    - QuerySpaces
       - EntityQuerySpaceImpl(uid=<gen:0>, entity=persistencia.entitad.LibroEntity)
          - SQL table alias mapping - libroentit0_
          - alias suffix - 0_
          - suffixed key columns - {id1_0_0_}

2567 [Test worker] DEBUG org.hibernate.loader.entity.plan.EntityLoader  - Static select for entity persistencia.entitad.LibroEntity [PESSIMISTIC_FORCE_INCREMENT]: select libroentit0_.id as id1_0_0_, libroentit0_.anio as anio2_0_0_, libroentit0_.isbn as isbn3_0_0_, libroentit0_.titulo as titulo4_0_0_ from Libro libroentit0_ where libroentit0_.id=? for update
2567 [Test worker] DEBUG org.hibernate.loader.entity.plan.EntityLoader  - Static select for entity persistencia.entitad.LibroEntity [PESSIMISTIC_FORCE_INCREMENT]: select libroentit0_.id as id1_0_0_, libroentit0_.anio as anio2_0_0_, libroentit0_.isbn as isbn3_0_0_, libroentit0_.titulo as titulo4_0_0_ from Libro libroentit0_ where libroentit0_.id=? for update
2567 [Test worker] DEBUG org.hibernate.loader.plan.build.internal.spaces.QuerySpacesImpl  - Adding QuerySpace : uid = <gen:0> -> org.hibernate.loader.plan.build.internal.spaces.EntityQuerySpaceImpl@1bbf297]
2567 [Test worker] DEBUG org.hibernate.loader.plan.build.internal.spaces.QuerySpacesImpl  - Adding QuerySpace : uid = <gen:0> -> org.hibernate.loader.plan.build.internal.spaces.EntityQuerySpaceImpl@1bbf297]
2567 [Test worker] DEBUG org.hibernate.persister.walking.spi.MetamodelGraphWalker  - Visiting attribute path : anio
2567 [Test worker] DEBUG org.hibernate.persister.walking.spi.MetamodelGraphWalker  - Visiting attribute path : anio
2567 [Test worker] DEBUG org.hibernate.persister.walking.spi.MetamodelGraphWalker  - Visiting attribute path : isbn
2567 [Test worker] DEBUG org.hibernate.persister.walking.spi.MetamodelGraphWalker  - Visiting attribute path : isbn
2567 [Test worker] DEBUG org.hibernate.persister.walking.spi.MetamodelGraphWalker  - Visiting attribute path : titulo
2567 [Test worker] DEBUG org.hibernate.persister.walking.spi.MetamodelGraphWalker  - Visiting attribute path : titulo
2567 [Test worker] DEBUG org.hibernate.loader.plan.build.internal.FetchStyleLoadPlanBuildingAssociationVisitationStrategy  - Building LoadPlan...
2567 [Test worker] DEBUG org.hibernate.loader.plan.build.internal.FetchStyleLoadPlanBuildingAssociationVisitationStrategy  - Building LoadPlan...
2567 [Test worker] DEBUG org.hibernate.loader.plan.exec.internal.LoadQueryJoinAndFetchProcessor  - processing queryspace <gen:0>
2567 [Test worker] DEBUG org.hibernate.loader.plan.exec.internal.LoadQueryJoinAndFetchProcessor  - processing queryspace <gen:0>
2567 [Test worker] DEBUG org.hibernate.loader.plan.build.spi.LoadPlanTreePrinter  - LoadPlan(entity=persistencia.entitad.LibroEntity)
    - Returns
       - EntityReturnImpl(entity=persistencia.entitad.LibroEntity, querySpaceUid=<gen:0>, path=persistencia.entitad.LibroEntity)
    - QuerySpaces
       - EntityQuerySpaceImpl(uid=<gen:0>, entity=persistencia.entitad.LibroEntity)
          - SQL table alias mapping - libroentit0_
          - alias suffix - 0_
          - suffixed key columns - {id1_0_0_}

2567 [Test worker] DEBUG org.hibernate.loader.plan.build.spi.LoadPlanTreePrinter  - LoadPlan(entity=persistencia.entitad.LibroEntity)
    - Returns
       - EntityReturnImpl(entity=persistencia.entitad.LibroEntity, querySpaceUid=<gen:0>, path=persistencia.entitad.LibroEntity)
    - QuerySpaces
       - EntityQuerySpaceImpl(uid=<gen:0>, entity=persistencia.entitad.LibroEntity)
          - SQL table alias mapping - libroentit0_
          - alias suffix - 0_
          - suffixed key columns - {id1_0_0_}

2567 [Test worker] DEBUG org.hibernate.loader.entity.plan.EntityLoader  - Static select for entity persistencia.entitad.LibroEntity [OPTIMISTIC]: select libroentit0_.id as id1_0_0_, libroentit0_.anio as anio2_0_0_, libroentit0_.isbn as isbn3_0_0_, libroentit0_.titulo as titulo4_0_0_ from Libro libroentit0_ where libroentit0_.id=?
2567 [Test worker] DEBUG org.hibernate.loader.entity.plan.EntityLoader  - Static select for entity persistencia.entitad.LibroEntity [OPTIMISTIC]: select libroentit0_.id as id1_0_0_, libroentit0_.anio as anio2_0_0_, libroentit0_.isbn as isbn3_0_0_, libroentit0_.titulo as titulo4_0_0_ from Libro libroentit0_ where libroentit0_.id=?
2567 [Test worker] DEBUG org.hibernate.loader.plan.build.internal.spaces.QuerySpacesImpl  - Adding QuerySpace : uid = <gen:0> -> org.hibernate.loader.plan.build.internal.spaces.EntityQuerySpaceImpl@35f4568c]
2567 [Test worker] DEBUG org.hibernate.loader.plan.build.internal.spaces.QuerySpacesImpl  - Adding QuerySpace : uid = <gen:0> -> org.hibernate.loader.plan.build.internal.spaces.EntityQuerySpaceImpl@35f4568c]
2567 [Test worker] DEBUG org.hibernate.persister.walking.spi.MetamodelGraphWalker  - Visiting attribute path : anio
2567 [Test worker] DEBUG org.hibernate.persister.walking.spi.MetamodelGraphWalker  - Visiting attribute path : anio
2567 [Test worker] DEBUG org.hibernate.persister.walking.spi.MetamodelGraphWalker  - Visiting attribute path : isbn
2567 [Test worker] DEBUG org.hibernate.persister.walking.spi.MetamodelGraphWalker  - Visiting attribute path : isbn
2567 [Test worker] DEBUG org.hibernate.persister.walking.spi.MetamodelGraphWalker  - Visiting attribute path : titulo
2567 [Test worker] DEBUG org.hibernate.persister.walking.spi.MetamodelGraphWalker  - Visiting attribute path : titulo
2567 [Test worker] DEBUG org.hibernate.loader.plan.build.internal.FetchStyleLoadPlanBuildingAssociationVisitationStrategy  - Building LoadPlan...
2567 [Test worker] DEBUG org.hibernate.loader.plan.build.internal.FetchStyleLoadPlanBuildingAssociationVisitationStrategy  - Building LoadPlan...
2567 [Test worker] DEBUG org.hibernate.loader.plan.exec.internal.LoadQueryJoinAndFetchProcessor  - processing queryspace <gen:0>
2567 [Test worker] DEBUG org.hibernate.loader.plan.exec.internal.LoadQueryJoinAndFetchProcessor  - processing queryspace <gen:0>
2567 [Test worker] DEBUG org.hibernate.loader.plan.build.spi.LoadPlanTreePrinter  - LoadPlan(entity=persistencia.entitad.LibroEntity)
    - Returns
       - EntityReturnImpl(entity=persistencia.entitad.LibroEntity, querySpaceUid=<gen:0>, path=persistencia.entitad.LibroEntity)
    - QuerySpaces
       - EntityQuerySpaceImpl(uid=<gen:0>, entity=persistencia.entitad.LibroEntity)
          - SQL table alias mapping - libroentit0_
          - alias suffix - 0_
          - suffixed key columns - {id1_0_0_}

2567 [Test worker] DEBUG org.hibernate.loader.plan.build.spi.LoadPlanTreePrinter  - LoadPlan(entity=persistencia.entitad.LibroEntity)
    - Returns
       - EntityReturnImpl(entity=persistencia.entitad.LibroEntity, querySpaceUid=<gen:0>, path=persistencia.entitad.LibroEntity)
    - QuerySpaces
       - EntityQuerySpaceImpl(uid=<gen:0>, entity=persistencia.entitad.LibroEntity)
          - SQL table alias mapping - libroentit0_
          - alias suffix - 0_
          - suffixed key columns - {id1_0_0_}

2567 [Test worker] DEBUG org.hibernate.loader.entity.plan.EntityLoader  - Static select for entity persistencia.entitad.LibroEntity [OPTIMISTIC_FORCE_INCREMENT]: select libroentit0_.id as id1_0_0_, libroentit0_.anio as anio2_0_0_, libroentit0_.isbn as isbn3_0_0_, libroentit0_.titulo as titulo4_0_0_ from Libro libroentit0_ where libroentit0_.id=?
2567 [Test worker] DEBUG org.hibernate.loader.entity.plan.EntityLoader  - Static select for entity persistencia.entitad.LibroEntity [OPTIMISTIC_FORCE_INCREMENT]: select libroentit0_.id as id1_0_0_, libroentit0_.anio as anio2_0_0_, libroentit0_.isbn as isbn3_0_0_, libroentit0_.titulo as titulo4_0_0_ from Libro libroentit0_ where libroentit0_.id=?
2567 [Test worker] DEBUG org.hibernate.loader.Loader  - Static select for action ACTION_MERGE on entity persistencia.entitad.LibroEntity: select libroentit0_.id as id1_0_0_, libroentit0_.anio as anio2_0_0_, libroentit0_.isbn as isbn3_0_0_, libroentit0_.titulo as titulo4_0_0_ from Libro libroentit0_ where libroentit0_.id=?
2567 [Test worker] DEBUG org.hibernate.loader.Loader  - Static select for action ACTION_MERGE on entity persistencia.entitad.LibroEntity: select libroentit0_.id as id1_0_0_, libroentit0_.anio as anio2_0_0_, libroentit0_.isbn as isbn3_0_0_, libroentit0_.titulo as titulo4_0_0_ from Libro libroentit0_ where libroentit0_.id=?
2567 [Test worker] DEBUG org.hibernate.loader.Loader  - Static select for action ACTION_REFRESH on entity persistencia.entitad.LibroEntity: select libroentit0_.id as id1_0_0_, libroentit0_.anio as anio2_0_0_, libroentit0_.isbn as isbn3_0_0_, libroentit0_.titulo as titulo4_0_0_ from Libro libroentit0_ where libroentit0_.id=?
2567 [Test worker] DEBUG org.hibernate.loader.Loader  - Static select for action ACTION_REFRESH on entity persistencia.entitad.LibroEntity: select libroentit0_.id as id1_0_0_, libroentit0_.anio as anio2_0_0_, libroentit0_.isbn as isbn3_0_0_, libroentit0_.titulo as titulo4_0_0_ from Libro libroentit0_ where libroentit0_.id=?
2567 [Test worker] DEBUG org.hibernate.SQL  - drop table Libro if exists
2567 [Test worker] DEBUG org.hibernate.SQL  - drop table Libro if exists
Hibernate: drop table Libro if exists
2567 [Test worker] INFO org.hibernate.orm.connections.access  - HHH10001501: Connection obtained from JdbcConnectionAccess [org.hibernate.engine.jdbc.env.internal.JdbcEnvironmentInitiator$ConnectionProviderJdbcConnectionAccess@156a723d] for (non-JTA) DDL execution was not in auto-commit mode; the Connection 'local transaction' will be committed and the Connection will be set into auto-commit mode.
2567 [Test worker] INFO org.hibernate.orm.connections.access  - HHH10001501: Connection obtained from JdbcConnectionAccess [org.hibernate.engine.jdbc.env.internal.JdbcEnvironmentInitiator$ConnectionProviderJdbcConnectionAccess@156a723d] for (non-JTA) DDL execution was not in auto-commit mode; the Connection 'local transaction' will be committed and the Connection will be set into auto-commit mode.
2567 [Test worker] DEBUG org.hibernate.SQL  - drop table Prestamo if exists
2567 [Test worker] DEBUG org.hibernate.SQL  - drop table Prestamo if exists
Hibernate: drop table Prestamo if exists
2567 [Test worker] DEBUG org.hibernate.SQL  - drop sequence if exists hibernate_sequence
2567 [Test worker] DEBUG org.hibernate.SQL  - drop sequence if exists hibernate_sequence
Hibernate: drop sequence if exists hibernate_sequence
2567 [Test worker] DEBUG org.hibernate.SQL  - create sequence hibernate_sequence start with 1 increment by 1
2567 [Test worker] DEBUG org.hibernate.SQL  - create sequence hibernate_sequence start with 1 increment by 1
Hibernate: create sequence hibernate_sequence start with 1 increment by 1
2567 [Test worker] INFO org.hibernate.orm.connections.access  - HHH10001501: Connection obtained from JdbcConnectionAccess [org.hibernate.engine.jdbc.env.internal.JdbcEnvironmentInitiator$ConnectionProviderJdbcConnectionAccess@40a20135] for (non-JTA) DDL execution was not in auto-commit mode; the Connection 'local transaction' will be committed and the Connection will be set into auto-commit mode.
2567 [Test worker] INFO org.hibernate.orm.connections.access  - HHH10001501: Connection obtained from JdbcConnectionAccess [org.hibernate.engine.jdbc.env.internal.JdbcEnvironmentInitiator$ConnectionProviderJdbcConnectionAccess@40a20135] for (non-JTA) DDL execution was not in auto-commit mode; the Connection 'local transaction' will be committed and the Connection will be set into auto-commit mode.
2567 [Test worker] DEBUG org.hibernate.SQL  - create table Libro (id bigint not null, anio integer not null, isbn varchar(255) not null, titulo varchar(255) not null, primary key (id))
2567 [Test worker] DEBUG org.hibernate.SQL  - create table Libro (id bigint not null, anio integer not null, isbn varchar(255) not null, titulo varchar(255) not null, primary key (id))
Hibernate: create table Libro (id bigint not null, anio integer not null, isbn varchar(255) not null, titulo varchar(255) not null, primary key (id))
2567 [Test worker] DEBUG org.hibernate.SQL  - create table Prestamo (id bigint not null, fechaEntregaMaxima timestamp, fechaSolicitud timestamp, nombreUsuario varchar(255), ID_LIBRO bigint, primary key (id))
2567 [Test worker] DEBUG org.hibernate.SQL  - create table Prestamo (id bigint not null, fechaEntregaMaxima timestamp, fechaSolicitud timestamp, nombreUsuario varchar(255), ID_LIBRO bigint, primary key (id))
Hibernate: create table Prestamo (id bigint not null, fechaEntregaMaxima timestamp, fechaSolicitud timestamp, nombreUsuario varchar(255), ID_LIBRO bigint, primary key (id))
2567 [Test worker] DEBUG org.hibernate.SQL  - alter table Prestamo add constraint FKebssys3uu8dj3dxjok5epcvi0 foreign key (ID_LIBRO) references Libro
2567 [Test worker] DEBUG org.hibernate.SQL  - alter table Prestamo add constraint FKebssys3uu8dj3dxjok5epcvi0 foreign key (ID_LIBRO) references Libro
Hibernate: alter table Prestamo add constraint FKebssys3uu8dj3dxjok5epcvi0 foreign key (ID_LIBRO) references Libro
2567 [Test worker] INFO org.hibernate.tool.schema.internal.SchemaCreatorImpl  - HHH000476: Executing import script 'org.hibernate.tool.schema.internal.exec.ScriptSourceInputNonExistentImpl@158cd887'
2567 [Test worker] INFO org.hibernate.tool.schema.internal.SchemaCreatorImpl  - HHH000476: Executing import script 'org.hibernate.tool.schema.internal.exec.ScriptSourceInputNonExistentImpl@158cd887'
2567 [Test worker] DEBUG org.hibernate.engine.transaction.jta.platform.internal.JtaPlatformInitiator  - No JtaPlatform was specified, checking resolver
2567 [Test worker] DEBUG org.hibernate.engine.transaction.jta.platform.internal.JtaPlatformInitiator  - No JtaPlatform was specified, checking resolver
2567 [Test worker] DEBUG org.hibernate.engine.transaction.jta.platform.internal.JtaPlatformResolverInitiator  - No JtaPlatformResolver was specified, using default [org.hibernate.engine.transaction.jta.platform.internal.StandardJtaPlatformResolver]
2567 [Test worker] DEBUG org.hibernate.engine.transaction.jta.platform.internal.JtaPlatformResolverInitiator  - No JtaPlatformResolver was specified, using default [org.hibernate.engine.transaction.jta.platform.internal.StandardJtaPlatformResolver]
2567 [Test worker] DEBUG org.hibernate.engine.transaction.jta.platform.internal.StandardJtaPlatformResolver  - Could not resolve JtaPlatform, using default [org.hibernate.engine.transaction.jta.platform.internal.NoJtaPlatform]
2567 [Test worker] DEBUG org.hibernate.engine.transaction.jta.platform.internal.StandardJtaPlatformResolver  - Could not resolve JtaPlatform, using default [org.hibernate.engine.transaction.jta.platform.internal.NoJtaPlatform]
2567 [Test worker] DEBUG org.hibernate.query.spi.NamedQueryRepository  - Checking 4 named HQL queries
2567 [Test worker] DEBUG org.hibernate.query.spi.NamedQueryRepository  - Checking 4 named HQL queries
2567 [Test worker] DEBUG org.hibernate.query.spi.NamedQueryRepository  - Checking named query: Prestamo.findAll
2567 [Test worker] DEBUG org.hibernate.query.spi.NamedQueryRepository  - Checking named query: Prestamo.findAll
2567 [Test worker] DEBUG org.hibernate.hql.internal.QueryTranslatorFactoryInitiator  - QueryTranslatorFactory : org.hibernate.hql.internal.ast.ASTQueryTranslatorFactory@7c2df4aa
2567 [Test worker] DEBUG org.hibernate.hql.internal.QueryTranslatorFactoryInitiator  - QueryTranslatorFactory : org.hibernate.hql.internal.ast.ASTQueryTranslatorFactory@7c2df4aa
2567 [Test worker] INFO org.hibernate.hql.internal.QueryTranslatorFactoryInitiator  - HHH000397: Using ASTQueryTranslatorFactory
2567 [Test worker] INFO org.hibernate.hql.internal.QueryTranslatorFactoryInitiator  - HHH000397: Using ASTQueryTranslatorFactory
2567 [Test worker] DEBUG org.hibernate.hql.internal.ast.QueryTranslatorImpl  - parse() - HQL: SELECT prestamo from persistencia.entitad.PrestamoEntity prestamo
2567 [Test worker] DEBUG org.hibernate.hql.internal.ast.QueryTranslatorImpl  - parse() - HQL: SELECT prestamo from persistencia.entitad.PrestamoEntity prestamo
2567 [Test worker] DEBUG org.hibernate.hql.internal.ast.QueryTranslatorImpl  - --- HQL AST ---
 \-[QUERY] Node: 'query'
    \-[SELECT_FROM] Node: 'SELECT_FROM'
       +-[FROM] Node: 'from'
       |  \-[RANGE] Node: 'RANGE'
       |     +-[DOT] Node: '.'
       |     |  +-[DOT] Node: '.'
       |     |  |  +-[IDENT] Node: 'persistencia'
       |     |  |  \-[IDENT] Node: 'entitad'
       |     |  \-[IDENT] Node: 'PrestamoEntity'
       |     \-[ALIAS] Node: 'prestamo'
       \-[SELECT] Node: 'SELECT'
          \-[IDENT] Node: 'prestamo'

2567 [Test worker] DEBUG org.hibernate.hql.internal.ast.QueryTranslatorImpl  - --- HQL AST ---
 \-[QUERY] Node: 'query'
    \-[SELECT_FROM] Node: 'SELECT_FROM'
       +-[FROM] Node: 'from'
       |  \-[RANGE] Node: 'RANGE'
       |     +-[DOT] Node: '.'
       |     |  +-[DOT] Node: '.'
       |     |  |  +-[IDENT] Node: 'persistencia'
       |     |  |  \-[IDENT] Node: 'entitad'
       |     |  \-[IDENT] Node: 'PrestamoEntity'
       |     \-[ALIAS] Node: 'prestamo'
       \-[SELECT] Node: 'SELECT'
          \-[IDENT] Node: 'prestamo'

2567 [Test worker] DEBUG org.hibernate.hql.internal.ast.ErrorCounter  - throwQueryException() : no errors
2567 [Test worker] DEBUG org.hibernate.hql.internal.ast.ErrorCounter  - throwQueryException() : no errors
2567 [Test worker] DEBUG org.hibernate.hql.internal.antlr.HqlSqlBaseWalker  - select << begin [level=1, statement=select]
2567 [Test worker] DEBUG org.hibernate.hql.internal.antlr.HqlSqlBaseWalker  - select << begin [level=1, statement=select]
2567 [Test worker] DEBUG org.hibernate.hql.internal.ast.tree.FromElement  - FromClause{level=1} : persistencia.entitad.PrestamoEntity (prestamo) -> prestamoen0_
2567 [Test worker] DEBUG org.hibernate.hql.internal.ast.tree.FromElement  - FromClause{level=1} : persistencia.entitad.PrestamoEntity (prestamo) -> prestamoen0_
2567 [Test worker] DEBUG org.hibernate.hql.internal.ast.tree.FromReferenceNode  - Resolved : prestamo -> prestamoen0_.id
2567 [Test worker] DEBUG org.hibernate.hql.internal.ast.tree.FromReferenceNode  - Resolved : prestamo -> prestamoen0_.id
2567 [Test worker] DEBUG org.hibernate.hql.internal.antlr.HqlSqlBaseWalker  - select : finishing up [level=1, statement=select]
2567 [Test worker] DEBUG org.hibernate.hql.internal.antlr.HqlSqlBaseWalker  - select : finishing up [level=1, statement=select]
2567 [Test worker] DEBUG org.hibernate.hql.internal.ast.HqlSqlWalker  - processQuery() :  ( SELECT ( {select clause} prestamoen0_.id ) ( FromClause{level=1} Prestamo prestamoen0_ ) )
2567 [Test worker] DEBUG org.hibernate.hql.internal.ast.HqlSqlWalker  - processQuery() :  ( SELECT ( {select clause} prestamoen0_.id ) ( FromClause{level=1} Prestamo prestamoen0_ ) )
2567 [Test worker] DEBUG org.hibernate.hql.internal.ast.util.JoinProcessor  - Using FROM fragment [Prestamo prestamoen0_]
2567 [Test worker] DEBUG org.hibernate.hql.internal.ast.util.JoinProcessor  - Using FROM fragment [Prestamo prestamoen0_]
2567 [Test worker] DEBUG org.hibernate.hql.internal.antlr.HqlSqlBaseWalker  - select >> end [level=1, statement=select]
2567 [Test worker] DEBUG org.hibernate.hql.internal.antlr.HqlSqlBaseWalker  - select >> end [level=1, statement=select]
2567 [Test worker] DEBUG org.hibernate.hql.internal.ast.QueryTranslatorImpl  - --- SQL AST ---
 \-[SELECT] QueryNode: 'SELECT'  querySpaces (Prestamo)
    +-[SELECT_CLAUSE] SelectClause: '{select clause}'
    |  +-[ALIAS_REF] IdentNode: 'prestamoen0_.id as id1_1_' {alias=prestamo, className=persistencia.entitad.PrestamoEntity, tableAlias=prestamoen0_}
    |  \-[SQL_TOKEN] SqlFragment: 'prestamoen0_.fechaEntregaMaxima as fechaEnt2_1_, prestamoen0_.fechaSolicitud as fechaSol3_1_, prestamoen0_.ID_LIBRO as ID_LIBRO5_1_, prestamoen0_.nombreUsuario as nombreUs4_1_'
    \-[FROM] FromClause: 'from' FromClause{level=1, fromElementCounter=1, fromElements=1, fromElementByClassAlias=[prestamo], fromElementByTableAlias=[prestamoen0_], fromElementsByPath=[], collectionJoinFromElementsByPath=[], impliedElements=[]}
       \-[FROM_FRAGMENT] FromElement: 'Prestamo prestamoen0_' FromElement{explicit,not a collection join,not a fetch join,fetch non-lazy properties,classAlias=prestamo,role=null,tableName=Prestamo,tableAlias=prestamoen0_,origin=null,columns={,className=persistencia.entitad.PrestamoEntity}}

2567 [Test worker] DEBUG org.hibernate.hql.internal.ast.QueryTranslatorImpl  - --- SQL AST ---
 \-[SELECT] QueryNode: 'SELECT'  querySpaces (Prestamo)
    +-[SELECT_CLAUSE] SelectClause: '{select clause}'
    |  +-[ALIAS_REF] IdentNode: 'prestamoen0_.id as id1_1_' {alias=prestamo, className=persistencia.entitad.PrestamoEntity, tableAlias=prestamoen0_}
    |  \-[SQL_TOKEN] SqlFragment: 'prestamoen0_.fechaEntregaMaxima as fechaEnt2_1_, prestamoen0_.fechaSolicitud as fechaSol3_1_, prestamoen0_.ID_LIBRO as ID_LIBRO5_1_, prestamoen0_.nombreUsuario as nombreUs4_1_'
    \-[FROM] FromClause: 'from' FromClause{level=1, fromElementCounter=1, fromElements=1, fromElementByClassAlias=[prestamo], fromElementByTableAlias=[prestamoen0_], fromElementsByPath=[], collectionJoinFromElementsByPath=[], impliedElements=[]}
       \-[FROM_FRAGMENT] FromElement: 'Prestamo prestamoen0_' FromElement{explicit,not a collection join,not a fetch join,fetch non-lazy properties,classAlias=prestamo,role=null,tableName=Prestamo,tableAlias=prestamoen0_,origin=null,columns={,className=persistencia.entitad.PrestamoEntity}}

2567 [Test worker] DEBUG org.hibernate.hql.internal.ast.ErrorCounter  - throwQueryException() : no errors
2567 [Test worker] DEBUG org.hibernate.hql.internal.ast.ErrorCounter  - throwQueryException() : no errors
2567 [Test worker] DEBUG org.hibernate.hql.internal.ast.QueryTranslatorImpl  - HQL: SELECT prestamo from persistencia.entitad.PrestamoEntity prestamo
2567 [Test worker] DEBUG org.hibernate.hql.internal.ast.QueryTranslatorImpl  - HQL: SELECT prestamo from persistencia.entitad.PrestamoEntity prestamo
2567 [Test worker] DEBUG org.hibernate.hql.internal.ast.QueryTranslatorImpl  - SQL: select prestamoen0_.id as id1_1_, prestamoen0_.fechaEntregaMaxima as fechaEnt2_1_, prestamoen0_.fechaSolicitud as fechaSol3_1_, prestamoen0_.ID_LIBRO as ID_LIBRO5_1_, prestamoen0_.nombreUsuario as nombreUs4_1_ from Prestamo prestamoen0_
2567 [Test worker] DEBUG org.hibernate.hql.internal.ast.QueryTranslatorImpl  - SQL: select prestamoen0_.id as id1_1_, prestamoen0_.fechaEntregaMaxima as fechaEnt2_1_, prestamoen0_.fechaSolicitud as fechaSol3_1_, prestamoen0_.ID_LIBRO as ID_LIBRO5_1_, prestamoen0_.nombreUsuario as nombreUs4_1_ from Prestamo prestamoen0_
2567 [Test worker] DEBUG org.hibernate.hql.internal.ast.ErrorCounter  - throwQueryException() : no errors
2567 [Test worker] DEBUG org.hibernate.hql.internal.ast.ErrorCounter  - throwQueryException() : no errors
2567 [Test worker] DEBUG org.hibernate.query.spi.NamedQueryRepository  - Checking named query: Libro.findAll
2567 [Test worker] DEBUG org.hibernate.query.spi.NamedQueryRepository  - Checking named query: Libro.findAll
2567 [Test worker] DEBUG org.hibernate.hql.internal.ast.QueryTranslatorImpl  - parse() - HQL: SELECT libro FROM persistencia.entitad.LibroEntity libro
2567 [Test worker] DEBUG org.hibernate.hql.internal.ast.QueryTranslatorImpl  - parse() - HQL: SELECT libro FROM persistencia.entitad.LibroEntity libro
2567 [Test worker] DEBUG org.hibernate.hql.internal.ast.QueryTranslatorImpl  - --- HQL AST ---
 \-[QUERY] Node: 'query'
    \-[SELECT_FROM] Node: 'SELECT_FROM'
       +-[FROM] Node: 'FROM'
       |  \-[RANGE] Node: 'RANGE'
       |     +-[DOT] Node: '.'
       |     |  +-[DOT] Node: '.'
       |     |  |  +-[IDENT] Node: 'persistencia'
       |     |  |  \-[IDENT] Node: 'entitad'
       |     |  \-[IDENT] Node: 'LibroEntity'
       |     \-[ALIAS] Node: 'libro'
       \-[SELECT] Node: 'SELECT'
          \-[IDENT] Node: 'libro'

2567 [Test worker] DEBUG org.hibernate.hql.internal.ast.QueryTranslatorImpl  - --- HQL AST ---
 \-[QUERY] Node: 'query'
    \-[SELECT_FROM] Node: 'SELECT_FROM'
       +-[FROM] Node: 'FROM'
       |  \-[RANGE] Node: 'RANGE'
       |     +-[DOT] Node: '.'
       |     |  +-[DOT] Node: '.'
       |     |  |  +-[IDENT] Node: 'persistencia'
       |     |  |  \-[IDENT] Node: 'entitad'
       |     |  \-[IDENT] Node: 'LibroEntity'
       |     \-[ALIAS] Node: 'libro'
       \-[SELECT] Node: 'SELECT'
          \-[IDENT] Node: 'libro'

2567 [Test worker] DEBUG org.hibernate.hql.internal.ast.ErrorCounter  - throwQueryException() : no errors
2567 [Test worker] DEBUG org.hibernate.hql.internal.ast.ErrorCounter  - throwQueryException() : no errors
2583 [Test worker] DEBUG org.hibernate.hql.internal.antlr.HqlSqlBaseWalker  - select << begin [level=1, statement=select]
2583 [Test worker] DEBUG org.hibernate.hql.internal.antlr.HqlSqlBaseWalker  - select << begin [level=1, statement=select]
2583 [Test worker] DEBUG org.hibernate.hql.internal.ast.tree.FromElement  - FromClause{level=1} : persistencia.entitad.LibroEntity (libro) -> libroentit0_
2583 [Test worker] DEBUG org.hibernate.hql.internal.ast.tree.FromElement  - FromClause{level=1} : persistencia.entitad.LibroEntity (libro) -> libroentit0_
2583 [Test worker] DEBUG org.hibernate.hql.internal.ast.tree.FromReferenceNode  - Resolved : libro -> libroentit0_.id
2583 [Test worker] DEBUG org.hibernate.hql.internal.ast.tree.FromReferenceNode  - Resolved : libro -> libroentit0_.id
2583 [Test worker] DEBUG org.hibernate.hql.internal.antlr.HqlSqlBaseWalker  - select : finishing up [level=1, statement=select]
2583 [Test worker] DEBUG org.hibernate.hql.internal.antlr.HqlSqlBaseWalker  - select : finishing up [level=1, statement=select]
2583 [Test worker] DEBUG org.hibernate.hql.internal.ast.HqlSqlWalker  - processQuery() :  ( SELECT ( {select clause} libroentit0_.id ) ( FromClause{level=1} Libro libroentit0_ ) )
2583 [Test worker] DEBUG org.hibernate.hql.internal.ast.HqlSqlWalker  - processQuery() :  ( SELECT ( {select clause} libroentit0_.id ) ( FromClause{level=1} Libro libroentit0_ ) )
2583 [Test worker] DEBUG org.hibernate.hql.internal.ast.util.JoinProcessor  - Using FROM fragment [Libro libroentit0_]
2583 [Test worker] DEBUG org.hibernate.hql.internal.ast.util.JoinProcessor  - Using FROM fragment [Libro libroentit0_]
2583 [Test worker] DEBUG org.hibernate.hql.internal.antlr.HqlSqlBaseWalker  - select >> end [level=1, statement=select]
2583 [Test worker] DEBUG org.hibernate.hql.internal.antlr.HqlSqlBaseWalker  - select >> end [level=1, statement=select]
2583 [Test worker] DEBUG org.hibernate.hql.internal.ast.QueryTranslatorImpl  - --- SQL AST ---
 \-[SELECT] QueryNode: 'SELECT'  querySpaces (Libro)
    +-[SELECT_CLAUSE] SelectClause: '{select clause}'
    |  +-[ALIAS_REF] IdentNode: 'libroentit0_.id as id1_0_' {alias=libro, className=persistencia.entitad.LibroEntity, tableAlias=libroentit0_}
    |  \-[SQL_TOKEN] SqlFragment: 'libroentit0_.anio as anio2_0_, libroentit0_.isbn as isbn3_0_, libroentit0_.titulo as titulo4_0_'
    \-[FROM] FromClause: 'FROM' FromClause{level=1, fromElementCounter=1, fromElements=1, fromElementByClassAlias=[libro], fromElementByTableAlias=[libroentit0_], fromElementsByPath=[], collectionJoinFromElementsByPath=[], impliedElements=[]}
       \-[FROM_FRAGMENT] FromElement: 'Libro libroentit0_' FromElement{explicit,not a collection join,not a fetch join,fetch non-lazy properties,classAlias=libro,role=null,tableName=Libro,tableAlias=libroentit0_,origin=null,columns={,className=persistencia.entitad.LibroEntity}}

2583 [Test worker] DEBUG org.hibernate.hql.internal.ast.QueryTranslatorImpl  - --- SQL AST ---
 \-[SELECT] QueryNode: 'SELECT'  querySpaces (Libro)
    +-[SELECT_CLAUSE] SelectClause: '{select clause}'
    |  +-[ALIAS_REF] IdentNode: 'libroentit0_.id as id1_0_' {alias=libro, className=persistencia.entitad.LibroEntity, tableAlias=libroentit0_}
    |  \-[SQL_TOKEN] SqlFragment: 'libroentit0_.anio as anio2_0_, libroentit0_.isbn as isbn3_0_, libroentit0_.titulo as titulo4_0_'
    \-[FROM] FromClause: 'FROM' FromClause{level=1, fromElementCounter=1, fromElements=1, fromElementByClassAlias=[libro], fromElementByTableAlias=[libroentit0_], fromElementsByPath=[], collectionJoinFromElementsByPath=[], impliedElements=[]}
       \-[FROM_FRAGMENT] FromElement: 'Libro libroentit0_' FromElement{explicit,not a collection join,not a fetch join,fetch non-lazy properties,classAlias=libro,role=null,tableName=Libro,tableAlias=libroentit0_,origin=null,columns={,className=persistencia.entitad.LibroEntity}}

2583 [Test worker] DEBUG org.hibernate.hql.internal.ast.ErrorCounter  - throwQueryException() : no errors
2583 [Test worker] DEBUG org.hibernate.hql.internal.ast.ErrorCounter  - throwQueryException() : no errors
2583 [Test worker] DEBUG org.hibernate.hql.internal.ast.QueryTranslatorImpl  - HQL: SELECT libro FROM persistencia.entitad.LibroEntity libro
2583 [Test worker] DEBUG org.hibernate.hql.internal.ast.QueryTranslatorImpl  - HQL: SELECT libro FROM persistencia.entitad.LibroEntity libro
2583 [Test worker] DEBUG org.hibernate.hql.internal.ast.QueryTranslatorImpl  - SQL: select libroentit0_.id as id1_0_, libroentit0_.anio as anio2_0_, libroentit0_.isbn as isbn3_0_, libroentit0_.titulo as titulo4_0_ from Libro libroentit0_
2583 [Test worker] DEBUG org.hibernate.hql.internal.ast.QueryTranslatorImpl  - SQL: select libroentit0_.id as id1_0_, libroentit0_.anio as anio2_0_, libroentit0_.isbn as isbn3_0_, libroentit0_.titulo as titulo4_0_ from Libro libroentit0_
2583 [Test worker] DEBUG org.hibernate.hql.internal.ast.ErrorCounter  - throwQueryException() : no errors
2583 [Test worker] DEBUG org.hibernate.hql.internal.ast.ErrorCounter  - throwQueryException() : no errors
2583 [Test worker] DEBUG org.hibernate.query.spi.NamedQueryRepository  - Checking named query: Prestamo.findByIsbn
2583 [Test worker] DEBUG org.hibernate.query.spi.NamedQueryRepository  - Checking named query: Prestamo.findByIsbn
2583 [Test worker] DEBUG org.hibernate.hql.internal.ast.QueryTranslatorImpl  - parse() - HQL: SELECT prestamo from persistencia.entitad.PrestamoEntity prestamo where prestamo.libro.isbn = :isbn
2583 [Test worker] DEBUG org.hibernate.hql.internal.ast.QueryTranslatorImpl  - parse() - HQL: SELECT prestamo from persistencia.entitad.PrestamoEntity prestamo where prestamo.libro.isbn = :isbn
2583 [Test worker] DEBUG org.hibernate.hql.internal.ast.QueryTranslatorImpl  - --- HQL AST ---
 \-[QUERY] Node: 'query'
    +-[SELECT_FROM] Node: 'SELECT_FROM'
    |  +-[FROM] Node: 'from'
    |  |  \-[RANGE] Node: 'RANGE'
    |  |     +-[DOT] Node: '.'
    |  |     |  +-[DOT] Node: '.'
    |  |     |  |  +-[IDENT] Node: 'persistencia'
    |  |     |  |  \-[IDENT] Node: 'entitad'
    |  |     |  \-[IDENT] Node: 'PrestamoEntity'
    |  |     \-[ALIAS] Node: 'prestamo'
    |  \-[SELECT] Node: 'SELECT'
    |     \-[IDENT] Node: 'prestamo'
    \-[WHERE] Node: 'where'
       \-[EQ] Node: '='
          +-[DOT] Node: '.'
          |  +-[DOT] Node: '.'
          |  |  +-[IDENT] Node: 'prestamo'
          |  |  \-[IDENT] Node: 'libro'
          |  \-[IDENT] Node: 'isbn'
          \-[COLON] Node: ':'
             \-[IDENT] Node: 'isbn'

2583 [Test worker] DEBUG org.hibernate.hql.internal.ast.QueryTranslatorImpl  - --- HQL AST ---
 \-[QUERY] Node: 'query'
    +-[SELECT_FROM] Node: 'SELECT_FROM'
    |  +-[FROM] Node: 'from'
    |  |  \-[RANGE] Node: 'RANGE'
    |  |     +-[DOT] Node: '.'
    |  |     |  +-[DOT] Node: '.'
    |  |     |  |  +-[IDENT] Node: 'persistencia'
    |  |     |  |  \-[IDENT] Node: 'entitad'
    |  |     |  \-[IDENT] Node: 'PrestamoEntity'
    |  |     \-[ALIAS] Node: 'prestamo'
    |  \-[SELECT] Node: 'SELECT'
    |     \-[IDENT] Node: 'prestamo'
    \-[WHERE] Node: 'where'
       \-[EQ] Node: '='
          +-[DOT] Node: '.'
          |  +-[DOT] Node: '.'
          |  |  +-[IDENT] Node: 'prestamo'
          |  |  \-[IDENT] Node: 'libro'
          |  \-[IDENT] Node: 'isbn'
          \-[COLON] Node: ':'
             \-[IDENT] Node: 'isbn'

2583 [Test worker] DEBUG org.hibernate.hql.internal.ast.ErrorCounter  - throwQueryException() : no errors
2583 [Test worker] DEBUG org.hibernate.hql.internal.ast.ErrorCounter  - throwQueryException() : no errors
2583 [Test worker] DEBUG org.hibernate.hql.internal.antlr.HqlSqlBaseWalker  - select << begin [level=1, statement=select]
2583 [Test worker] DEBUG org.hibernate.hql.internal.antlr.HqlSqlBaseWalker  - select << begin [level=1, statement=select]
2583 [Test worker] DEBUG org.hibernate.hql.internal.ast.tree.FromElement  - FromClause{level=1} : persistencia.entitad.PrestamoEntity (prestamo) -> prestamoen0_
2583 [Test worker] DEBUG org.hibernate.hql.internal.ast.tree.FromElement  - FromClause{level=1} : persistencia.entitad.PrestamoEntity (prestamo) -> prestamoen0_
2583 [Test worker] DEBUG org.hibernate.hql.internal.ast.tree.FromReferenceNode  - Resolved : prestamo -> prestamoen0_.id
2583 [Test worker] DEBUG org.hibernate.hql.internal.ast.tree.FromReferenceNode  - Resolved : prestamo -> prestamoen0_.id
2583 [Test worker] DEBUG org.hibernate.hql.internal.ast.tree.FromReferenceNode  - Resolved : prestamo -> prestamoen0_.id
2583 [Test worker] DEBUG org.hibernate.hql.internal.ast.tree.FromReferenceNode  - Resolved : prestamo -> prestamoen0_.id
2583 [Test worker] DEBUG org.hibernate.hql.internal.ast.tree.DotNode  - getDataType() : libro -> org.hibernate.type.ManyToOneType(persistencia.entitad.LibroEntity)
2583 [Test worker] DEBUG org.hibernate.hql.internal.ast.tree.DotNode  - getDataType() : libro -> org.hibernate.type.ManyToOneType(persistencia.entitad.LibroEntity)
2583 [Test worker] DEBUG org.hibernate.hql.internal.ast.tree.DotNode  - dereferenceEntityJoin() : generating join for libro in persistencia.entitad.PrestamoEntity (<no alias>) parent = [  ( . ( . prestamoen0_.id libro ) isbn ) ]
2583 [Test worker] DEBUG org.hibernate.hql.internal.ast.tree.DotNode  - dereferenceEntityJoin() : generating join for libro in persistencia.entitad.PrestamoEntity (<no alias>) parent = [  ( . ( . prestamoen0_.id libro ) isbn ) ]
2583 [Test worker] DEBUG org.hibernate.hql.internal.ast.tree.FromElement  - FromClause{level=1} : persistencia.entitad.LibroEntity (<no alias>) -> libroentit1_
2583 [Test worker] DEBUG org.hibernate.hql.internal.ast.tree.FromElement  - FromClause{level=1} : persistencia.entitad.LibroEntity (<no alias>) -> libroentit1_
2583 [Test worker] DEBUG org.hibernate.hql.internal.ast.tree.FromClause  - addJoinByPathMap() : prestamo.libro -> ImpliedFromElement{implied,not a collection join,not a fetch join,fetch non-lazy properties,classAlias=null,role=null,tableName=Libro,tableAlias=libroentit1_,origin=Prestamo prestamoen0_,columns={prestamoen0_.ID_LIBRO ,className=persistencia.entitad.LibroEntity}}
2583 [Test worker] DEBUG org.hibernate.hql.internal.ast.tree.FromClause  - addJoinByPathMap() : prestamo.libro -> ImpliedFromElement{implied,not a collection join,not a fetch join,fetch non-lazy properties,classAlias=null,role=null,tableName=Libro,tableAlias=libroentit1_,origin=Prestamo prestamoen0_,columns={prestamoen0_.ID_LIBRO ,className=persistencia.entitad.LibroEntity}}
2583 [Test worker] DEBUG org.hibernate.hql.internal.ast.tree.FromReferenceNode  - Resolved : prestamo.libro -> prestamoen0_.ID_LIBRO
2583 [Test worker] DEBUG org.hibernate.hql.internal.ast.tree.FromReferenceNode  - Resolved : prestamo.libro -> prestamoen0_.ID_LIBRO
2583 [Test worker] DEBUG org.hibernate.hql.internal.ast.tree.DotNode  - getDataType() : isbn -> org.hibernate.type.StringType@2add3982
2583 [Test worker] DEBUG org.hibernate.hql.internal.ast.tree.DotNode  - getDataType() : isbn -> org.hibernate.type.StringType@2add3982
2583 [Test worker] DEBUG org.hibernate.hql.internal.ast.tree.FromReferenceNode  - Resolved : prestamo.libro.isbn -> libroentit1_.isbn
2583 [Test worker] DEBUG org.hibernate.hql.internal.ast.tree.FromReferenceNode  - Resolved : prestamo.libro.isbn -> libroentit1_.isbn
2583 [Test worker] DEBUG org.hibernate.hql.internal.antlr.HqlSqlBaseWalker  - select : finishing up [level=1, statement=select]
2583 [Test worker] DEBUG org.hibernate.hql.internal.antlr.HqlSqlBaseWalker  - select : finishing up [level=1, statement=select]
2583 [Test worker] DEBUG org.hibernate.hql.internal.ast.HqlSqlWalker  - processQuery() :  ( SELECT ( {select clause} prestamoen0_.id ) ( FromClause{level=1} Prestamo prestamoen0_ Libro libroentit1_ ) ( where ( = ( libroentit1_.isbn ( prestamoen0_.ID_LIBRO prestamoen0_.id libro ) isbn ) ? ) ) )
2583 [Test worker] DEBUG org.hibernate.hql.internal.ast.HqlSqlWalker  - processQuery() :  ( SELECT ( {select clause} prestamoen0_.id ) ( FromClause{level=1} Prestamo prestamoen0_ Libro libroentit1_ ) ( where ( = ( libroentit1_.isbn ( prestamoen0_.ID_LIBRO prestamoen0_.id libro ) isbn ) ? ) ) )
2583 [Test worker] DEBUG org.hibernate.hql.internal.ast.util.JoinProcessor  - Using FROM fragment [Prestamo prestamoen0_]
2583 [Test worker] DEBUG org.hibernate.hql.internal.ast.util.JoinProcessor  - Using FROM fragment [Prestamo prestamoen0_]
2583 [Test worker] DEBUG org.hibernate.hql.internal.ast.util.SyntheticAndFactory  - Using unprocessed WHERE-fragment [prestamoen0_.ID_LIBRO=libroentit1_.id]
2583 [Test worker] DEBUG org.hibernate.hql.internal.ast.util.SyntheticAndFactory  - Using unprocessed WHERE-fragment [prestamoen0_.ID_LIBRO=libroentit1_.id]
2583 [Test worker] DEBUG org.hibernate.hql.internal.ast.util.SyntheticAndFactory  - Using processed WHERE-fragment [prestamoen0_.ID_LIBRO=libroentit1_.id]
2583 [Test worker] DEBUG org.hibernate.hql.internal.ast.util.SyntheticAndFactory  - Using processed WHERE-fragment [prestamoen0_.ID_LIBRO=libroentit1_.id]
2583 [Test worker] DEBUG org.hibernate.hql.internal.antlr.HqlSqlBaseWalker  - select >> end [level=1, statement=select]
2583 [Test worker] DEBUG org.hibernate.hql.internal.antlr.HqlSqlBaseWalker  - select >> end [level=1, statement=select]
2583 [Test worker] DEBUG org.hibernate.hql.internal.ast.QueryTranslatorImpl  - --- SQL AST ---
 \-[SELECT] QueryNode: 'SELECT'  querySpaces (Libro,Prestamo)
    +-[SELECT_CLAUSE] SelectClause: '{select clause}'
    |  +-[ALIAS_REF] IdentNode: 'prestamoen0_.id as id1_1_' {alias=prestamo, className=persistencia.entitad.PrestamoEntity, tableAlias=prestamoen0_}
    |  \-[SQL_TOKEN] SqlFragment: 'prestamoen0_.fechaEntregaMaxima as fechaEnt2_1_, prestamoen0_.fechaSolicitud as fechaSol3_1_, prestamoen0_.ID_LIBRO as ID_LIBRO5_1_, prestamoen0_.nombreUsuario as nombreUs4_1_'
    +-[FROM] FromClause: 'from' FromClause{level=1, fromElementCounter=2, fromElements=2, fromElementByClassAlias=[prestamo], fromElementByTableAlias=[libroentit1_, prestamoen0_], fromElementsByPath=[prestamo.libro], collectionJoinFromElementsByPath=[], impliedElements=[]}
    |  +-[FROM_FRAGMENT] FromElement: 'Prestamo prestamoen0_' FromElement{explicit,not a collection join,not a fetch join,fetch non-lazy properties,classAlias=prestamo,role=null,tableName=Prestamo,tableAlias=prestamoen0_,origin=null,columns={,className=persistencia.entitad.PrestamoEntity}}
    |  \-[FROM_FRAGMENT] ImpliedFromElement: 'Libro libroentit1_' ImpliedFromElement{implied,not a collection join,not a fetch join,fetch non-lazy properties,classAlias=null,role=persistencia.entitad.PrestamoEntity.libro,tableName=Libro,tableAlias=libroentit1_,origin=Prestamo prestamoen0_,columns={prestamoen0_.ID_LIBRO ,className=persistencia.entitad.LibroEntity}}
    \-[WHERE] SqlNode: 'where'
       +-[THETA_JOINS] SqlNode: '{theta joins}'
       |  \-[SQL_TOKEN] SqlFragment: 'prestamoen0_.ID_LIBRO=libroentit1_.id'
       \-[EQ] BinaryLogicOperatorNode: '='
          +-[DOT] DotNode: 'libroentit1_.isbn' {propertyName=isbn,dereferenceType=PRIMITIVE,getPropertyPath=isbn,path=prestamo.libro.isbn,tableAlias=libroentit1_,className=persistencia.entitad.LibroEntity,classAlias=null}
          |  +-[DOT] DotNode: 'prestamoen0_.ID_LIBRO' {propertyName=libro,dereferenceType=ENTITY,getPropertyPath=libro,path=prestamo.libro,tableAlias=libroentit1_,className=persistencia.entitad.LibroEntity,classAlias=null}
          |  |  +-[ALIAS_REF] IdentNode: 'prestamoen0_.id' {alias=prestamo, className=persistencia.entitad.PrestamoEntity, tableAlias=prestamoen0_}
          |  |  \-[IDENT] IdentNode: 'libro' {originalText=libro}
          |  \-[IDENT] IdentNode: 'isbn' {originalText=isbn}
          \-[NAMED_PARAM] ParameterNode: '?' {name=isbn, expectedType=org.hibernate.type.StringType@2add3982}

2583 [Test worker] DEBUG org.hibernate.hql.internal.ast.QueryTranslatorImpl  - --- SQL AST ---
 \-[SELECT] QueryNode: 'SELECT'  querySpaces (Libro,Prestamo)
    +-[SELECT_CLAUSE] SelectClause: '{select clause}'
    |  +-[ALIAS_REF] IdentNode: 'prestamoen0_.id as id1_1_' {alias=prestamo, className=persistencia.entitad.PrestamoEntity, tableAlias=prestamoen0_}
    |  \-[SQL_TOKEN] SqlFragment: 'prestamoen0_.fechaEntregaMaxima as fechaEnt2_1_, prestamoen0_.fechaSolicitud as fechaSol3_1_, prestamoen0_.ID_LIBRO as ID_LIBRO5_1_, prestamoen0_.nombreUsuario as nombreUs4_1_'
    +-[FROM] FromClause: 'from' FromClause{level=1, fromElementCounter=2, fromElements=2, fromElementByClassAlias=[prestamo], fromElementByTableAlias=[libroentit1_, prestamoen0_], fromElementsByPath=[prestamo.libro], collectionJoinFromElementsByPath=[], impliedElements=[]}
    |  +-[FROM_FRAGMENT] FromElement: 'Prestamo prestamoen0_' FromElement{explicit,not a collection join,not a fetch join,fetch non-lazy properties,classAlias=prestamo,role=null,tableName=Prestamo,tableAlias=prestamoen0_,origin=null,columns={,className=persistencia.entitad.PrestamoEntity}}
    |  \-[FROM_FRAGMENT] ImpliedFromElement: 'Libro libroentit1_' ImpliedFromElement{implied,not a collection join,not a fetch join,fetch non-lazy properties,classAlias=null,role=persistencia.entitad.PrestamoEntity.libro,tableName=Libro,tableAlias=libroentit1_,origin=Prestamo prestamoen0_,columns={prestamoen0_.ID_LIBRO ,className=persistencia.entitad.LibroEntity}}
    \-[WHERE] SqlNode: 'where'
       +-[THETA_JOINS] SqlNode: '{theta joins}'
       |  \-[SQL_TOKEN] SqlFragment: 'prestamoen0_.ID_LIBRO=libroentit1_.id'
       \-[EQ] BinaryLogicOperatorNode: '='
          +-[DOT] DotNode: 'libroentit1_.isbn' {propertyName=isbn,dereferenceType=PRIMITIVE,getPropertyPath=isbn,path=prestamo.libro.isbn,tableAlias=libroentit1_,className=persistencia.entitad.LibroEntity,classAlias=null}
          |  +-[DOT] DotNode: 'prestamoen0_.ID_LIBRO' {propertyName=libro,dereferenceType=ENTITY,getPropertyPath=libro,path=prestamo.libro,tableAlias=libroentit1_,className=persistencia.entitad.LibroEntity,classAlias=null}
          |  |  +-[ALIAS_REF] IdentNode: 'prestamoen0_.id' {alias=prestamo, className=persistencia.entitad.PrestamoEntity, tableAlias=prestamoen0_}
          |  |  \-[IDENT] IdentNode: 'libro' {originalText=libro}
          |  \-[IDENT] IdentNode: 'isbn' {originalText=isbn}
          \-[NAMED_PARAM] ParameterNode: '?' {name=isbn, expectedType=org.hibernate.type.StringType@2add3982}

2583 [Test worker] DEBUG org.hibernate.hql.internal.ast.ErrorCounter  - throwQueryException() : no errors
2583 [Test worker] DEBUG org.hibernate.hql.internal.ast.ErrorCounter  - throwQueryException() : no errors
2583 [Test worker] DEBUG org.hibernate.hql.internal.ast.QueryTranslatorImpl  - HQL: SELECT prestamo from persistencia.entitad.PrestamoEntity prestamo where prestamo.libro.isbn = :isbn
2583 [Test worker] DEBUG org.hibernate.hql.internal.ast.QueryTranslatorImpl  - HQL: SELECT prestamo from persistencia.entitad.PrestamoEntity prestamo where prestamo.libro.isbn = :isbn
2583 [Test worker] DEBUG org.hibernate.hql.internal.ast.QueryTranslatorImpl  - SQL: select prestamoen0_.id as id1_1_, prestamoen0_.fechaEntregaMaxima as fechaEnt2_1_, prestamoen0_.fechaSolicitud as fechaSol3_1_, prestamoen0_.ID_LIBRO as ID_LIBRO5_1_, prestamoen0_.nombreUsuario as nombreUs4_1_ from Prestamo prestamoen0_ cross join Libro libroentit1_ where prestamoen0_.ID_LIBRO=libroentit1_.id and libroentit1_.isbn=?
2583 [Test worker] DEBUG org.hibernate.hql.internal.ast.QueryTranslatorImpl  - SQL: select prestamoen0_.id as id1_1_, prestamoen0_.fechaEntregaMaxima as fechaEnt2_1_, prestamoen0_.fechaSolicitud as fechaSol3_1_, prestamoen0_.ID_LIBRO as ID_LIBRO5_1_, prestamoen0_.nombreUsuario as nombreUs4_1_ from Prestamo prestamoen0_ cross join Libro libroentit1_ where prestamoen0_.ID_LIBRO=libroentit1_.id and libroentit1_.isbn=?
2583 [Test worker] DEBUG org.hibernate.hql.internal.ast.ErrorCounter  - throwQueryException() : no errors
2583 [Test worker] DEBUG org.hibernate.hql.internal.ast.ErrorCounter  - throwQueryException() : no errors
2583 [Test worker] DEBUG org.hibernate.query.spi.NamedQueryRepository  - Checking named query: Libro.findByIsbn
2583 [Test worker] DEBUG org.hibernate.query.spi.NamedQueryRepository  - Checking named query: Libro.findByIsbn
2583 [Test worker] DEBUG org.hibernate.hql.internal.ast.QueryTranslatorImpl  - parse() - HQL: SELECT libro FROM persistencia.entitad.LibroEntity libro WHERE libro.isbn = :isbn
2583 [Test worker] DEBUG org.hibernate.hql.internal.ast.QueryTranslatorImpl  - parse() - HQL: SELECT libro FROM persistencia.entitad.LibroEntity libro WHERE libro.isbn = :isbn
2583 [Test worker] DEBUG org.hibernate.hql.internal.ast.QueryTranslatorImpl  - --- HQL AST ---
 \-[QUERY] Node: 'query'
    +-[SELECT_FROM] Node: 'SELECT_FROM'
    |  +-[FROM] Node: 'FROM'
    |  |  \-[RANGE] Node: 'RANGE'
    |  |     +-[DOT] Node: '.'
    |  |     |  +-[DOT] Node: '.'
    |  |     |  |  +-[IDENT] Node: 'persistencia'
    |  |     |  |  \-[IDENT] Node: 'entitad'
    |  |     |  \-[IDENT] Node: 'LibroEntity'
    |  |     \-[ALIAS] Node: 'libro'
    |  \-[SELECT] Node: 'SELECT'
    |     \-[IDENT] Node: 'libro'
    \-[WHERE] Node: 'WHERE'
       \-[EQ] Node: '='
          +-[DOT] Node: '.'
          |  +-[IDENT] Node: 'libro'
          |  \-[IDENT] Node: 'isbn'
          \-[COLON] Node: ':'
             \-[IDENT] Node: 'isbn'

2583 [Test worker] DEBUG org.hibernate.hql.internal.ast.QueryTranslatorImpl  - --- HQL AST ---
 \-[QUERY] Node: 'query'
    +-[SELECT_FROM] Node: 'SELECT_FROM'
    |  +-[FROM] Node: 'FROM'
    |  |  \-[RANGE] Node: 'RANGE'
    |  |     +-[DOT] Node: '.'
    |  |     |  +-[DOT] Node: '.'
    |  |     |  |  +-[IDENT] Node: 'persistencia'
    |  |     |  |  \-[IDENT] Node: 'entitad'
    |  |     |  \-[IDENT] Node: 'LibroEntity'
    |  |     \-[ALIAS] Node: 'libro'
    |  \-[SELECT] Node: 'SELECT'
    |     \-[IDENT] Node: 'libro'
    \-[WHERE] Node: 'WHERE'
       \-[EQ] Node: '='
          +-[DOT] Node: '.'
          |  +-[IDENT] Node: 'libro'
          |  \-[IDENT] Node: 'isbn'
          \-[COLON] Node: ':'
             \-[IDENT] Node: 'isbn'

2583 [Test worker] DEBUG org.hibernate.hql.internal.ast.ErrorCounter  - throwQueryException() : no errors
2583 [Test worker] DEBUG org.hibernate.hql.internal.ast.ErrorCounter  - throwQueryException() : no errors
2583 [Test worker] DEBUG org.hibernate.hql.internal.antlr.HqlSqlBaseWalker  - select << begin [level=1, statement=select]
2583 [Test worker] DEBUG org.hibernate.hql.internal.antlr.HqlSqlBaseWalker  - select << begin [level=1, statement=select]
2583 [Test worker] DEBUG org.hibernate.hql.internal.ast.tree.FromElement  - FromClause{level=1} : persistencia.entitad.LibroEntity (libro) -> libroentit0_
2583 [Test worker] DEBUG org.hibernate.hql.internal.ast.tree.FromElement  - FromClause{level=1} : persistencia.entitad.LibroEntity (libro) -> libroentit0_
2583 [Test worker] DEBUG org.hibernate.hql.internal.ast.tree.FromReferenceNode  - Resolved : libro -> libroentit0_.id
2583 [Test worker] DEBUG org.hibernate.hql.internal.ast.tree.FromReferenceNode  - Resolved : libro -> libroentit0_.id
2583 [Test worker] DEBUG org.hibernate.hql.internal.ast.tree.FromReferenceNode  - Resolved : libro -> libroentit0_.id
2583 [Test worker] DEBUG org.hibernate.hql.internal.ast.tree.FromReferenceNode  - Resolved : libro -> libroentit0_.id
2583 [Test worker] DEBUG org.hibernate.hql.internal.ast.tree.DotNode  - getDataType() : isbn -> org.hibernate.type.StringType@2add3982
2583 [Test worker] DEBUG org.hibernate.hql.internal.ast.tree.DotNode  - getDataType() : isbn -> org.hibernate.type.StringType@2add3982
2583 [Test worker] DEBUG org.hibernate.hql.internal.ast.tree.FromReferenceNode  - Resolved : libro.isbn -> libroentit0_.isbn
2583 [Test worker] DEBUG org.hibernate.hql.internal.ast.tree.FromReferenceNode  - Resolved : libro.isbn -> libroentit0_.isbn
2583 [Test worker] DEBUG org.hibernate.hql.internal.antlr.HqlSqlBaseWalker  - select : finishing up [level=1, statement=select]
2583 [Test worker] DEBUG org.hibernate.hql.internal.antlr.HqlSqlBaseWalker  - select : finishing up [level=1, statement=select]
2583 [Test worker] DEBUG org.hibernate.hql.internal.ast.HqlSqlWalker  - processQuery() :  ( SELECT ( {select clause} libroentit0_.id ) ( FromClause{level=1} Libro libroentit0_ ) ( WHERE ( = ( libroentit0_.isbn libroentit0_.id isbn ) ? ) ) )
2583 [Test worker] DEBUG org.hibernate.hql.internal.ast.HqlSqlWalker  - processQuery() :  ( SELECT ( {select clause} libroentit0_.id ) ( FromClause{level=1} Libro libroentit0_ ) ( WHERE ( = ( libroentit0_.isbn libroentit0_.id isbn ) ? ) ) )
2583 [Test worker] DEBUG org.hibernate.hql.internal.ast.util.JoinProcessor  - Using FROM fragment [Libro libroentit0_]
2583 [Test worker] DEBUG org.hibernate.hql.internal.ast.util.JoinProcessor  - Using FROM fragment [Libro libroentit0_]
2583 [Test worker] DEBUG org.hibernate.hql.internal.antlr.HqlSqlBaseWalker  - select >> end [level=1, statement=select]
2583 [Test worker] DEBUG org.hibernate.hql.internal.antlr.HqlSqlBaseWalker  - select >> end [level=1, statement=select]
2583 [Test worker] DEBUG org.hibernate.hql.internal.ast.QueryTranslatorImpl  - --- SQL AST ---
 \-[SELECT] QueryNode: 'SELECT'  querySpaces (Libro)
    +-[SELECT_CLAUSE] SelectClause: '{select clause}'
    |  +-[ALIAS_REF] IdentNode: 'libroentit0_.id as id1_0_' {alias=libro, className=persistencia.entitad.LibroEntity, tableAlias=libroentit0_}
    |  \-[SQL_TOKEN] SqlFragment: 'libroentit0_.anio as anio2_0_, libroentit0_.isbn as isbn3_0_, libroentit0_.titulo as titulo4_0_'
    +-[FROM] FromClause: 'FROM' FromClause{level=1, fromElementCounter=1, fromElements=1, fromElementByClassAlias=[libro], fromElementByTableAlias=[libroentit0_], fromElementsByPath=[], collectionJoinFromElementsByPath=[], impliedElements=[]}
    |  \-[FROM_FRAGMENT] FromElement: 'Libro libroentit0_' FromElement{explicit,not a collection join,not a fetch join,fetch non-lazy properties,classAlias=libro,role=null,tableName=Libro,tableAlias=libroentit0_,origin=null,columns={,className=persistencia.entitad.LibroEntity}}
    \-[WHERE] SqlNode: 'WHERE'
       \-[EQ] BinaryLogicOperatorNode: '='
          +-[DOT] DotNode: 'libroentit0_.isbn' {propertyName=isbn,dereferenceType=PRIMITIVE,getPropertyPath=isbn,path=libro.isbn,tableAlias=libroentit0_,className=persistencia.entitad.LibroEntity,classAlias=libro}
          |  +-[ALIAS_REF] IdentNode: 'libroentit0_.id' {alias=libro, className=persistencia.entitad.LibroEntity, tableAlias=libroentit0_}
          |  \-[IDENT] IdentNode: 'isbn' {originalText=isbn}
          \-[NAMED_PARAM] ParameterNode: '?' {name=isbn, expectedType=org.hibernate.type.StringType@2add3982}

2583 [Test worker] DEBUG org.hibernate.hql.internal.ast.QueryTranslatorImpl  - --- SQL AST ---
 \-[SELECT] QueryNode: 'SELECT'  querySpaces (Libro)
    +-[SELECT_CLAUSE] SelectClause: '{select clause}'
    |  +-[ALIAS_REF] IdentNode: 'libroentit0_.id as id1_0_' {alias=libro, className=persistencia.entitad.LibroEntity, tableAlias=libroentit0_}
    |  \-[SQL_TOKEN] SqlFragment: 'libroentit0_.anio as anio2_0_, libroentit0_.isbn as isbn3_0_, libroentit0_.titulo as titulo4_0_'
    +-[FROM] FromClause: 'FROM' FromClause{level=1, fromElementCounter=1, fromElements=1, fromElementByClassAlias=[libro], fromElementByTableAlias=[libroentit0_], fromElementsByPath=[], collectionJoinFromElementsByPath=[], impliedElements=[]}
    |  \-[FROM_FRAGMENT] FromElement: 'Libro libroentit0_' FromElement{explicit,not a collection join,not a fetch join,fetch non-lazy properties,classAlias=libro,role=null,tableName=Libro,tableAlias=libroentit0_,origin=null,columns={,className=persistencia.entitad.LibroEntity}}
    \-[WHERE] SqlNode: 'WHERE'
       \-[EQ] BinaryLogicOperatorNode: '='
          +-[DOT] DotNode: 'libroentit0_.isbn' {propertyName=isbn,dereferenceType=PRIMITIVE,getPropertyPath=isbn,path=libro.isbn,tableAlias=libroentit0_,className=persistencia.entitad.LibroEntity,classAlias=libro}
          |  +-[ALIAS_REF] IdentNode: 'libroentit0_.id' {alias=libro, className=persistencia.entitad.LibroEntity, tableAlias=libroentit0_}
          |  \-[IDENT] IdentNode: 'isbn' {originalText=isbn}
          \-[NAMED_PARAM] ParameterNode: '?' {name=isbn, expectedType=org.hibernate.type.StringType@2add3982}

2583 [Test worker] DEBUG org.hibernate.hql.internal.ast.ErrorCounter  - throwQueryException() : no errors
2583 [Test worker] DEBUG org.hibernate.hql.internal.ast.ErrorCounter  - throwQueryException() : no errors
2583 [Test worker] DEBUG org.hibernate.hql.internal.ast.QueryTranslatorImpl  - HQL: SELECT libro FROM persistencia.entitad.LibroEntity libro WHERE libro.isbn = :isbn
2583 [Test worker] DEBUG org.hibernate.hql.internal.ast.QueryTranslatorImpl  - HQL: SELECT libro FROM persistencia.entitad.LibroEntity libro WHERE libro.isbn = :isbn
2583 [Test worker] DEBUG org.hibernate.hql.internal.ast.QueryTranslatorImpl  - SQL: select libroentit0_.id as id1_0_, libroentit0_.anio as anio2_0_, libroentit0_.isbn as isbn3_0_, libroentit0_.titulo as titulo4_0_ from Libro libroentit0_ where libroentit0_.isbn=?
2583 [Test worker] DEBUG org.hibernate.hql.internal.ast.QueryTranslatorImpl  - SQL: select libroentit0_.id as id1_0_, libroentit0_.anio as anio2_0_, libroentit0_.isbn as isbn3_0_, libroentit0_.titulo as titulo4_0_ from Libro libroentit0_ where libroentit0_.isbn=?
2583 [Test worker] DEBUG org.hibernate.hql.internal.ast.ErrorCounter  - throwQueryException() : no errors
2583 [Test worker] DEBUG org.hibernate.hql.internal.ast.ErrorCounter  - throwQueryException() : no errors
2583 [Test worker] DEBUG org.hibernate.query.spi.NamedQueryRepository  - Checking 0 named SQL queries
2583 [Test worker] DEBUG org.hibernate.query.spi.NamedQueryRepository  - Checking 0 named SQL queries
2583 [Test worker] DEBUG org.hibernate.internal.SessionFactoryRegistry  - Registering SessionFactory: 5eab02aa-a810-4c43-abc5-7954596cd0f5 (<unnamed>)
2583 [Test worker] DEBUG org.hibernate.internal.SessionFactoryRegistry  - Registering SessionFactory: 5eab02aa-a810-4c43-abc5-7954596cd0f5 (<unnamed>)
2583 [Test worker] DEBUG org.hibernate.internal.SessionFactoryRegistry  - Not binding SessionFactory to JNDI, no JNDI name configured
2583 [Test worker] DEBUG org.hibernate.internal.SessionFactoryRegistry  - Not binding SessionFactory to JNDI, no JNDI name configured
2583 [Test worker] DEBUG org.hibernate.stat.internal.StatisticsInitiator  - Statistics initialized [enabled=false]
2583 [Test worker] DEBUG org.hibernate.stat.internal.StatisticsInitiator  - Statistics initialized [enabled=false]
2583 [Test worker] DEBUG org.hibernate.engine.transaction.internal.TransactionImpl  - begin
2583 [Test worker] DEBUG org.hibernate.engine.transaction.internal.TransactionImpl  - begin
2583 [Test worker] DEBUG org.hibernate.SQL  - call next value for hibernate_sequence
2583 [Test worker] DEBUG org.hibernate.SQL  - call next value for hibernate_sequence
Hibernate: call next value for hibernate_sequence
2583 [Test worker] DEBUG org.hibernate.id.enhanced.SequenceStructure  - Sequence value obtained: 1
2583 [Test worker] DEBUG org.hibernate.id.enhanced.SequenceStructure  - Sequence value obtained: 1
2583 [Test worker] DEBUG org.hibernate.resource.jdbc.internal.ResourceRegistryStandardImpl  - HHH000387: ResultSet's statement was not registered
2583 [Test worker] DEBUG org.hibernate.resource.jdbc.internal.ResourceRegistryStandardImpl  - HHH000387: ResultSet's statement was not registered
2583 [Test worker] DEBUG org.hibernate.event.internal.AbstractSaveEventListener  - Generated identifier: 1, using strategy: org.hibernate.id.enhanced.SequenceStyleGenerator
2583 [Test worker] DEBUG org.hibernate.event.internal.AbstractSaveEventListener  - Generated identifier: 1, using strategy: org.hibernate.id.enhanced.SequenceStyleGenerator
2583 [Test worker] DEBUG org.hibernate.event.internal.AbstractFlushingEventListener  - Processing flush-time cascades
2583 [Test worker] DEBUG org.hibernate.event.internal.AbstractFlushingEventListener  - Processing flush-time cascades
2583 [Test worker] DEBUG org.hibernate.event.internal.AbstractFlushingEventListener  - Dirty checking collections
2583 [Test worker] DEBUG org.hibernate.event.internal.AbstractFlushingEventListener  - Dirty checking collections
2583 [Test worker] DEBUG org.hibernate.event.internal.AbstractFlushingEventListener  - Flushed: 1 insertions, 0 updates, 0 deletions to 1 objects
2583 [Test worker] DEBUG org.hibernate.event.internal.AbstractFlushingEventListener  - Flushed: 1 insertions, 0 updates, 0 deletions to 1 objects
2583 [Test worker] DEBUG org.hibernate.event.internal.AbstractFlushingEventListener  - Flushed: 0 (re)creations, 0 updates, 0 removals to 0 collections
2583 [Test worker] DEBUG org.hibernate.event.internal.AbstractFlushingEventListener  - Flushed: 0 (re)creations, 0 updates, 0 removals to 0 collections
2583 [Test worker] DEBUG org.hibernate.internal.util.EntityPrinter  - Listing entities:
2583 [Test worker] DEBUG org.hibernate.internal.util.EntityPrinter  - Listing entities:
2583 [Test worker] DEBUG org.hibernate.internal.util.EntityPrinter  - persistencia.entitad.LibroEntity{isbn=12421, titulo=Cronica de una muerta anunciada, id=1, anio=2010}
2583 [Test worker] DEBUG org.hibernate.internal.util.EntityPrinter  - persistencia.entitad.LibroEntity{isbn=12421, titulo=Cronica de una muerta anunciada, id=1, anio=2010}
2583 [Test worker] DEBUG org.hibernate.engine.spi.ActionQueue  - Changes must be flushed to space: Libro
2583 [Test worker] DEBUG org.hibernate.engine.spi.ActionQueue  - Changes must be flushed to space: Libro
2583 [Test worker] DEBUG org.hibernate.SQL  - insert into Libro (anio, isbn, titulo, id) values (?, ?, ?, ?)
2583 [Test worker] DEBUG org.hibernate.SQL  - insert into Libro (anio, isbn, titulo, id) values (?, ?, ?, ?)
Hibernate: insert into Libro (anio, isbn, titulo, id) values (?, ?, ?, ?)
2583 [Test worker] DEBUG org.hibernate.SQL  - select libroentit0_.id as id1_0_, libroentit0_.anio as anio2_0_, libroentit0_.isbn as isbn3_0_, libroentit0_.titulo as titulo4_0_ from Libro libroentit0_ where libroentit0_.isbn=?
2583 [Test worker] DEBUG org.hibernate.SQL  - select libroentit0_.id as id1_0_, libroentit0_.anio as anio2_0_, libroentit0_.isbn as isbn3_0_, libroentit0_.titulo as titulo4_0_ from Libro libroentit0_ where libroentit0_.isbn=?
Hibernate: select libroentit0_.id as id1_0_, libroentit0_.anio as anio2_0_, libroentit0_.isbn as isbn3_0_, libroentit0_.titulo as titulo4_0_ from Libro libroentit0_ where libroentit0_.isbn=?
2583 [Test worker] DEBUG org.hibernate.loader.Loader  - Result set row: 0
2583 [Test worker] DEBUG org.hibernate.loader.Loader  - Result set row: 0
2583 [Test worker] DEBUG org.hibernate.loader.Loader  - Result row: EntityKey[persistencia.entitad.LibroEntity#1]
2583 [Test worker] DEBUG org.hibernate.loader.Loader  - Result row: EntityKey[persistencia.entitad.LibroEntity#1]
2583 [Test worker] DEBUG org.hibernate.event.internal.AbstractFlushingEventListener  - Processing flush-time cascades
2583 [Test worker] DEBUG org.hibernate.event.internal.AbstractFlushingEventListener  - Processing flush-time cascades
2583 [Test worker] DEBUG org.hibernate.event.internal.AbstractFlushingEventListener  - Dirty checking collections
2583 [Test worker] DEBUG org.hibernate.event.internal.AbstractFlushingEventListener  - Dirty checking collections
2583 [Test worker] DEBUG org.hibernate.event.internal.AbstractFlushingEventListener  - Flushed: 0 insertions, 0 updates, 0 deletions to 1 objects
2583 [Test worker] DEBUG org.hibernate.event.internal.AbstractFlushingEventListener  - Flushed: 0 insertions, 0 updates, 0 deletions to 1 objects
2583 [Test worker] DEBUG org.hibernate.event.internal.AbstractFlushingEventListener  - Flushed: 0 (re)creations, 0 updates, 0 removals to 0 collections
2583 [Test worker] DEBUG org.hibernate.event.internal.AbstractFlushingEventListener  - Flushed: 0 (re)creations, 0 updates, 0 removals to 0 collections
2583 [Test worker] DEBUG org.hibernate.internal.util.EntityPrinter  - Listing entities:
2583 [Test worker] DEBUG org.hibernate.internal.util.EntityPrinter  - Listing entities:
2583 [Test worker] DEBUG org.hibernate.internal.util.EntityPrinter  - persistencia.entitad.LibroEntity{isbn=12421, titulo=Cronica de una muerta anunciada, id=1, anio=2010}
2583 [Test worker] DEBUG org.hibernate.internal.util.EntityPrinter  - persistencia.entitad.LibroEntity{isbn=12421, titulo=Cronica de una muerta anunciada, id=1, anio=2010}
2583 [Test worker] DEBUG org.hibernate.SQL  - select prestamoen0_.id as id1_1_, prestamoen0_.fechaEntregaMaxima as fechaEnt2_1_, prestamoen0_.fechaSolicitud as fechaSol3_1_, prestamoen0_.ID_LIBRO as ID_LIBRO5_1_, prestamoen0_.nombreUsuario as nombreUs4_1_ from Prestamo prestamoen0_ cross join Libro libroentit1_ where prestamoen0_.ID_LIBRO=libroentit1_.id and libroentit1_.isbn=?
2583 [Test worker] DEBUG org.hibernate.SQL  - select prestamoen0_.id as id1_1_, prestamoen0_.fechaEntregaMaxima as fechaEnt2_1_, prestamoen0_.fechaSolicitud as fechaSol3_1_, prestamoen0_.ID_LIBRO as ID_LIBRO5_1_, prestamoen0_.nombreUsuario as nombreUs4_1_ from Prestamo prestamoen0_ cross join Libro libroentit1_ where prestamoen0_.ID_LIBRO=libroentit1_.id and libroentit1_.isbn=?
Hibernate: select prestamoen0_.id as id1_1_, prestamoen0_.fechaEntregaMaxima as fechaEnt2_1_, prestamoen0_.fechaSolicitud as fechaSol3_1_, prestamoen0_.ID_LIBRO as ID_LIBRO5_1_, prestamoen0_.nombreUsuario as nombreUs4_1_ from Prestamo prestamoen0_ cross join Libro libroentit1_ where prestamoen0_.ID_LIBRO=libroentit1_.id and libroentit1_.isbn=?
2583 [Test worker] DEBUG org.hibernate.event.internal.AbstractFlushingEventListener  - Processing flush-time cascades
2583 [Test worker] DEBUG org.hibernate.event.internal.AbstractFlushingEventListener  - Processing flush-time cascades
2583 [Test worker] DEBUG org.hibernate.event.internal.AbstractFlushingEventListener  - Dirty checking collections
2583 [Test worker] DEBUG org.hibernate.event.internal.AbstractFlushingEventListener  - Dirty checking collections
2583 [Test worker] DEBUG org.hibernate.event.internal.AbstractFlushingEventListener  - Flushed: 0 insertions, 0 updates, 0 deletions to 1 objects
2583 [Test worker] DEBUG org.hibernate.event.internal.AbstractFlushingEventListener  - Flushed: 0 insertions, 0 updates, 0 deletions to 1 objects
2583 [Test worker] DEBUG org.hibernate.event.internal.AbstractFlushingEventListener  - Flushed: 0 (re)creations, 0 updates, 0 removals to 0 collections
2583 [Test worker] DEBUG org.hibernate.event.internal.AbstractFlushingEventListener  - Flushed: 0 (re)creations, 0 updates, 0 removals to 0 collections
2583 [Test worker] DEBUG org.hibernate.internal.util.EntityPrinter  - Listing entities:
2583 [Test worker] DEBUG org.hibernate.internal.util.EntityPrinter  - Listing entities:
2583 [Test worker] DEBUG org.hibernate.internal.util.EntityPrinter  - persistencia.entitad.LibroEntity{isbn=12421, titulo=Cronica de una muerta anunciada, id=1, anio=2010}
2583 [Test worker] DEBUG org.hibernate.internal.util.EntityPrinter  - persistencia.entitad.LibroEntity{isbn=12421, titulo=Cronica de una muerta anunciada, id=1, anio=2010}
2583 [Test worker] DEBUG org.hibernate.SQL  - select prestamoen0_.id as id1_1_, prestamoen0_.fechaEntregaMaxima as fechaEnt2_1_, prestamoen0_.fechaSolicitud as fechaSol3_1_, prestamoen0_.ID_LIBRO as ID_LIBRO5_1_, prestamoen0_.nombreUsuario as nombreUs4_1_ from Prestamo prestamoen0_ cross join Libro libroentit1_ where prestamoen0_.ID_LIBRO=libroentit1_.id and libroentit1_.isbn=?
2583 [Test worker] DEBUG org.hibernate.SQL  - select prestamoen0_.id as id1_1_, prestamoen0_.fechaEntregaMaxima as fechaEnt2_1_, prestamoen0_.fechaSolicitud as fechaSol3_1_, prestamoen0_.ID_LIBRO as ID_LIBRO5_1_, prestamoen0_.nombreUsuario as nombreUs4_1_ from Prestamo prestamoen0_ cross join Libro libroentit1_ where prestamoen0_.ID_LIBRO=libroentit1_.id and libroentit1_.isbn=?
Hibernate: select prestamoen0_.id as id1_1_, prestamoen0_.fechaEntregaMaxima as fechaEnt2_1_, prestamoen0_.fechaSolicitud as fechaSol3_1_, prestamoen0_.ID_LIBRO as ID_LIBRO5_1_, prestamoen0_.nombreUsuario as nombreUs4_1_ from Prestamo prestamoen0_ cross join Libro libroentit1_ where prestamoen0_.ID_LIBRO=libroentit1_.id and libroentit1_.isbn=?
2583 [Test worker] DEBUG org.hibernate.event.internal.AbstractFlushingEventListener  - Processing flush-time cascades
2583 [Test worker] DEBUG org.hibernate.event.internal.AbstractFlushingEventListener  - Processing flush-time cascades
2583 [Test worker] DEBUG org.hibernate.event.internal.AbstractFlushingEventListener  - Dirty checking collections
2583 [Test worker] DEBUG org.hibernate.event.internal.AbstractFlushingEventListener  - Dirty checking collections
2583 [Test worker] DEBUG org.hibernate.event.internal.AbstractFlushingEventListener  - Flushed: 0 insertions, 0 updates, 0 deletions to 1 objects
2583 [Test worker] DEBUG org.hibernate.event.internal.AbstractFlushingEventListener  - Flushed: 0 insertions, 0 updates, 0 deletions to 1 objects
2583 [Test worker] DEBUG org.hibernate.event.internal.AbstractFlushingEventListener  - Flushed: 0 (re)creations, 0 updates, 0 removals to 0 collections
2583 [Test worker] DEBUG org.hibernate.event.internal.AbstractFlushingEventListener  - Flushed: 0 (re)creations, 0 updates, 0 removals to 0 collections
2583 [Test worker] DEBUG org.hibernate.internal.util.EntityPrinter  - Listing entities:
2583 [Test worker] DEBUG org.hibernate.internal.util.EntityPrinter  - Listing entities:
2583 [Test worker] DEBUG org.hibernate.internal.util.EntityPrinter  - persistencia.entitad.LibroEntity{isbn=12421, titulo=Cronica de una muerta anunciada, id=1, anio=2010}
2583 [Test worker] DEBUG org.hibernate.internal.util.EntityPrinter  - persistencia.entitad.LibroEntity{isbn=12421, titulo=Cronica de una muerta anunciada, id=1, anio=2010}
2583 [Test worker] DEBUG org.hibernate.SQL  - select prestamoen0_.id as id1_1_, prestamoen0_.fechaEntregaMaxima as fechaEnt2_1_, prestamoen0_.fechaSolicitud as fechaSol3_1_, prestamoen0_.ID_LIBRO as ID_LIBRO5_1_, prestamoen0_.nombreUsuario as nombreUs4_1_ from Prestamo prestamoen0_ cross join Libro libroentit1_ where prestamoen0_.ID_LIBRO=libroentit1_.id and libroentit1_.isbn=?
2583 [Test worker] DEBUG org.hibernate.SQL  - select prestamoen0_.id as id1_1_, prestamoen0_.fechaEntregaMaxima as fechaEnt2_1_, prestamoen0_.fechaSolicitud as fechaSol3_1_, prestamoen0_.ID_LIBRO as ID_LIBRO5_1_, prestamoen0_.nombreUsuario as nombreUs4_1_ from Prestamo prestamoen0_ cross join Libro libroentit1_ where prestamoen0_.ID_LIBRO=libroentit1_.id and libroentit1_.isbn=?
Hibernate: select prestamoen0_.id as id1_1_, prestamoen0_.fechaEntregaMaxima as fechaEnt2_1_, prestamoen0_.fechaSolicitud as fechaSol3_1_, prestamoen0_.ID_LIBRO as ID_LIBRO5_1_, prestamoen0_.nombreUsuario as nombreUs4_1_ from Prestamo prestamoen0_ cross join Libro libroentit1_ where prestamoen0_.ID_LIBRO=libroentit1_.id and libroentit1_.isbn=?
2583 [Test worker] DEBUG org.hibernate.engine.transaction.internal.TransactionImpl  - committing
2583 [Test worker] DEBUG org.hibernate.engine.transaction.internal.TransactionImpl  - committing
2583 [Test worker] DEBUG org.hibernate.event.internal.AbstractFlushingEventListener  - Processing flush-time cascades
2583 [Test worker] DEBUG org.hibernate.event.internal.AbstractFlushingEventListener  - Processing flush-time cascades
2583 [Test worker] DEBUG org.hibernate.event.internal.AbstractFlushingEventListener  - Dirty checking collections
2583 [Test worker] DEBUG org.hibernate.event.internal.AbstractFlushingEventListener  - Dirty checking collections
2583 [Test worker] DEBUG org.hibernate.event.internal.AbstractFlushingEventListener  - Flushed: 0 insertions, 0 updates, 0 deletions to 1 objects
2583 [Test worker] DEBUG org.hibernate.event.internal.AbstractFlushingEventListener  - Flushed: 0 insertions, 0 updates, 0 deletions to 1 objects
2583 [Test worker] DEBUG org.hibernate.event.internal.AbstractFlushingEventListener  - Flushed: 0 (re)creations, 0 updates, 0 removals to 0 collections
2583 [Test worker] DEBUG org.hibernate.event.internal.AbstractFlushingEventListener  - Flushed: 0 (re)creations, 0 updates, 0 removals to 0 collections
2583 [Test worker] DEBUG org.hibernate.internal.util.EntityPrinter  - Listing entities:
2583 [Test worker] DEBUG org.hibernate.internal.util.EntityPrinter  - Listing entities:
2583 [Test worker] DEBUG org.hibernate.internal.util.EntityPrinter  - persistencia.entitad.LibroEntity{isbn=12421, titulo=Cronica de una muerta anunciada, id=1, anio=2010}
2583 [Test worker] DEBUG org.hibernate.internal.util.EntityPrinter  - persistencia.entitad.LibroEntity{isbn=12421, titulo=Cronica de una muerta anunciada, id=1, anio=2010}
2583 [Test worker] DEBUG org.hibernate.resource.jdbc.internal.LogicalConnectionManagedImpl  - Initiating JDBC connection release from afterTransaction
2583 [Test worker] DEBUG org.hibernate.resource.jdbc.internal.LogicalConnectionManagedImpl  - Initiating JDBC connection release from afterTransaction
2583 [Test worker] DEBUG org.hibernate.resource.jdbc.internal.LogicalConnectionManagedImpl  - Initiating JDBC connection release from afterTransaction
2583 [Test worker] DEBUG org.hibernate.resource.jdbc.internal.LogicalConnectionManagedImpl  - Initiating JDBC connection release from afterTransaction
]]></system-out>
  <system-err><![CDATA[log4j:WARN No appenders could be found for logger (org.jboss.logging).
log4j:WARN Please initialize the log4j system properly.
log4j:WARN See http://logging.apache.org/log4j/1.2/faq.html#noconfig for more info.
]]></system-err>
</testsuite>
