<?xml version="1.0" encoding="UTF-8"?>
<testsuite name="dominio.unitaria.UtilidadTest" tests="3" skipped="0" failures="0" errors="0" timestamp="2017-09-28T13:34:59" hostname="ANDRES-CARRASQUILLA" time="0.0">
  <properties/>
  <testcase name="sumarIntCadenaTest" classname="dominio.unitaria.UtilidadTest" time="0.0"/>
  <testcase name="verificarPalindromoTest" classname="dominio.unitaria.UtilidadTest" time="0.0"/>
  <testcase name="sumar15DiasSinDomingosTest" classname="dominio.unitaria.UtilidadTest" time="0.0"/>
  <system-out><![CDATA[]]></system-out>
  <system-err><![CDATA[]]></system-err>
</testsuite>
