<?xml version="1.0" encoding="UTF-8"?>
<testsuite name="dominio.unitaria.persistenciaTest" tests="1" skipped="0" failures="0" errors="0" timestamp="2017-09-28T18:42:28" hostname="ANDRES-CARRASQUILLA" time="0.052">
  <properties/>
  <testcase name="listarLibrosTest" classname="dominio.unitaria.persistenciaTest" time="0.052"/>
  <system-out><![CDATA[2017-09-28 13:42:28.134  INFO 2604 --- [    Test worker] o.hibernate.jpa.internal.util.LogHelper  : HHH000204: Processing PersistenceUnitInfo [
	name: biblioteca-pu-test
	...]
2017-09-28 13:42:28.137  WARN 2604 --- [    Test worker] org.hibernate.orm.connections            : HHH10001002: Using Hibernate built-in connection pool (not for production use!)
2017-09-28 13:42:28.137  INFO 2604 --- [    Test worker] org.hibernate.orm.connections            : HHH10001005: using driver [org.h2.Driver] at URL [jdbc:h2:mem:test]
2017-09-28 13:42:28.137  INFO 2604 --- [    Test worker] org.hibernate.orm.connections            : HHH10001001: Connection properties: {}
2017-09-28 13:42:28.138  INFO 2604 --- [    Test worker] org.hibernate.orm.connections            : HHH10001003: Autocommit mode: false
2017-09-28 13:42:28.138  INFO 2604 --- [    Test worker] .c.i.DriverManagerConnectionProviderImpl : HHH000115: Hibernate connection pool size: 20 (min=1)
2017-09-28 13:42:28.140  INFO 2604 --- [    Test worker] org.hibernate.dialect.Dialect            : HHH000400: Using dialect: org.hibernate.dialect.H2Dialect
2017-09-28 13:42:28.164  INFO 2604 --- [    Test worker] org.hibernate.tool.hbm2ddl.SchemaExport  : HHH000227: Running hbm2ddl schema export
Hibernate: drop table Libro if exists
Hibernate: drop table Prestamo if exists
Hibernate: drop sequence if exists hibernate_sequence
Hibernate: create sequence hibernate_sequence start with 1 increment by 1
Hibernate: create table Libro (id bigint not null, anio integer not null, isbn varchar(255) not null, titulo varchar(255) not null, primary key (id))
Hibernate: create table Prestamo (id bigint not null, fechaEntregaMaxima timestamp, fechaSolicitud timestamp, nombreUsuario varchar(255), ID_LIBRO bigint, primary key (id))
Hibernate: alter table Prestamo add constraint FKebssys3uu8dj3dxjok5epcvi0 foreign key (ID_LIBRO) references Libro
2017-09-28 13:42:28.167  INFO 2604 --- [    Test worker] org.hibernate.tool.hbm2ddl.SchemaExport  : HHH000230: Schema export complete
2017-09-28 13:42:28.169  INFO 2604 --- [    Test worker] o.h.h.i.QueryTranslatorFactoryInitiator  : HHH000397: Using ASTQueryTranslatorFactory
2017-09-28 13:42:28.174  WARN 2604 --- [    Test worker] o.h.j.i.EntityManagerFactoryRegistry     : HHH000436: Entity manager factory name (biblioteca-pu-test) is already registered.  If entity manager will be clustered or passivated, specify a unique value for property 'hibernate.ejb.entitymanager_factory_name'
Hibernate: call next value for hibernate_sequence
Hibernate: call next value for hibernate_sequence
Hibernate: insert into Libro (anio, isbn, titulo, id) values (?, ?, ?, ?)
Hibernate: insert into Libro (anio, isbn, titulo, id) values (?, ?, ?, ?)
Hibernate: select libroentit0_.id as id1_0_, libroentit0_.anio as anio2_0_, libroentit0_.isbn as isbn3_0_, libroentit0_.titulo as titulo4_0_ from Libro libroentit0_
Hibernate: call next value for hibernate_sequence
Hibernate: insert into Libro (anio, isbn, titulo, id) values (?, ?, ?, ?)
Hibernate: select libroentit0_.id as id1_0_, libroentit0_.anio as anio2_0_, libroentit0_.isbn as isbn3_0_, libroentit0_.titulo as titulo4_0_ from Libro libroentit0_
]]></system-out>
  <system-err><![CDATA[]]></system-err>
</testsuite>
